<?xml version="1.0" encoding="UTF-8"?>
<testsuite name="com.jbilling.test.TestUserCanPayInvoiceOnGeneratedInvoice" tests="1" skipped="0" failures="1" errors="0" timestamp="2016-08-08T10:51:25" hostname="Shashank-PC" time="54.17">
  <properties/>
  <testcase name="testUserCanPayInvoiceOnGeneratedInvoice" classname="com.jbilling.test.TestUserCanPayInvoiceOnGeneratedInvoice" time="54.17">
    <failure message="org.openqa.selenium.StaleElementReferenceException: Element not found in the cache - perhaps the page has changed since it was looked up&#10;Command duration or timeout: 30.07 seconds&#10;For documentation on this error, please visit: http://seleniumhq.org/exceptions/stale_element_reference.html&#10;Build info: version: '2.53.0', revision: '35ae25b1534ae328c771e0856c93e187490ca824', time: '2016-03-15 10:43:46'&#10;System info: host: 'Shashank-PC', ip: '192.168.3.86', os.name: 'Windows 7', os.arch: 'amd64', os.version: '6.1', java.version: '1.8.0_73'&#10;Driver info: org.openqa.selenium.firefox.FirefoxDriver&#10;Capabilities [{applicationCacheEnabled=true, rotatable=false, handlesAlerts=true, databaseEnabled=true, version=32.0.2, platform=WINDOWS, nativeEvents=false, acceptSslCerts=true, webStorageEnabled=true, locationContextEnabled=true, browserName=firefox, takesScreenshot=true, javascriptEnabled=true, cssSelectorsEnabled=true}]&#10;Session ID: 9a11a225-2367-46da-b78f-0ff2c09b3608" type="org.openqa.selenium.StaleElementReferenceException">org.openqa.selenium.StaleElementReferenceException: Element not found in the cache - perhaps the page has changed since it was looked up
Command duration or timeout: 30.07 seconds
For documentation on this error, please visit: http://seleniumhq.org/exceptions/stale_element_reference.html
Build info: version: '2.53.0', revision: '35ae25b1534ae328c771e0856c93e187490ca824', time: '2016-03-15 10:43:46'
System info: host: 'Shashank-PC', ip: '192.168.3.86', os.name: 'Windows 7', os.arch: 'amd64', os.version: '6.1', java.version: '1.8.0_73'
Driver info: org.openqa.selenium.firefox.FirefoxDriver
Capabilities [{applicationCacheEnabled=true, rotatable=false, handlesAlerts=true, databaseEnabled=true, version=32.0.2, platform=WINDOWS, nativeEvents=false, acceptSslCerts=true, webStorageEnabled=true, locationContextEnabled=true, browserName=firefox, takesScreenshot=true, javascriptEnabled=true, cssSelectorsEnabled=true}]
Session ID: 9a11a225-2367-46da-b78f-0ff2c09b3608
	at sun.reflect.NativeConstructorAccessorImpl.newInstance0(Native Method)
	at sun.reflect.NativeConstructorAccessorImpl.newInstance(NativeConstructorAccessorImpl.java:62)
	at sun.reflect.DelegatingConstructorAccessorImpl.newInstance(DelegatingConstructorAccessorImpl.java:45)
	at java.lang.reflect.Constructor.newInstance(Constructor.java:422)
	at org.openqa.selenium.remote.ErrorHandler.createThrowable(ErrorHandler.java:206)
	at org.openqa.selenium.remote.ErrorHandler.throwIfResponseFailed(ErrorHandler.java:158)
	at org.openqa.selenium.remote.RemoteWebDriver.execute(RemoteWebDriver.java:678)
	at org.openqa.selenium.remote.RemoteWebElement.execute(RemoteWebElement.java:327)
	at org.openqa.selenium.remote.RemoteWebElement.isDisplayed(RemoteWebElement.java:368)
	at org.openqa.selenium.support.ui.ExpectedConditions.elementIfVisible(ExpectedConditions.java:302)
	at org.openqa.selenium.support.ui.ExpectedConditions.access$100(ExpectedConditions.java:41)
	at org.openqa.selenium.support.ui.ExpectedConditions$10.apply(ExpectedConditions.java:288)
	at org.openqa.selenium.support.ui.ExpectedConditions$10.apply(ExpectedConditions.java:285)
	at org.openqa.selenium.support.ui.FluentWait.until(FluentWait.java:238)
	at com.jbilling.framework.interfaces.impl.selenium.BrowserSelenium._waitForAjaxElementVisibilityAndEnabled(BrowserSelenium.java:402)
	at com.jbilling.framework.interfaces.impl.selenium.BrowserSelenium._waitForAjaxElementVisibilityAndEnabled(BrowserSelenium.java:424)
	at com.jbilling.framework.interfaces.impl.selenium.BrowserSelenium.waitForElement(BrowserSelenium.java:968)
	at com.jbilling.framework.interfaces.impl.selenium.BrowserSelenium._waitForElement(BrowserSelenium.java:430)
	at com.jbilling.framework.interfaces.impl.selenium.BrowserSelenium.verifyUIComponent(BrowserSelenium.java:1015)
	at com.jbilling.framework.pageclasses.OrdersPage.verifyUIComponent(OrdersPage.java:721)
	at com.jbilling.test.TestUserCanPayInvoiceOnGeneratedInvoice.testUserCanPayInvoiceOnGeneratedInvoice(TestUserCanPayInvoiceOnGeneratedInvoice.java:42)
	at sun.reflect.NativeMethodAccessorImpl.invoke0(Native Method)
	at sun.reflect.NativeMethodAccessorImpl.invoke(NativeMethodAccessorImpl.java:62)
	at sun.reflect.DelegatingMethodAccessorImpl.invoke(DelegatingMethodAccessorImpl.java:43)
	at java.lang.reflect.Method.invoke(Method.java:497)
	at org.testng.internal.MethodInvocationHelper.invokeMethod(MethodInvocationHelper.java:86)
	at org.testng.internal.Invoker.invokeMethod(Invoker.java:643)
	at org.testng.internal.Invoker.invokeTestMethod(Invoker.java:820)
	at org.testng.internal.Invoker.invokeTestMethods(Invoker.java:1128)
	at org.testng.internal.TestMethodWorker.invokeTestMethods(TestMethodWorker.java:129)
	at org.testng.internal.TestMethodWorker.run(TestMethodWorker.java:112)
	at org.testng.TestRunner.privateRun(TestRunner.java:782)
	at org.testng.TestRunner.run(TestRunner.java:632)
	at org.testng.SuiteRunner.runTest(SuiteRunner.java:366)
	at org.testng.SuiteRunner.runSequentially(SuiteRunner.java:361)
	at org.testng.SuiteRunner.privateRun(SuiteRunner.java:319)
	at org.testng.SuiteRunner.run(SuiteRunner.java:268)
	at org.testng.SuiteRunnerWorker.runSuite(SuiteRunnerWorker.java:52)
	at org.testng.SuiteRunnerWorker.run(SuiteRunnerWorker.java:86)
	at org.testng.TestNG.runSuitesSequentially(TestNG.java:1244)
	at org.testng.TestNG.runSuitesLocally(TestNG.java:1169)
	at org.testng.TestNG.run(TestNG.java:1064)
	at org.gradle.api.internal.tasks.testing.testng.TestNGTestClassProcessor.runTests(TestNGTestClassProcessor.java:133)
	at org.gradle.api.internal.tasks.testing.testng.TestNGTestClassProcessor.stop(TestNGTestClassProcessor.java:83)
	at org.gradle.api.internal.tasks.testing.SuiteTestClassProcessor.stop(SuiteTestClassProcessor.java:61)
	at sun.reflect.NativeMethodAccessorImpl.invoke0(Native Method)
	at sun.reflect.NativeMethodAccessorImpl.invoke(NativeMethodAccessorImpl.java:62)
	at sun.reflect.DelegatingMethodAccessorImpl.invoke(DelegatingMethodAccessorImpl.java:43)
	at java.lang.reflect.Method.invoke(Method.java:497)
	at org.gradle.messaging.dispatch.ReflectionDispatch.dispatch(ReflectionDispatch.java:35)
	at org.gradle.messaging.dispatch.ReflectionDispatch.dispatch(ReflectionDispatch.java:24)
	at org.gradle.messaging.dispatch.ContextClassLoaderDispatch.dispatch(ContextClassLoaderDispatch.java:32)
	at org.gradle.messaging.dispatch.ProxyDispatchAdapter$DispatchingInvocationHandler.invoke(ProxyDispatchAdapter.java:93)
	at com.sun.proxy.$Proxy2.stop(Unknown Source)
	at org.gradle.api.internal.tasks.testing.worker.TestWorker.stop(TestWorker.java:120)
	at sun.reflect.NativeMethodAccessorImpl.invoke0(Native Method)
	at sun.reflect.NativeMethodAccessorImpl.invoke(NativeMethodAccessorImpl.java:62)
	at sun.reflect.DelegatingMethodAccessorImpl.invoke(DelegatingMethodAccessorImpl.java:43)
	at java.lang.reflect.Method.invoke(Method.java:497)
	at org.gradle.messaging.dispatch.ReflectionDispatch.dispatch(ReflectionDispatch.java:35)
	at org.gradle.messaging.dispatch.ReflectionDispatch.dispatch(ReflectionDispatch.java:24)
	at org.gradle.messaging.remote.internal.hub.MessageHub$Handler.run(MessageHub.java:364)
	at org.gradle.internal.concurrent.ExecutorPolicy$CatchAndRecordFailures.onExecute(ExecutorPolicy.java:54)
	at org.gradle.internal.concurrent.StoppableExecutorImpl$1.run(StoppableExecutorImpl.java:40)
	at java.util.concurrent.ThreadPoolExecutor.runWorker(ThreadPoolExecutor.java:1142)
	at java.util.concurrent.ThreadPoolExecutor$Worker.run(ThreadPoolExecutor.java:617)
	at java.lang.Thread.run(Thread.java:745)
Caused by: org.openqa.selenium.StaleElementReferenceException: Element not found in the cache - perhaps the page has changed since it was looked up
For documentation on this error, please visit: http://seleniumhq.org/exceptions/stale_element_reference.html
Build info: version: '2.53.0', revision: '35ae25b1534ae328c771e0856c93e187490ca824', time: '2016-03-15 10:43:46'
System info: host: 'Shashank-PC', ip: '192.168.3.86', os.name: 'Windows 7', os.arch: 'amd64', os.version: '6.1', java.version: '1.8.0_73'
Driver info: driver.version: unknown
	at &lt;anonymous class&gt;.fxdriver.cache.getElementAt(resource://fxdriver/modules/web-element-cache.js:9454)
	at &lt;anonymous class&gt;.Utils.getElementAt(file:///C:/Users/Shashank/AppData/Local/Temp/anonymous1525106253079567456webdriver-profile/extensions/fxdriver@googlecode.com/components/command-processor.js:9039)
	at &lt;anonymous class&gt;.WebElement.isElementDisplayed(file:///C:/Users/Shashank/AppData/Local/Temp/anonymous1525106253079567456webdriver-profile/extensions/fxdriver@googlecode.com/components/command-processor.js:12189)
	at &lt;anonymous class&gt;.DelayedCommand.prototype.executeInternal_/h(file:///C:/Users/Shashank/AppData/Local/Temp/anonymous1525106253079567456webdriver-profile/extensions/fxdriver@googlecode.com/components/command-processor.js:12661)
	at &lt;anonymous class&gt;.fxdriver.Timer.prototype.setTimeout/&lt;.notify(file:///C:/Users/Shashank/AppData/Local/Temp/anonymous1525106253079567456webdriver-profile/extensions/fxdriver@googlecode.com/components/command-processor.js:625)
</failure>
  </testcase>
  <system-out><![CDATA[16:21:25,518 INFO  [TestUserCanPayInvoiceOnGeneratedInvoice] ENTER --> (testUserCanPayInvoiceOnGeneratedInvoice)
16:21:25,518 INFO  [BrowserSelenium] ENTER --> (clickLinkText)
16:21:25,518 INFO  [BrowserSelenium] ENTER --> (_waitForElement) --> Waiting for element: null
16:21:25,518 INFO  [BrowserSelenium] ENTER --> (waitForElement)
16:21:33,213 INFO  [BrowserSelenium] ENTER --> (_getByLocator)
16:21:33,213 INFO  [BrowserSelenium] (_getByLocator) -> Getting locator for null
16:21:33,213 INFO  [BrowserSelenium] (_getByLocator) -> Locator info found for XPATH attribute as: //span[text()='Invoices']
16:21:33,213 INFO  [BrowserSelenium] ENTER --> (_parseElementOnXpath)
16:21:33,213 INFO  [BrowserSelenium] (_parseElementOnXpath) -> //span[text()='Invoices'] is used
16:21:33,213 INFO  [BrowserSelenium] EXIT --> (_parseElementOnXpath)
16:21:33,213 INFO  [BrowserSelenium] EXIT --> (_getByLocator)
16:21:33,233 INFO  [BrowserSelenium] ENTER --> (_getByLocator)
16:21:33,233 INFO  [BrowserSelenium] (_getByLocator) -> Getting locator for null
16:21:33,233 INFO  [BrowserSelenium] (_getByLocator) -> Locator info found for XPATH attribute as: //span[text()='Invoices']
16:21:33,233 INFO  [BrowserSelenium] ENTER --> (_parseElementOnXpath)
16:21:33,233 INFO  [BrowserSelenium] (_parseElementOnXpath) -> //span[text()='Invoices'] is used
16:21:33,233 INFO  [BrowserSelenium] EXIT --> (_parseElementOnXpath)
16:21:33,233 INFO  [BrowserSelenium] EXIT --> (_getByLocator)
16:21:33,283 INFO  [BrowserSelenium] (waitForElement) -> element wait eligibility found: true
16:21:33,283 INFO  [BrowserSelenium] ENTER --> (_waitForJStoLoad)
16:21:33,313 INFO  [BrowserSelenium] EXIT --> (_waitForJStoLoad) --> DOM load wait done: true
16:21:33,313 INFO  [BrowserSelenium] (waitForElement) -> element wait eligibility set: true
16:21:33,313 INFO  [BrowserSelenium] EXIT --> (waitForElement)
16:21:33,313 INFO  [BrowserSelenium] EXIT --> (_waitForElement)
16:21:33,323 INFO  [BrowserSelenium] ENTER --> (_getByLocator)
16:21:33,323 INFO  [BrowserSelenium] (_getByLocator) -> Getting locator for null
16:21:33,323 INFO  [BrowserSelenium] (_getByLocator) -> Locator info found for XPATH attribute as: //span[text()='Invoices']
16:21:33,323 INFO  [BrowserSelenium] ENTER --> (_parseElementOnXpath)
16:21:33,323 INFO  [BrowserSelenium] (_parseElementOnXpath) -> //span[text()='Invoices'] is used
16:21:33,323 INFO  [BrowserSelenium] EXIT --> (_parseElementOnXpath)
16:21:33,323 INFO  [BrowserSelenium] EXIT --> (_getByLocator)
16:21:33,333 INFO  [BrowserSelenium] ENTER --> (_clickUsingJavaScript)
16:21:33,353 INFO  [BrowserSelenium] EXIT --> (_clickUsingJavaScript)
16:21:33,353 INFO  [BrowserSelenium] EXIT --> (clickLinkText)
16:21:33,353 INFO  [BrowserSelenium] ENTER --> (initElements)
16:21:33,353 INFO  [BrowserSelenium] (initElements) -> ID set to field: 
16:21:33,353 INFO  [BrowserSelenium] (initElements) -> Name set to field: 
16:21:33,353 INFO  [BrowserSelenium] (initElements) -> CSS set to field: 
16:21:33,353 INFO  [BrowserSelenium] (initElements) -> XPath set to field: //div[@class='btn-box']/a/span
16:21:33,353 INFO  [BrowserSelenium] (initElements) -> ID set to field: 
16:21:33,353 INFO  [BrowserSelenium] (initElements) -> Name set to field: 
16:21:33,353 INFO  [BrowserSelenium] (initElements) -> CSS set to field: 
16:21:33,353 INFO  [BrowserSelenium] (initElements) -> XPath set to field: //span[text()='Add Sub-Account']
16:21:33,353 INFO  [BrowserSelenium] (initElements) -> ID set to field: 
16:21:33,353 INFO  [BrowserSelenium] (initElements) -> Name set to field: 
16:21:33,353 INFO  [BrowserSelenium] (initElements) -> CSS set to field: 
16:21:33,353 INFO  [BrowserSelenium] (initElements) -> XPath set to field: //span[text()='Yes']
16:21:33,353 INFO  [BrowserSelenium] (initElements) -> ID set to field: 
16:21:33,353 INFO  [BrowserSelenium] (initElements) -> Name set to field: 
16:21:33,353 INFO  [BrowserSelenium] (initElements) -> CSS set to field: 
16:21:33,353 INFO  [BrowserSelenium] (initElements) -> XPath set to field: //table[@id='invoices']/tbody/tr/td[2]/a/strong
16:21:33,353 INFO  [BrowserSelenium] (initElements) -> ID set to field: 
16:21:33,353 INFO  [BrowserSelenium] (initElements) -> Name set to field: 
16:21:33,353 INFO  [BrowserSelenium] (initElements) -> CSS set to field: 
16:21:33,353 INFO  [BrowserSelenium] (initElements) -> XPath set to field: //div[@class = 'btn-box']/div/a/span
16:21:33,353 INFO  [BrowserSelenium] (initElements) -> ID set to field: 
16:21:33,353 INFO  [BrowserSelenium] (initElements) -> Name set to field: 
16:21:33,353 INFO  [BrowserSelenium] (initElements) -> CSS set to field: 
16:21:33,353 INFO  [BrowserSelenium] (initElements) -> XPath set to field: //div[@id='payments']/div[2]/table/tbody//input[@class='paymentRadio']
16:21:33,353 INFO  [BrowserSelenium] (initElements) -> ID set to field: 
16:21:33,353 INFO  [BrowserSelenium] (initElements) -> Name set to field: 
16:21:33,353 INFO  [BrowserSelenium] (initElements) -> CSS set to field: 
16:21:33,353 INFO  [BrowserSelenium] (initElements) -> XPath set to field: //input[@id = 'payment_amountAsDecimal']
16:21:33,353 INFO  [BrowserSelenium] (initElements) -> ID set to field: 
16:21:33,353 INFO  [BrowserSelenium] (initElements) -> Name set to field: 
16:21:33,353 INFO  [BrowserSelenium] (initElements) -> CSS set to field: 
16:21:33,353 INFO  [BrowserSelenium] (initElements) -> XPath set to field: //div[@id = 'payment-method-fields-0']/div/div/input
16:21:33,353 INFO  [BrowserSelenium] (initElements) -> ID set to field: 
16:21:33,353 INFO  [BrowserSelenium] (initElements) -> Name set to field: 
16:21:33,353 INFO  [BrowserSelenium] (initElements) -> CSS set to field: 
16:21:33,353 INFO  [BrowserSelenium] (initElements) -> XPath set to field: //div[@id = 'payment-method-fields-0']/div[2]/div/input
16:21:33,353 INFO  [BrowserSelenium] (initElements) -> ID set to field: 
16:21:33,353 INFO  [BrowserSelenium] (initElements) -> Name set to field: 
16:21:33,363 INFO  [BrowserSelenium] (initElements) -> CSS set to field: 
16:21:33,363 INFO  [BrowserSelenium] (initElements) -> XPath set to field: //div[@id = 'payment-method-fields-0']/div[3]/div/input
16:21:33,363 INFO  [BrowserSelenium] (initElements) -> ID set to field: 
16:21:33,363 INFO  [BrowserSelenium] (initElements) -> Name set to field: 
16:21:33,363 INFO  [BrowserSelenium] (initElements) -> CSS set to field: 
16:21:33,363 INFO  [BrowserSelenium] (initElements) -> XPath set to field: //strong[contains(text(), '17')]
16:21:33,363 INFO  [BrowserSelenium] (initElements) -> ID set to field: 
16:21:33,363 INFO  [BrowserSelenium] (initElements) -> Name set to field: 
16:21:33,363 INFO  [BrowserSelenium] (initElements) -> CSS set to field: 
16:21:33,363 INFO  [BrowserSelenium] (initElements) -> XPath set to field: //input[@id = 'paymentMethod_0.processingOrder']
16:21:33,363 INFO  [BrowserSelenium] (initElements) -> ID set to field: 
16:21:33,363 INFO  [BrowserSelenium] (initElements) -> Name set to field: 
16:21:33,363 INFO  [BrowserSelenium] (initElements) -> CSS set to field: 
16:21:33,363 INFO  [BrowserSelenium] (initElements) -> XPath set to field: //div[@class = 'buttons']/ul/li/a/span
16:21:33,363 INFO  [BrowserSelenium] (initElements) -> ID set to field: 
16:21:33,363 INFO  [BrowserSelenium] (initElements) -> Name set to field: 
16:21:33,363 INFO  [BrowserSelenium] (initElements) -> CSS set to field: 
16:21:33,363 INFO  [BrowserSelenium] (initElements) -> XPath set to field: //div[@class = 'buttons']/ul/li/a/span
16:21:33,363 INFO  [BrowserSelenium] (initElements) -> ID set to field: 
16:21:33,363 INFO  [BrowserSelenium] (initElements) -> Name set to field: 
16:21:33,363 INFO  [BrowserSelenium] (initElements) -> CSS set to field: 
16:21:33,363 INFO  [BrowserSelenium] (initElements) -> XPath set to field: //div[@class = 'msg-box info']
16:21:33,363 INFO  [BrowserSelenium] (initElements) -> ID set to field: 
16:21:33,363 INFO  [BrowserSelenium] (initElements) -> Name set to field: 
16:21:33,363 INFO  [BrowserSelenium] (initElements) -> CSS set to field: 
16:21:33,363 INFO  [BrowserSelenium] (initElements) -> XPath set to field: //table[@class = 'dataTable']/tbody/tr[3]/td[2]
16:21:33,363 INFO  [BrowserSelenium] (initElements) -> ID set to field: 
16:21:33,363 INFO  [BrowserSelenium] (initElements) -> Name set to field: 
16:21:33,363 INFO  [BrowserSelenium] (initElements) -> CSS set to field: 
16:21:33,363 INFO  [BrowserSelenium] (initElements) -> XPath set to field: //div[@class='row']/a[contains(@href,'downloadPdf')]
16:21:33,363 INFO  [BrowserSelenium] (initElements) -> ID set to field: 
16:21:33,363 INFO  [BrowserSelenium] (initElements) -> Name set to field: 
16:21:33,363 INFO  [BrowserSelenium] (initElements) -> CSS set to field: 
16:21:33,363 INFO  [BrowserSelenium] (initElements) -> XPath set to field: //select[@id='paymentMethod_0.paymentMethodTypeId']
16:21:33,363 INFO  [BrowserSelenium] (initElements) -> ID set to field: 
16:21:33,363 INFO  [BrowserSelenium] (initElements) -> Name set to field: 
16:21:33,363 INFO  [BrowserSelenium] (initElements) -> CSS set to field: 
16:21:33,363 INFO  [BrowserSelenium] (initElements) -> XPath set to field: //input[@id='payment_amountAsDecimal']
16:21:33,363 INFO  [BrowserSelenium] EXIT --> (initElements)
16:21:33,363 INFO  [InvoicePage] ENTER --> (payInvoice)
16:21:33,373 INFO  [DomParser] (<init>) -> Root element :testdata
16:21:33,373 INFO  [DomParser] ENTER --> (getTestDataSetNodesWithValues)
16:21:33,373 INFO  [DomParser] (getNodes) -> Nodes found with testdataset = 1
16:21:33,373 INFO  [DomParser] (getTestDataSetNodesList) -> Checking node [testdataset] at index 0
16:21:33,373 INFO  [DomParser] (getTestDataSetNodesList) -> develop|lab3 -- payInvoice -- aa
16:21:33,373 INFO  [DomParser] (getTestDataSetNodesWithValues) -> 15
16:21:33,373 INFO  [DomParser] (getTestDataSetNodesWithValues) -> text node found; skipping this node
16:21:33,373 INFO  [DomParser] (getTestDataSetNodesWithValues) -> rowText <<---->>  17 <<---->> 1
16:21:33,373 INFO  [DomParser] (getTestDataSetNodesWithValues) -> text node found; skipping this node
16:21:33,373 INFO  [DomParser] (getTestDataSetNodesWithValues) -> amount <<---->>  5.00 <<---->> 1
16:21:33,373 INFO  [DomParser] (getTestDataSetNodesWithValues) -> text node found; skipping this node
16:21:33,373 INFO  [DomParser] (getTestDataSetNodesWithValues) -> name <<---->>  Ashish <<---->> 1
16:21:33,383 INFO  [DomParser] (getTestDataSetNodesWithValues) -> text node found; skipping this node
16:21:33,383 INFO  [DomParser] (getTestDataSetNodesWithValues) -> number <<---->>  4111111111111152 <<---->> 1
16:21:33,383 INFO  [DomParser] (getTestDataSetNodesWithValues) -> text node found; skipping this node
16:21:33,383 INFO  [DomParser] (getTestDataSetNodesWithValues) -> date <<---->>  12/2020 <<---->> 1
16:21:33,383 INFO  [DomParser] (getTestDataSetNodesWithValues) -> text node found; skipping this node
16:21:33,383 INFO  [DomParser] (getTestDataSetNodesWithValues) -> order <<---->>  2{RANDOMNUM} <<---->> 1
16:21:33,383 INFO  [DomParser] (getTestDataSetNodesWithValues) -> text node found; skipping this node
16:21:33,383 INFO  [DomParser] (getTestDataSetNodesWithValues) -> smname <<---->>  TestCustomer3CFNCV <<---->> 1
16:21:33,383 INFO  [DomParser] (getTestDataSetNodesWithValues) -> text node found; skipping this node
16:21:33,383 INFO  [DomParser] EXIT --> (getTestDataSetNodesWithValues)
16:21:33,383 INFO  [DomParser] (<init>) -> Root element :testdata
16:21:33,383 INFO  [DomParser] ENTER --> (getTestDataSetNodesWithValues)
16:21:33,383 INFO  [DomParser] (getNodes) -> Nodes found with testdataset = 1
16:21:33,383 INFO  [DomParser] (getTestDataSetNodesList) -> Checking node [testdataset] at index 0
16:21:33,383 INFO  [DomParser] (getTestDataSetNodesList) -> develop|lab3 -- payInvoice -- aa
16:21:33,383 INFO  [DomParser] (getTestDataSetNodesWithValues) -> 15
16:21:33,383 INFO  [DomParser] (getTestDataSetNodesWithValues) -> text node found; skipping this node
16:21:33,383 INFO  [DomParser] (getTestDataSetNodesWithValues) -> rowText <<---->>  17 <<---->> 1
16:21:33,383 INFO  [DomParser] (getTestDataSetNodesWithValues) -> text node found; skipping this node
16:21:33,383 INFO  [DomParser] (getTestDataSetNodesWithValues) -> amount <<---->>  5.00 <<---->> 1
16:21:33,383 INFO  [DomParser] (getTestDataSetNodesWithValues) -> text node found; skipping this node
16:21:33,383 INFO  [DomParser] (getTestDataSetNodesWithValues) -> name <<---->>  Ashish <<---->> 1
16:21:33,383 INFO  [DomParser] (getTestDataSetNodesWithValues) -> text node found; skipping this node
16:21:33,383 INFO  [DomParser] (getTestDataSetNodesWithValues) -> number <<---->>  4111111111111152 <<---->> 1
16:21:33,383 INFO  [DomParser] (getTestDataSetNodesWithValues) -> text node found; skipping this node
16:21:33,383 INFO  [DomParser] (getTestDataSetNodesWithValues) -> date <<---->>  12/2020 <<---->> 1
16:21:33,383 INFO  [DomParser] (getTestDataSetNodesWithValues) -> text node found; skipping this node
16:21:33,383 INFO  [DomParser] (getTestDataSetNodesWithValues) -> order <<---->>  2{RANDOMNUM} <<---->> 1
16:21:33,383 INFO  [DomParser] (getTestDataSetNodesWithValues) -> text node found; skipping this node
16:21:33,383 INFO  [DomParser] (getTestDataSetNodesWithValues) -> smname <<---->>  TestCustomer3CFNCV <<---->> 1
16:21:33,383 INFO  [DomParser] (getTestDataSetNodesWithValues) -> text node found; skipping this node
16:21:33,383 INFO  [DomParser] EXIT --> (getTestDataSetNodesWithValues)
16:21:33,393 INFO  [DomParser] (<init>) -> Root element :testdata
16:21:33,393 INFO  [DomParser] ENTER --> (getTestDataSetNodesWithValues)
16:21:33,393 INFO  [DomParser] (getNodes) -> Nodes found with testdataset = 1
16:21:33,393 INFO  [DomParser] (getTestDataSetNodesList) -> Checking node [testdataset] at index 0
16:21:33,393 INFO  [DomParser] (getTestDataSetNodesList) -> develop|lab3 -- payInvoice -- aa
16:21:33,393 INFO  [DomParser] (getTestDataSetNodesWithValues) -> 15
16:21:33,393 INFO  [DomParser] (getTestDataSetNodesWithValues) -> text node found; skipping this node
16:21:33,393 INFO  [DomParser] (getTestDataSetNodesWithValues) -> rowText <<---->>  17 <<---->> 1
16:21:33,393 INFO  [DomParser] (getTestDataSetNodesWithValues) -> text node found; skipping this node
16:21:33,393 INFO  [DomParser] (getTestDataSetNodesWithValues) -> amount <<---->>  5.00 <<---->> 1
16:21:33,393 INFO  [DomParser] (getTestDataSetNodesWithValues) -> text node found; skipping this node
16:21:33,393 INFO  [DomParser] (getTestDataSetNodesWithValues) -> name <<---->>  Ashish <<---->> 1
16:21:33,393 INFO  [DomParser] (getTestDataSetNodesWithValues) -> text node found; skipping this node
16:21:33,393 INFO  [DomParser] (getTestDataSetNodesWithValues) -> number <<---->>  4111111111111152 <<---->> 1
16:21:33,393 INFO  [DomParser] (getTestDataSetNodesWithValues) -> text node found; skipping this node
16:21:33,393 INFO  [DomParser] (getTestDataSetNodesWithValues) -> date <<---->>  12/2020 <<---->> 1
16:21:33,393 INFO  [DomParser] (getTestDataSetNodesWithValues) -> text node found; skipping this node
16:21:33,393 INFO  [DomParser] (getTestDataSetNodesWithValues) -> order <<---->>  2{RANDOMNUM} <<---->> 1
16:21:33,393 INFO  [DomParser] (getTestDataSetNodesWithValues) -> text node found; skipping this node
16:21:33,393 INFO  [DomParser] (getTestDataSetNodesWithValues) -> smname <<---->>  TestCustomer3CFNCV <<---->> 1
16:21:33,393 INFO  [DomParser] (getTestDataSetNodesWithValues) -> text node found; skipping this node
16:21:33,393 INFO  [DomParser] EXIT --> (getTestDataSetNodesWithValues)
16:21:33,393 INFO  [DomParser] (<init>) -> Root element :testdata
16:21:33,393 INFO  [DomParser] ENTER --> (getTestDataSetNodesWithValues)
16:21:33,393 INFO  [DomParser] (getNodes) -> Nodes found with testdataset = 1
16:21:33,393 INFO  [DomParser] (getTestDataSetNodesList) -> Checking node [testdataset] at index 0
16:21:33,393 INFO  [DomParser] (getTestDataSetNodesList) -> develop|lab3 -- payInvoice -- aa
16:21:33,393 INFO  [DomParser] (getTestDataSetNodesWithValues) -> 15
16:21:33,393 INFO  [DomParser] (getTestDataSetNodesWithValues) -> text node found; skipping this node
16:21:33,393 INFO  [DomParser] (getTestDataSetNodesWithValues) -> rowText <<---->>  17 <<---->> 1
16:21:33,393 INFO  [DomParser] (getTestDataSetNodesWithValues) -> text node found; skipping this node
16:21:33,393 INFO  [DomParser] (getTestDataSetNodesWithValues) -> amount <<---->>  5.00 <<---->> 1
16:21:33,393 INFO  [DomParser] (getTestDataSetNodesWithValues) -> text node found; skipping this node
16:21:33,393 INFO  [DomParser] (getTestDataSetNodesWithValues) -> name <<---->>  Ashish <<---->> 1
16:21:33,393 INFO  [DomParser] (getTestDataSetNodesWithValues) -> text node found; skipping this node
16:21:33,393 INFO  [DomParser] (getTestDataSetNodesWithValues) -> number <<---->>  4111111111111152 <<---->> 1
16:21:33,393 INFO  [DomParser] (getTestDataSetNodesWithValues) -> text node found; skipping this node
16:21:33,393 INFO  [DomParser] (getTestDataSetNodesWithValues) -> date <<---->>  12/2020 <<---->> 1
16:21:33,393 INFO  [DomParser] (getTestDataSetNodesWithValues) -> text node found; skipping this node
16:21:33,393 INFO  [DomParser] (getTestDataSetNodesWithValues) -> order <<---->>  2{RANDOMNUM} <<---->> 1
16:21:33,403 INFO  [DomParser] (getTestDataSetNodesWithValues) -> text node found; skipping this node
16:21:33,403 INFO  [DomParser] (getTestDataSetNodesWithValues) -> smname <<---->>  TestCustomer3CFNCV <<---->> 1
16:21:33,403 INFO  [DomParser] (getTestDataSetNodesWithValues) -> text node found; skipping this node
16:21:33,403 INFO  [DomParser] EXIT --> (getTestDataSetNodesWithValues)
16:21:33,403 INFO  [DomParser] (<init>) -> Root element :testdata
16:21:33,403 INFO  [DomParser] ENTER --> (getTestDataSetNodesWithValues)
16:21:33,403 INFO  [DomParser] (getNodes) -> Nodes found with testdataset = 1
16:21:33,403 INFO  [DomParser] (getTestDataSetNodesList) -> Checking node [testdataset] at index 0
16:21:33,403 INFO  [DomParser] (getTestDataSetNodesList) -> develop|lab3 -- payInvoice -- aa
16:21:33,403 INFO  [DomParser] (getTestDataSetNodesWithValues) -> 15
16:21:33,403 INFO  [DomParser] (getTestDataSetNodesWithValues) -> text node found; skipping this node
16:21:33,403 INFO  [DomParser] (getTestDataSetNodesWithValues) -> rowText <<---->>  17 <<---->> 1
16:21:33,403 INFO  [DomParser] (getTestDataSetNodesWithValues) -> text node found; skipping this node
16:21:33,403 INFO  [DomParser] (getTestDataSetNodesWithValues) -> amount <<---->>  5.00 <<---->> 1
16:21:33,403 INFO  [DomParser] (getTestDataSetNodesWithValues) -> text node found; skipping this node
16:21:33,403 INFO  [DomParser] (getTestDataSetNodesWithValues) -> name <<---->>  Ashish <<---->> 1
16:21:33,403 INFO  [DomParser] (getTestDataSetNodesWithValues) -> text node found; skipping this node
16:21:33,403 INFO  [DomParser] (getTestDataSetNodesWithValues) -> number <<---->>  4111111111111152 <<---->> 1
16:21:33,403 INFO  [DomParser] (getTestDataSetNodesWithValues) -> text node found; skipping this node
16:21:33,403 INFO  [DomParser] (getTestDataSetNodesWithValues) -> date <<---->>  12/2020 <<---->> 1
16:21:33,403 INFO  [DomParser] (getTestDataSetNodesWithValues) -> text node found; skipping this node
16:21:33,403 INFO  [DomParser] (getTestDataSetNodesWithValues) -> order <<---->>  2{RANDOMNUM} <<---->> 1
16:21:33,403 INFO  [DomParser] (getTestDataSetNodesWithValues) -> text node found; skipping this node
16:21:33,403 INFO  [DomParser] (getTestDataSetNodesWithValues) -> smname <<---->>  TestCustomer3CFNCV <<---->> 1
16:21:33,403 INFO  [DomParser] (getTestDataSetNodesWithValues) -> text node found; skipping this node
16:21:33,403 INFO  [DomParser] EXIT --> (getTestDataSetNodesWithValues)
16:21:33,413 INFO  [DomParser] (<init>) -> Root element :testdata
16:21:33,413 INFO  [DomParser] ENTER --> (getTestDataSetNodesWithValues)
16:21:33,413 INFO  [DomParser] (getNodes) -> Nodes found with testdataset = 1
16:21:33,413 INFO  [DomParser] (getTestDataSetNodesList) -> Checking node [testdataset] at index 0
16:21:33,413 INFO  [DomParser] (getTestDataSetNodesList) -> develop|lab3 -- payInvoice -- aa
16:21:33,413 INFO  [DomParser] (getTestDataSetNodesWithValues) -> 15
16:21:33,413 INFO  [DomParser] (getTestDataSetNodesWithValues) -> text node found; skipping this node
16:21:33,413 INFO  [DomParser] (getTestDataSetNodesWithValues) -> rowText <<---->>  17 <<---->> 1
16:21:33,413 INFO  [DomParser] (getTestDataSetNodesWithValues) -> text node found; skipping this node
16:21:33,413 INFO  [DomParser] (getTestDataSetNodesWithValues) -> amount <<---->>  5.00 <<---->> 1
16:21:33,413 INFO  [DomParser] (getTestDataSetNodesWithValues) -> text node found; skipping this node
16:21:33,413 INFO  [DomParser] (getTestDataSetNodesWithValues) -> name <<---->>  Ashish <<---->> 1
16:21:33,413 INFO  [DomParser] (getTestDataSetNodesWithValues) -> text node found; skipping this node
16:21:33,413 INFO  [DomParser] (getTestDataSetNodesWithValues) -> number <<---->>  4111111111111152 <<---->> 1
16:21:33,413 INFO  [DomParser] (getTestDataSetNodesWithValues) -> text node found; skipping this node
16:21:33,413 INFO  [DomParser] (getTestDataSetNodesWithValues) -> date <<---->>  12/2020 <<---->> 1
16:21:33,413 INFO  [DomParser] (getTestDataSetNodesWithValues) -> text node found; skipping this node
16:21:33,413 INFO  [DomParser] (getTestDataSetNodesWithValues) -> order <<---->>  2{RANDOMNUM} <<---->> 1
16:21:33,413 INFO  [DomParser] (getTestDataSetNodesWithValues) -> text node found; skipping this node
16:21:33,413 INFO  [DomParser] (getTestDataSetNodesWithValues) -> smname <<---->>  TestCustomer3CFNCV <<---->> 1
16:21:33,413 INFO  [DomParser] (getTestDataSetNodesWithValues) -> text node found; skipping this node
16:21:33,413 INFO  [DomParser] EXIT --> (getTestDataSetNodesWithValues)
16:21:33,413 INFO  [BrowserSelenium] ENTER --> (selectListItem)
16:21:33,413 INFO  [BrowserSelenium] (selectListItem) -> TestCustomer3CFNCV to find
16:21:33,413 INFO  [BrowserSelenium] ENTER --> (_waitForJStoLoad)
16:21:35,586 INFO  [BrowserSelenium] EXIT --> (_waitForJStoLoad) --> DOM load wait done: true
16:21:35,586 INFO  [BrowserSelenium] ENTER --> (_getListItem)
16:21:35,586 INFO  [BrowserSelenium] (_setExtendedTextToXPath) ->  value set
16:21:35,606 INFO  [BrowserSelenium] ENTER --> (_getByLocator)
16:21:35,606 INFO  [BrowserSelenium] (_getByLocator) -> Getting locator for null
16:21:35,606 INFO  [BrowserSelenium] (_getByLocator) -> Locator info found for XPATH attribute as: //table[@id='invoices']/tbody/tr/td[2]/a/strong
16:21:35,606 INFO  [BrowserSelenium] ENTER --> (_parseElementOnXpath)
16:21:35,606 INFO  [BrowserSelenium] (_parseElementOnXpath) -> //table[@id='invoices']/tbody/tr/td[2]/a/strong is used
16:21:35,606 INFO  [BrowserSelenium] EXIT --> (_parseElementOnXpath)
16:21:35,606 INFO  [BrowserSelenium] EXIT --> (_getByLocator)
16:21:35,626 INFO  [BrowserSelenium] (_getListItem) -> targetValue to find in listbox: "TestCustomer3CFNCV"
16:21:35,646 INFO  [BrowserSelenium] (_getListItem) -> current element text by we.getText(): "TestCustomer3GGQQB"
16:21:35,656 INFO  [BrowserSelenium] (_getListItem) -> targetValue to find in listbox: "TestCustomer3CFNCV"
16:21:35,676 INFO  [BrowserSelenium] (_getListItem) -> current element text by we.getText(): "TestCustomer3CFNCV"
16:21:35,696 INFO  [BrowserSelenium] (_getListItem) -> targetValue found at index: 1
16:21:35,706 INFO  [BrowserSelenium] (_getListItem) -> TestCustomer3CFNCV
16:21:35,706 INFO  [BrowserSelenium] EXIT --> (_getListItem)
16:21:35,816 INFO  [BrowserSelenium] EXIT --> (selectListItem)
16:21:35,816 INFO  [BrowserSelenium] ENTER --> (initElements)
16:21:35,816 INFO  [BrowserSelenium] (initElements) -> ID set to field: 
16:21:35,816 INFO  [BrowserSelenium] (initElements) -> Name set to field: 
16:21:35,816 INFO  [BrowserSelenium] (initElements) -> CSS set to field: 
16:21:35,816 INFO  [BrowserSelenium] (initElements) -> XPath set to field: //div[@class='btn-box']/a/span
16:21:35,816 INFO  [BrowserSelenium] (initElements) -> ID set to field: 
16:21:35,816 INFO  [BrowserSelenium] (initElements) -> Name set to field: 
16:21:35,816 INFO  [BrowserSelenium] (initElements) -> CSS set to field: 
16:21:35,816 INFO  [BrowserSelenium] (initElements) -> XPath set to field: //span[text()='Add Sub-Account']
16:21:35,816 INFO  [BrowserSelenium] (initElements) -> ID set to field: 
16:21:35,826 INFO  [BrowserSelenium] (initElements) -> Name set to field: 
16:21:35,826 INFO  [BrowserSelenium] (initElements) -> CSS set to field: 
16:21:35,826 INFO  [BrowserSelenium] (initElements) -> XPath set to field: //span[text()='Yes']
16:21:35,826 INFO  [BrowserSelenium] (initElements) -> ID set to field: 
16:21:35,826 INFO  [BrowserSelenium] (initElements) -> Name set to field: 
16:21:35,826 INFO  [BrowserSelenium] (initElements) -> CSS set to field: 
16:21:35,826 INFO  [BrowserSelenium] (initElements) -> XPath set to field: //table[@id='invoices']/tbody/tr/td[2]/a/strong
16:21:35,826 INFO  [BrowserSelenium] (initElements) -> ID set to field: 
16:21:35,826 INFO  [BrowserSelenium] (initElements) -> Name set to field: 
16:21:35,826 INFO  [BrowserSelenium] (initElements) -> CSS set to field: 
16:21:35,826 INFO  [BrowserSelenium] (initElements) -> XPath set to field: //div[@class = 'btn-box']/div/a/span
16:21:35,826 INFO  [BrowserSelenium] (initElements) -> ID set to field: 
16:21:35,826 INFO  [BrowserSelenium] (initElements) -> Name set to field: 
16:21:35,826 INFO  [BrowserSelenium] (initElements) -> CSS set to field: 
16:21:35,826 INFO  [BrowserSelenium] (initElements) -> XPath set to field: //div[@id='payments']/div[2]/table/tbody//input[@class='paymentRadio']
16:21:35,826 INFO  [BrowserSelenium] (initElements) -> ID set to field: 
16:21:35,826 INFO  [BrowserSelenium] (initElements) -> Name set to field: 
16:21:35,826 INFO  [BrowserSelenium] (initElements) -> CSS set to field: 
16:21:35,826 INFO  [BrowserSelenium] (initElements) -> XPath set to field: //input[@id = 'payment_amountAsDecimal']
16:21:35,826 INFO  [BrowserSelenium] (initElements) -> ID set to field: 
16:21:35,826 INFO  [BrowserSelenium] (initElements) -> Name set to field: 
16:21:35,826 INFO  [BrowserSelenium] (initElements) -> CSS set to field: 
16:21:35,826 INFO  [BrowserSelenium] (initElements) -> XPath set to field: //div[@id = 'payment-method-fields-0']/div/div/input
16:21:35,826 INFO  [BrowserSelenium] (initElements) -> ID set to field: 
16:21:35,826 INFO  [BrowserSelenium] (initElements) -> Name set to field: 
16:21:35,826 INFO  [BrowserSelenium] (initElements) -> CSS set to field: 
16:21:35,826 INFO  [BrowserSelenium] (initElements) -> XPath set to field: //div[@id = 'payment-method-fields-0']/div[2]/div/input
16:21:35,826 INFO  [BrowserSelenium] (initElements) -> ID set to field: 
16:21:35,826 INFO  [BrowserSelenium] (initElements) -> Name set to field: 
16:21:35,826 INFO  [BrowserSelenium] (initElements) -> CSS set to field: 
16:21:35,826 INFO  [BrowserSelenium] (initElements) -> XPath set to field: //div[@id = 'payment-method-fields-0']/div[3]/div/input
16:21:35,826 INFO  [BrowserSelenium] (initElements) -> ID set to field: 
16:21:35,826 INFO  [BrowserSelenium] (initElements) -> Name set to field: 
16:21:35,826 INFO  [BrowserSelenium] (initElements) -> CSS set to field: 
16:21:35,826 INFO  [BrowserSelenium] (initElements) -> XPath set to field: //strong[contains(text(), '17')]
16:21:35,826 INFO  [BrowserSelenium] (initElements) -> ID set to field: 
16:21:35,826 INFO  [BrowserSelenium] (initElements) -> Name set to field: 
16:21:35,826 INFO  [BrowserSelenium] (initElements) -> CSS set to field: 
16:21:35,826 INFO  [BrowserSelenium] (initElements) -> XPath set to field: //input[@id = 'paymentMethod_0.processingOrder']
16:21:35,826 INFO  [BrowserSelenium] (initElements) -> ID set to field: 
16:21:35,826 INFO  [BrowserSelenium] (initElements) -> Name set to field: 
16:21:35,826 INFO  [BrowserSelenium] (initElements) -> CSS set to field: 
16:21:35,826 INFO  [BrowserSelenium] (initElements) -> XPath set to field: //div[@class = 'buttons']/ul/li/a/span
16:21:35,826 INFO  [BrowserSelenium] (initElements) -> ID set to field: 
16:21:35,826 INFO  [BrowserSelenium] (initElements) -> Name set to field: 
16:21:35,826 INFO  [BrowserSelenium] (initElements) -> CSS set to field: 
16:21:35,826 INFO  [BrowserSelenium] (initElements) -> XPath set to field: //div[@class = 'buttons']/ul/li/a/span
16:21:35,826 INFO  [BrowserSelenium] (initElements) -> ID set to field: 
16:21:35,826 INFO  [BrowserSelenium] (initElements) -> Name set to field: 
16:21:35,826 INFO  [BrowserSelenium] (initElements) -> CSS set to field: 
16:21:35,826 INFO  [BrowserSelenium] (initElements) -> XPath set to field: //div[@class = 'msg-box info']
16:21:35,826 INFO  [BrowserSelenium] (initElements) -> ID set to field: 
16:21:35,826 INFO  [BrowserSelenium] (initElements) -> Name set to field: 
16:21:35,826 INFO  [BrowserSelenium] (initElements) -> CSS set to field: 
16:21:35,826 INFO  [BrowserSelenium] (initElements) -> XPath set to field: //table[@class = 'dataTable']/tbody/tr[3]/td[2]
16:21:35,826 INFO  [BrowserSelenium] (initElements) -> ID set to field: 
16:21:35,826 INFO  [BrowserSelenium] (initElements) -> Name set to field: 
16:21:35,826 INFO  [BrowserSelenium] (initElements) -> CSS set to field: 
16:21:35,826 INFO  [BrowserSelenium] (initElements) -> XPath set to field: //div[@class='row']/a[contains(@href,'downloadPdf')]
16:21:35,826 INFO  [BrowserSelenium] (initElements) -> ID set to field: 
16:21:35,826 INFO  [BrowserSelenium] (initElements) -> Name set to field: 
16:21:35,826 INFO  [BrowserSelenium] (initElements) -> CSS set to field: 
16:21:35,826 INFO  [BrowserSelenium] (initElements) -> XPath set to field: //select[@id='paymentMethod_0.paymentMethodTypeId']
16:21:35,826 INFO  [BrowserSelenium] (initElements) -> ID set to field: 
16:21:35,826 INFO  [BrowserSelenium] (initElements) -> Name set to field: 
16:21:35,826 INFO  [BrowserSelenium] (initElements) -> CSS set to field: 
16:21:35,826 INFO  [BrowserSelenium] (initElements) -> XPath set to field: //input[@id='payment_amountAsDecimal']
16:21:35,826 INFO  [BrowserSelenium] EXIT --> (initElements)
16:21:35,836 INFO  [BrowserSelenium] ENTER --> (_waitForElement) --> Waiting for element: null
16:21:35,836 INFO  [BrowserSelenium] ENTER --> (waitForElement)
16:21:35,846 INFO  [BrowserSelenium] ENTER --> (_getByLocator)
16:21:35,846 INFO  [BrowserSelenium] (_getByLocator) -> Getting locator for null
16:21:35,846 INFO  [BrowserSelenium] (_getByLocator) -> Locator info found for XPATH attribute as: //div[@class = 'btn-box']/div/a/span
16:21:35,846 INFO  [BrowserSelenium] ENTER --> (_parseElementOnXpath)
16:21:35,846 INFO  [BrowserSelenium] (_parseElementOnXpath) -> //div[@class = 'btn-box']/div/a/span is used
16:21:35,846 INFO  [BrowserSelenium] EXIT --> (_parseElementOnXpath)
16:21:35,846 INFO  [BrowserSelenium] EXIT --> (_getByLocator)
16:21:36,621 INFO  [BrowserSelenium] ENTER --> (_getByLocator)
16:21:36,621 INFO  [BrowserSelenium] (_getByLocator) -> Getting locator for null
16:21:36,621 INFO  [BrowserSelenium] (_getByLocator) -> Locator info found for XPATH attribute as: //div[@class = 'btn-box']/div/a/span
16:21:36,621 INFO  [BrowserSelenium] ENTER --> (_parseElementOnXpath)
16:21:36,621 INFO  [BrowserSelenium] (_parseElementOnXpath) -> //div[@class = 'btn-box']/div/a/span is used
16:21:36,621 INFO  [BrowserSelenium] EXIT --> (_parseElementOnXpath)
16:21:36,621 INFO  [BrowserSelenium] EXIT --> (_getByLocator)
16:21:36,721 INFO  [BrowserSelenium] (waitForElement) -> element wait eligibility found: true
16:21:36,721 INFO  [BrowserSelenium] ENTER --> (_waitForJStoLoad)
16:21:36,771 INFO  [BrowserSelenium] EXIT --> (_waitForJStoLoad) --> DOM load wait done: true
16:21:36,771 INFO  [BrowserSelenium] (waitForElement) -> element wait eligibility set: true
16:21:36,771 INFO  [BrowserSelenium] EXIT --> (waitForElement)
16:21:36,771 INFO  [BrowserSelenium] EXIT --> (_waitForElement)
16:21:36,781 INFO  [BrowserSelenium] ENTER --> (_getByLocator)
16:21:36,781 INFO  [BrowserSelenium] (_getByLocator) -> Getting locator for null
16:21:36,781 INFO  [BrowserSelenium] (_getByLocator) -> Locator info found for XPATH attribute as: //div[@class = 'btn-box']/div/a/span
16:21:36,781 INFO  [BrowserSelenium] ENTER --> (_parseElementOnXpath)
16:21:36,781 INFO  [BrowserSelenium] (_parseElementOnXpath) -> //div[@class = 'btn-box']/div/a/span is used
16:21:36,781 INFO  [BrowserSelenium] EXIT --> (_parseElementOnXpath)
16:21:36,781 INFO  [BrowserSelenium] EXIT --> (_getByLocator)
16:21:38,271 INFO  [BrowserSelenium] ENTER --> (initElements)
16:21:38,271 INFO  [BrowserSelenium] (initElements) -> ID set to field: 
16:21:38,271 INFO  [BrowserSelenium] (initElements) -> Name set to field: 
16:21:38,271 INFO  [BrowserSelenium] (initElements) -> CSS set to field: 
16:21:38,271 INFO  [BrowserSelenium] (initElements) -> XPath set to field: //div[@class='btn-box']/a/span
16:21:38,271 INFO  [BrowserSelenium] (initElements) -> ID set to field: 
16:21:38,271 INFO  [BrowserSelenium] (initElements) -> Name set to field: 
16:21:38,271 INFO  [BrowserSelenium] (initElements) -> CSS set to field: 
16:21:38,271 INFO  [BrowserSelenium] (initElements) -> XPath set to field: //span[text()='Add Sub-Account']
16:21:38,271 INFO  [BrowserSelenium] (initElements) -> ID set to field: 
16:21:38,271 INFO  [BrowserSelenium] (initElements) -> Name set to field: 
16:21:38,271 INFO  [BrowserSelenium] (initElements) -> CSS set to field: 
16:21:38,271 INFO  [BrowserSelenium] (initElements) -> XPath set to field: //span[text()='Yes']
16:21:38,271 INFO  [BrowserSelenium] (initElements) -> ID set to field: 
16:21:38,271 INFO  [BrowserSelenium] (initElements) -> Name set to field: 
16:21:38,271 INFO  [BrowserSelenium] (initElements) -> CSS set to field: 
16:21:38,271 INFO  [BrowserSelenium] (initElements) -> XPath set to field: //table[@id='invoices']/tbody/tr/td[2]/a/strong
16:21:38,271 INFO  [BrowserSelenium] (initElements) -> ID set to field: 
16:21:38,271 INFO  [BrowserSelenium] (initElements) -> Name set to field: 
16:21:38,271 INFO  [BrowserSelenium] (initElements) -> CSS set to field: 
16:21:38,271 INFO  [BrowserSelenium] (initElements) -> XPath set to field: //div[@class = 'btn-box']/div/a/span
16:21:38,271 INFO  [BrowserSelenium] (initElements) -> ID set to field: 
16:21:38,271 INFO  [BrowserSelenium] (initElements) -> Name set to field: 
16:21:38,271 INFO  [BrowserSelenium] (initElements) -> CSS set to field: 
16:21:38,271 INFO  [BrowserSelenium] (initElements) -> XPath set to field: //div[@id='payments']/div[2]/table/tbody//input[@class='paymentRadio']
16:21:38,271 INFO  [BrowserSelenium] (initElements) -> ID set to field: 
16:21:38,271 INFO  [BrowserSelenium] (initElements) -> Name set to field: 
16:21:38,271 INFO  [BrowserSelenium] (initElements) -> CSS set to field: 
16:21:38,271 INFO  [BrowserSelenium] (initElements) -> XPath set to field: //input[@id = 'payment_amountAsDecimal']
16:21:38,271 INFO  [BrowserSelenium] (initElements) -> ID set to field: 
16:21:38,271 INFO  [BrowserSelenium] (initElements) -> Name set to field: 
16:21:38,271 INFO  [BrowserSelenium] (initElements) -> CSS set to field: 
16:21:38,271 INFO  [BrowserSelenium] (initElements) -> XPath set to field: //div[@id = 'payment-method-fields-0']/div/div/input
16:21:38,271 INFO  [BrowserSelenium] (initElements) -> ID set to field: 
16:21:38,271 INFO  [BrowserSelenium] (initElements) -> Name set to field: 
16:21:38,271 INFO  [BrowserSelenium] (initElements) -> CSS set to field: 
16:21:38,271 INFO  [BrowserSelenium] (initElements) -> XPath set to field: //div[@id = 'payment-method-fields-0']/div[2]/div/input
16:21:38,271 INFO  [BrowserSelenium] (initElements) -> ID set to field: 
16:21:38,271 INFO  [BrowserSelenium] (initElements) -> Name set to field: 
16:21:38,271 INFO  [BrowserSelenium] (initElements) -> CSS set to field: 
16:21:38,271 INFO  [BrowserSelenium] (initElements) -> XPath set to field: //div[@id = 'payment-method-fields-0']/div[3]/div/input
16:21:38,271 INFO  [BrowserSelenium] (initElements) -> ID set to field: 
16:21:38,271 INFO  [BrowserSelenium] (initElements) -> Name set to field: 
16:21:38,271 INFO  [BrowserSelenium] (initElements) -> CSS set to field: 
16:21:38,271 INFO  [BrowserSelenium] (initElements) -> XPath set to field: //strong[contains(text(), '17')]
16:21:38,271 INFO  [BrowserSelenium] (initElements) -> ID set to field: 
16:21:38,271 INFO  [BrowserSelenium] (initElements) -> Name set to field: 
16:21:38,271 INFO  [BrowserSelenium] (initElements) -> CSS set to field: 
16:21:38,271 INFO  [BrowserSelenium] (initElements) -> XPath set to field: //input[@id = 'paymentMethod_0.processingOrder']
16:21:38,271 INFO  [BrowserSelenium] (initElements) -> ID set to field: 
16:21:38,271 INFO  [BrowserSelenium] (initElements) -> Name set to field: 
16:21:38,271 INFO  [BrowserSelenium] (initElements) -> CSS set to field: 
16:21:38,271 INFO  [BrowserSelenium] (initElements) -> XPath set to field: //div[@class = 'buttons']/ul/li/a/span
16:21:38,271 INFO  [BrowserSelenium] (initElements) -> ID set to field: 
16:21:38,271 INFO  [BrowserSelenium] (initElements) -> Name set to field: 
16:21:38,271 INFO  [BrowserSelenium] (initElements) -> CSS set to field: 
16:21:38,271 INFO  [BrowserSelenium] (initElements) -> XPath set to field: //div[@class = 'buttons']/ul/li/a/span
16:21:38,271 INFO  [BrowserSelenium] (initElements) -> ID set to field: 
16:21:38,271 INFO  [BrowserSelenium] (initElements) -> Name set to field: 
16:21:38,271 INFO  [BrowserSelenium] (initElements) -> CSS set to field: 
16:21:38,271 INFO  [BrowserSelenium] (initElements) -> XPath set to field: //div[@class = 'msg-box info']
16:21:38,271 INFO  [BrowserSelenium] (initElements) -> ID set to field: 
16:21:38,271 INFO  [BrowserSelenium] (initElements) -> Name set to field: 
16:21:38,281 INFO  [BrowserSelenium] (initElements) -> CSS set to field: 
16:21:38,281 INFO  [BrowserSelenium] (initElements) -> XPath set to field: //table[@class = 'dataTable']/tbody/tr[3]/td[2]
16:21:38,281 INFO  [BrowserSelenium] (initElements) -> ID set to field: 
16:21:38,281 INFO  [BrowserSelenium] (initElements) -> Name set to field: 
16:21:38,281 INFO  [BrowserSelenium] (initElements) -> CSS set to field: 
16:21:38,281 INFO  [BrowserSelenium] (initElements) -> XPath set to field: //div[@class='row']/a[contains(@href,'downloadPdf')]
16:21:38,281 INFO  [BrowserSelenium] (initElements) -> ID set to field: 
16:21:38,281 INFO  [BrowserSelenium] (initElements) -> Name set to field: 
16:21:38,281 INFO  [BrowserSelenium] (initElements) -> CSS set to field: 
16:21:38,281 INFO  [BrowserSelenium] (initElements) -> XPath set to field: //select[@id='paymentMethod_0.paymentMethodTypeId']
16:21:38,281 INFO  [BrowserSelenium] (initElements) -> ID set to field: 
16:21:38,281 INFO  [BrowserSelenium] (initElements) -> Name set to field: 
16:21:38,281 INFO  [BrowserSelenium] (initElements) -> CSS set to field: 
16:21:38,281 INFO  [BrowserSelenium] (initElements) -> XPath set to field: //input[@id='payment_amountAsDecimal']
16:21:38,281 INFO  [BrowserSelenium] EXIT --> (initElements)
16:21:38,281 INFO  [BrowserSelenium] ENTER --> (clickLinkText)
16:21:38,281 INFO  [BrowserSelenium] ENTER --> (_waitForElement) --> Waiting for element: null
16:21:38,281 INFO  [BrowserSelenium] ENTER --> (waitForElement)
16:21:38,291 INFO  [BrowserSelenium] ENTER --> (_getByLocator)
16:21:38,291 INFO  [BrowserSelenium] (_getByLocator) -> Getting locator for null
16:21:38,291 INFO  [BrowserSelenium] (_getByLocator) -> Locator info found for XPATH attribute as: //div[@id='payments']/div[2]/table/tbody//input[@class='paymentRadio']
16:21:38,291 INFO  [BrowserSelenium] ENTER --> (_parseElementOnXpath)
16:21:38,291 INFO  [BrowserSelenium] (_parseElementOnXpath) -> //div[@id='payments']/div[2]/table/tbody//input[@class='paymentRadio'] is used
16:21:38,291 INFO  [BrowserSelenium] EXIT --> (_parseElementOnXpath)
16:21:38,291 INFO  [BrowserSelenium] EXIT --> (_getByLocator)
16:21:38,311 INFO  [BrowserSelenium] ENTER --> (_getByLocator)
16:21:38,311 INFO  [BrowserSelenium] (_getByLocator) -> Getting locator for null
16:21:38,311 INFO  [BrowserSelenium] (_getByLocator) -> Locator info found for XPATH attribute as: //div[@id='payments']/div[2]/table/tbody//input[@class='paymentRadio']
16:21:38,311 INFO  [BrowserSelenium] ENTER --> (_parseElementOnXpath)
16:21:38,311 INFO  [BrowserSelenium] (_parseElementOnXpath) -> //div[@id='payments']/div[2]/table/tbody//input[@class='paymentRadio'] is used
16:21:38,311 INFO  [BrowserSelenium] EXIT --> (_parseElementOnXpath)
16:21:38,311 INFO  [BrowserSelenium] EXIT --> (_getByLocator)
16:21:38,351 INFO  [BrowserSelenium] (waitForElement) -> element wait eligibility found: true
16:21:38,351 INFO  [BrowserSelenium] ENTER --> (_waitForJStoLoad)
16:21:38,901 INFO  [BrowserSelenium] EXIT --> (_waitForJStoLoad) --> DOM load wait done: true
16:21:38,901 INFO  [BrowserSelenium] (waitForElement) -> element wait eligibility set: true
16:21:38,901 INFO  [BrowserSelenium] EXIT --> (waitForElement)
16:21:38,901 INFO  [BrowserSelenium] EXIT --> (_waitForElement)
16:21:38,911 INFO  [BrowserSelenium] ENTER --> (_getByLocator)
16:21:38,911 INFO  [BrowserSelenium] (_getByLocator) -> Getting locator for null
16:21:38,911 INFO  [BrowserSelenium] (_getByLocator) -> Locator info found for XPATH attribute as: //div[@id='payments']/div[2]/table/tbody//input[@class='paymentRadio']
16:21:38,911 INFO  [BrowserSelenium] ENTER --> (_parseElementOnXpath)
16:21:38,911 INFO  [BrowserSelenium] (_parseElementOnXpath) -> //div[@id='payments']/div[2]/table/tbody//input[@class='paymentRadio'] is used
16:21:38,911 INFO  [BrowserSelenium] EXIT --> (_parseElementOnXpath)
16:21:38,911 INFO  [BrowserSelenium] EXIT --> (_getByLocator)
16:21:38,931 INFO  [BrowserSelenium] ENTER --> (_clickUsingJavaScript)
16:21:38,971 INFO  [BrowserSelenium] EXIT --> (_clickUsingJavaScript)
16:21:38,971 INFO  [BrowserSelenium] EXIT --> (clickLinkText)
16:21:38,981 INFO  [BrowserSelenium] ENTER --> (_waitForElement) --> Waiting for element: null
16:21:38,981 INFO  [BrowserSelenium] ENTER --> (waitForElement)
16:21:38,991 INFO  [BrowserSelenium] ENTER --> (_getByLocator)
16:21:38,991 INFO  [BrowserSelenium] (_getByLocator) -> Getting locator for null
16:21:38,991 INFO  [BrowserSelenium] (_getByLocator) -> Locator info found for XPATH attribute as: //div[@id='payments']/div[2]/table/tbody//input[@class='paymentRadio']
16:21:38,991 INFO  [BrowserSelenium] ENTER --> (_parseElementOnXpath)
16:21:38,991 INFO  [BrowserSelenium] (_parseElementOnXpath) -> //div[@id='payments']/div[2]/table/tbody//input[@class='paymentRadio'] is used
16:21:38,991 INFO  [BrowserSelenium] EXIT --> (_parseElementOnXpath)
16:21:38,991 INFO  [BrowserSelenium] EXIT --> (_getByLocator)
16:21:39,011 INFO  [BrowserSelenium] ENTER --> (_getByLocator)
16:21:39,011 INFO  [BrowserSelenium] (_getByLocator) -> Getting locator for null
16:21:39,011 INFO  [BrowserSelenium] (_getByLocator) -> Locator info found for XPATH attribute as: //div[@id='payments']/div[2]/table/tbody//input[@class='paymentRadio']
16:21:39,011 INFO  [BrowserSelenium] ENTER --> (_parseElementOnXpath)
16:21:39,011 INFO  [BrowserSelenium] (_parseElementOnXpath) -> //div[@id='payments']/div[2]/table/tbody//input[@class='paymentRadio'] is used
16:21:39,011 INFO  [BrowserSelenium] EXIT --> (_parseElementOnXpath)
16:21:39,011 INFO  [BrowserSelenium] EXIT --> (_getByLocator)
16:21:39,061 INFO  [BrowserSelenium] (waitForElement) -> element wait eligibility found: true
16:21:39,061 INFO  [BrowserSelenium] ENTER --> (_waitForJStoLoad)
16:21:39,101 INFO  [BrowserSelenium] EXIT --> (_waitForJStoLoad) --> DOM load wait done: true
16:21:39,101 INFO  [BrowserSelenium] (waitForElement) -> element wait eligibility set: true
16:21:39,101 INFO  [BrowserSelenium] EXIT --> (waitForElement)
16:21:39,101 INFO  [BrowserSelenium] EXIT --> (_waitForElement)
16:21:39,111 INFO  [BrowserSelenium] ENTER --> (_getByLocator)
16:21:39,111 INFO  [BrowserSelenium] (_getByLocator) -> Getting locator for null
16:21:39,111 INFO  [BrowserSelenium] (_getByLocator) -> Locator info found for XPATH attribute as: //div[@id='payments']/div[2]/table/tbody//input[@class='paymentRadio']
16:21:39,111 INFO  [BrowserSelenium] ENTER --> (_parseElementOnXpath)
16:21:39,111 INFO  [BrowserSelenium] (_parseElementOnXpath) -> //div[@id='payments']/div[2]/table/tbody//input[@class='paymentRadio'] is used
16:21:39,111 INFO  [BrowserSelenium] EXIT --> (_parseElementOnXpath)
16:21:39,111 INFO  [BrowserSelenium] EXIT --> (_getByLocator)
16:21:39,131 INFO  [BrowserSelenium] ENTER --> (initElements)
16:21:39,131 INFO  [BrowserSelenium] (initElements) -> ID set to field: 
16:21:39,131 INFO  [BrowserSelenium] (initElements) -> Name set to field: 
16:21:39,131 INFO  [BrowserSelenium] (initElements) -> CSS set to field: 
16:21:39,131 INFO  [BrowserSelenium] (initElements) -> XPath set to field: //div[@class='btn-box']/a/span
16:21:39,131 INFO  [BrowserSelenium] (initElements) -> ID set to field: 
16:21:39,131 INFO  [BrowserSelenium] (initElements) -> Name set to field: 
16:21:39,131 INFO  [BrowserSelenium] (initElements) -> CSS set to field: 
16:21:39,131 INFO  [BrowserSelenium] (initElements) -> XPath set to field: //span[text()='Add Sub-Account']
16:21:39,131 INFO  [BrowserSelenium] (initElements) -> ID set to field: 
16:21:39,131 INFO  [BrowserSelenium] (initElements) -> Name set to field: 
16:21:39,131 INFO  [BrowserSelenium] (initElements) -> CSS set to field: 
16:21:39,131 INFO  [BrowserSelenium] (initElements) -> XPath set to field: //span[text()='Yes']
16:21:39,131 INFO  [BrowserSelenium] (initElements) -> ID set to field: 
16:21:39,131 INFO  [BrowserSelenium] (initElements) -> Name set to field: 
16:21:39,131 INFO  [BrowserSelenium] (initElements) -> CSS set to field: 
16:21:39,131 INFO  [BrowserSelenium] (initElements) -> XPath set to field: //table[@id='invoices']/tbody/tr/td[2]/a/strong
16:21:39,131 INFO  [BrowserSelenium] (initElements) -> ID set to field: 
16:21:39,131 INFO  [BrowserSelenium] (initElements) -> Name set to field: 
16:21:39,131 INFO  [BrowserSelenium] (initElements) -> CSS set to field: 
16:21:39,131 INFO  [BrowserSelenium] (initElements) -> XPath set to field: //div[@class = 'btn-box']/div/a/span
16:21:39,131 INFO  [BrowserSelenium] (initElements) -> ID set to field: 
16:21:39,131 INFO  [BrowserSelenium] (initElements) -> Name set to field: 
16:21:39,131 INFO  [BrowserSelenium] (initElements) -> CSS set to field: 
16:21:39,131 INFO  [BrowserSelenium] (initElements) -> XPath set to field: //div[@id='payments']/div[2]/table/tbody//input[@class='paymentRadio']
16:21:39,131 INFO  [BrowserSelenium] (initElements) -> ID set to field: 
16:21:39,131 INFO  [BrowserSelenium] (initElements) -> Name set to field: 
16:21:39,131 INFO  [BrowserSelenium] (initElements) -> CSS set to field: 
16:21:39,131 INFO  [BrowserSelenium] (initElements) -> XPath set to field: //input[@id = 'payment_amountAsDecimal']
16:21:39,131 INFO  [BrowserSelenium] (initElements) -> ID set to field: 
16:21:39,131 INFO  [BrowserSelenium] (initElements) -> Name set to field: 
16:21:39,131 INFO  [BrowserSelenium] (initElements) -> CSS set to field: 
16:21:39,131 INFO  [BrowserSelenium] (initElements) -> XPath set to field: //div[@id = 'payment-method-fields-0']/div/div/input
16:21:39,131 INFO  [BrowserSelenium] (initElements) -> ID set to field: 
16:21:39,131 INFO  [BrowserSelenium] (initElements) -> Name set to field: 
16:21:39,131 INFO  [BrowserSelenium] (initElements) -> CSS set to field: 
16:21:39,131 INFO  [BrowserSelenium] (initElements) -> XPath set to field: //div[@id = 'payment-method-fields-0']/div[2]/div/input
16:21:39,131 INFO  [BrowserSelenium] (initElements) -> ID set to field: 
16:21:39,131 INFO  [BrowserSelenium] (initElements) -> Name set to field: 
16:21:39,131 INFO  [BrowserSelenium] (initElements) -> CSS set to field: 
16:21:39,131 INFO  [BrowserSelenium] (initElements) -> XPath set to field: //div[@id = 'payment-method-fields-0']/div[3]/div/input
16:21:39,131 INFO  [BrowserSelenium] (initElements) -> ID set to field: 
16:21:39,131 INFO  [BrowserSelenium] (initElements) -> Name set to field: 
16:21:39,131 INFO  [BrowserSelenium] (initElements) -> CSS set to field: 
16:21:39,131 INFO  [BrowserSelenium] (initElements) -> XPath set to field: //strong[contains(text(), '17')]
16:21:39,131 INFO  [BrowserSelenium] (initElements) -> ID set to field: 
16:21:39,131 INFO  [BrowserSelenium] (initElements) -> Name set to field: 
16:21:39,131 INFO  [BrowserSelenium] (initElements) -> CSS set to field: 
16:21:39,131 INFO  [BrowserSelenium] (initElements) -> XPath set to field: //input[@id = 'paymentMethod_0.processingOrder']
16:21:39,131 INFO  [BrowserSelenium] (initElements) -> ID set to field: 
16:21:39,131 INFO  [BrowserSelenium] (initElements) -> Name set to field: 
16:21:39,131 INFO  [BrowserSelenium] (initElements) -> CSS set to field: 
16:21:39,131 INFO  [BrowserSelenium] (initElements) -> XPath set to field: //div[@class = 'buttons']/ul/li/a/span
16:21:39,131 INFO  [BrowserSelenium] (initElements) -> ID set to field: 
16:21:39,141 INFO  [BrowserSelenium] (initElements) -> Name set to field: 
16:21:39,141 INFO  [BrowserSelenium] (initElements) -> CSS set to field: 
16:21:39,141 INFO  [BrowserSelenium] (initElements) -> XPath set to field: //div[@class = 'buttons']/ul/li/a/span
16:21:39,141 INFO  [BrowserSelenium] (initElements) -> ID set to field: 
16:21:39,141 INFO  [BrowserSelenium] (initElements) -> Name set to field: 
16:21:39,141 INFO  [BrowserSelenium] (initElements) -> CSS set to field: 
16:21:39,141 INFO  [BrowserSelenium] (initElements) -> XPath set to field: //div[@class = 'msg-box info']
16:21:39,141 INFO  [BrowserSelenium] (initElements) -> ID set to field: 
16:21:39,141 INFO  [BrowserSelenium] (initElements) -> Name set to field: 
16:21:39,141 INFO  [BrowserSelenium] (initElements) -> CSS set to field: 
16:21:39,141 INFO  [BrowserSelenium] (initElements) -> XPath set to field: //table[@class = 'dataTable']/tbody/tr[3]/td[2]
16:21:39,141 INFO  [BrowserSelenium] (initElements) -> ID set to field: 
16:21:39,141 INFO  [BrowserSelenium] (initElements) -> Name set to field: 
16:21:39,141 INFO  [BrowserSelenium] (initElements) -> CSS set to field: 
16:21:39,141 INFO  [BrowserSelenium] (initElements) -> XPath set to field: //div[@class='row']/a[contains(@href,'downloadPdf')]
16:21:39,141 INFO  [BrowserSelenium] (initElements) -> ID set to field: 
16:21:39,141 INFO  [BrowserSelenium] (initElements) -> Name set to field: 
16:21:39,141 INFO  [BrowserSelenium] (initElements) -> CSS set to field: 
16:21:39,141 INFO  [BrowserSelenium] (initElements) -> XPath set to field: //select[@id='paymentMethod_0.paymentMethodTypeId']
16:21:39,141 INFO  [BrowserSelenium] (initElements) -> ID set to field: 
16:21:39,141 INFO  [BrowserSelenium] (initElements) -> Name set to field: 
16:21:39,141 INFO  [BrowserSelenium] (initElements) -> CSS set to field: 
16:21:39,141 INFO  [BrowserSelenium] (initElements) -> XPath set to field: //input[@id='payment_amountAsDecimal']
16:21:39,141 INFO  [BrowserSelenium] EXIT --> (initElements)
16:21:39,141 INFO  [BrowserSelenium] ENTER --> (_waitForElement) --> Waiting for element: null
16:21:39,141 INFO  [BrowserSelenium] ENTER --> (waitForElement)
16:21:39,151 INFO  [BrowserSelenium] ENTER --> (_getByLocator)
16:21:39,151 INFO  [BrowserSelenium] (_getByLocator) -> Getting locator for null
16:21:39,151 INFO  [BrowserSelenium] (_getByLocator) -> Locator info found for XPATH attribute as: //input[@id = 'payment_amountAsDecimal']
16:21:39,151 INFO  [BrowserSelenium] ENTER --> (_parseElementOnXpath)
16:21:39,151 INFO  [BrowserSelenium] (_parseElementOnXpath) -> //input[@id = 'payment_amountAsDecimal'] is used
16:21:39,151 INFO  [BrowserSelenium] EXIT --> (_parseElementOnXpath)
16:21:39,151 INFO  [BrowserSelenium] EXIT --> (_getByLocator)
16:21:39,171 INFO  [BrowserSelenium] ENTER --> (_getByLocator)
16:21:39,171 INFO  [BrowserSelenium] (_getByLocator) -> Getting locator for null
16:21:39,171 INFO  [BrowserSelenium] (_getByLocator) -> Locator info found for XPATH attribute as: //input[@id = 'payment_amountAsDecimal']
16:21:39,171 INFO  [BrowserSelenium] ENTER --> (_parseElementOnXpath)
16:21:39,171 INFO  [BrowserSelenium] (_parseElementOnXpath) -> //input[@id = 'payment_amountAsDecimal'] is used
16:21:39,171 INFO  [BrowserSelenium] EXIT --> (_parseElementOnXpath)
16:21:39,171 INFO  [BrowserSelenium] EXIT --> (_getByLocator)
16:21:39,211 INFO  [BrowserSelenium] (waitForElement) -> element wait eligibility found: true
16:21:39,211 INFO  [BrowserSelenium] ENTER --> (_waitForJStoLoad)
16:21:39,241 INFO  [BrowserSelenium] EXIT --> (_waitForJStoLoad) --> DOM load wait done: true
16:21:39,241 INFO  [BrowserSelenium] (waitForElement) -> element wait eligibility set: true
16:21:39,241 INFO  [BrowserSelenium] EXIT --> (waitForElement)
16:21:39,241 INFO  [BrowserSelenium] EXIT --> (_waitForElement)
16:21:39,241 INFO  [BrowserSelenium] ENTER --> (_waitForElement) --> Waiting for element: null
16:21:39,241 INFO  [BrowserSelenium] ENTER --> (waitForElement)
16:21:39,261 INFO  [BrowserSelenium] ENTER --> (_getByLocator)
16:21:39,261 INFO  [BrowserSelenium] (_getByLocator) -> Getting locator for null
16:21:39,261 INFO  [BrowserSelenium] (_getByLocator) -> Locator info found for XPATH attribute as: //input[@id = 'payment_amountAsDecimal']
16:21:39,261 INFO  [BrowserSelenium] ENTER --> (_parseElementOnXpath)
16:21:39,261 INFO  [BrowserSelenium] (_parseElementOnXpath) -> //input[@id = 'payment_amountAsDecimal'] is used
16:21:39,261 INFO  [BrowserSelenium] EXIT --> (_parseElementOnXpath)
16:21:39,261 INFO  [BrowserSelenium] EXIT --> (_getByLocator)
16:21:39,281 INFO  [BrowserSelenium] ENTER --> (_getByLocator)
16:21:39,281 INFO  [BrowserSelenium] (_getByLocator) -> Getting locator for null
16:21:39,281 INFO  [BrowserSelenium] (_getByLocator) -> Locator info found for XPATH attribute as: //input[@id = 'payment_amountAsDecimal']
16:21:39,281 INFO  [BrowserSelenium] ENTER --> (_parseElementOnXpath)
16:21:39,281 INFO  [BrowserSelenium] (_parseElementOnXpath) -> //input[@id = 'payment_amountAsDecimal'] is used
16:21:39,281 INFO  [BrowserSelenium] EXIT --> (_parseElementOnXpath)
16:21:39,281 INFO  [BrowserSelenium] EXIT --> (_getByLocator)
16:21:39,331 INFO  [BrowserSelenium] (waitForElement) -> element wait eligibility found: true
16:21:39,331 INFO  [BrowserSelenium] ENTER --> (_waitForJStoLoad)
16:21:39,371 INFO  [BrowserSelenium] EXIT --> (_waitForJStoLoad) --> DOM load wait done: true
16:21:39,371 INFO  [BrowserSelenium] (waitForElement) -> element wait eligibility set: true
16:21:39,371 INFO  [BrowserSelenium] EXIT --> (waitForElement)
16:21:39,371 INFO  [BrowserSelenium] EXIT --> (_waitForElement)
16:21:39,381 INFO  [BrowserSelenium] ENTER --> (_getByLocator)
16:21:39,381 INFO  [BrowserSelenium] (_getByLocator) -> Getting locator for null
16:21:39,381 INFO  [BrowserSelenium] (_getByLocator) -> Locator info found for XPATH attribute as: //input[@id = 'payment_amountAsDecimal']
16:21:39,381 INFO  [BrowserSelenium] ENTER --> (_parseElementOnXpath)
16:21:39,381 INFO  [BrowserSelenium] (_parseElementOnXpath) -> //input[@id = 'payment_amountAsDecimal'] is used
16:21:39,381 INFO  [BrowserSelenium] EXIT --> (_parseElementOnXpath)
16:21:39,381 INFO  [BrowserSelenium] EXIT --> (_getByLocator)
16:21:39,401 INFO  [BrowserSelenium] ENTER --> (initElements)
16:21:39,401 INFO  [BrowserSelenium] (initElements) -> ID set to field: 
16:21:39,401 INFO  [BrowserSelenium] (initElements) -> Name set to field: 
16:21:39,401 INFO  [BrowserSelenium] (initElements) -> CSS set to field: 
16:21:39,401 INFO  [BrowserSelenium] (initElements) -> XPath set to field: //div[@class='btn-box']/a/span
16:21:39,401 INFO  [BrowserSelenium] (initElements) -> ID set to field: 
16:21:39,401 INFO  [BrowserSelenium] (initElements) -> Name set to field: 
16:21:39,401 INFO  [BrowserSelenium] (initElements) -> CSS set to field: 
16:21:39,401 INFO  [BrowserSelenium] (initElements) -> XPath set to field: //span[text()='Add Sub-Account']
16:21:39,401 INFO  [BrowserSelenium] (initElements) -> ID set to field: 
16:21:39,401 INFO  [BrowserSelenium] (initElements) -> Name set to field: 
16:21:39,401 INFO  [BrowserSelenium] (initElements) -> CSS set to field: 
16:21:39,401 INFO  [BrowserSelenium] (initElements) -> XPath set to field: //span[text()='Yes']
16:21:39,401 INFO  [BrowserSelenium] (initElements) -> ID set to field: 
16:21:39,401 INFO  [BrowserSelenium] (initElements) -> Name set to field: 
16:21:39,401 INFO  [BrowserSelenium] (initElements) -> CSS set to field: 
16:21:39,401 INFO  [BrowserSelenium] (initElements) -> XPath set to field: //table[@id='invoices']/tbody/tr/td[2]/a/strong
16:21:39,401 INFO  [BrowserSelenium] (initElements) -> ID set to field: 
16:21:39,401 INFO  [BrowserSelenium] (initElements) -> Name set to field: 
16:21:39,401 INFO  [BrowserSelenium] (initElements) -> CSS set to field: 
16:21:39,401 INFO  [BrowserSelenium] (initElements) -> XPath set to field: //div[@class = 'btn-box']/div/a/span
16:21:39,401 INFO  [BrowserSelenium] (initElements) -> ID set to field: 
16:21:39,401 INFO  [BrowserSelenium] (initElements) -> Name set to field: 
16:21:39,401 INFO  [BrowserSelenium] (initElements) -> CSS set to field: 
16:21:39,401 INFO  [BrowserSelenium] (initElements) -> XPath set to field: //div[@id='payments']/div[2]/table/tbody//input[@class='paymentRadio']
16:21:39,401 INFO  [BrowserSelenium] (initElements) -> ID set to field: 
16:21:39,401 INFO  [BrowserSelenium] (initElements) -> Name set to field: 
16:21:39,401 INFO  [BrowserSelenium] (initElements) -> CSS set to field: 
16:21:39,401 INFO  [BrowserSelenium] (initElements) -> XPath set to field: //input[@id = 'payment_amountAsDecimal']
16:21:39,401 INFO  [BrowserSelenium] (initElements) -> ID set to field: 
16:21:39,401 INFO  [BrowserSelenium] (initElements) -> Name set to field: 
16:21:39,401 INFO  [BrowserSelenium] (initElements) -> CSS set to field: 
16:21:39,401 INFO  [BrowserSelenium] (initElements) -> XPath set to field: //div[@id = 'payment-method-fields-0']/div/div/input
16:21:39,401 INFO  [BrowserSelenium] (initElements) -> ID set to field: 
16:21:39,401 INFO  [BrowserSelenium] (initElements) -> Name set to field: 
16:21:39,401 INFO  [BrowserSelenium] (initElements) -> CSS set to field: 
16:21:39,401 INFO  [BrowserSelenium] (initElements) -> XPath set to field: //div[@id = 'payment-method-fields-0']/div[2]/div/input
16:21:39,401 INFO  [BrowserSelenium] (initElements) -> ID set to field: 
16:21:39,401 INFO  [BrowserSelenium] (initElements) -> Name set to field: 
16:21:39,401 INFO  [BrowserSelenium] (initElements) -> CSS set to field: 
16:21:39,401 INFO  [BrowserSelenium] (initElements) -> XPath set to field: //div[@id = 'payment-method-fields-0']/div[3]/div/input
16:21:39,401 INFO  [BrowserSelenium] (initElements) -> ID set to field: 
16:21:39,401 INFO  [BrowserSelenium] (initElements) -> Name set to field: 
16:21:39,401 INFO  [BrowserSelenium] (initElements) -> CSS set to field: 
16:21:39,401 INFO  [BrowserSelenium] (initElements) -> XPath set to field: //strong[contains(text(), '17')]
16:21:39,401 INFO  [BrowserSelenium] (initElements) -> ID set to field: 
16:21:39,401 INFO  [BrowserSelenium] (initElements) -> Name set to field: 
16:21:39,401 INFO  [BrowserSelenium] (initElements) -> CSS set to field: 
16:21:39,401 INFO  [BrowserSelenium] (initElements) -> XPath set to field: //input[@id = 'paymentMethod_0.processingOrder']
16:21:39,401 INFO  [BrowserSelenium] (initElements) -> ID set to field: 
16:21:39,401 INFO  [BrowserSelenium] (initElements) -> Name set to field: 
16:21:39,401 INFO  [BrowserSelenium] (initElements) -> CSS set to field: 
16:21:39,401 INFO  [BrowserSelenium] (initElements) -> XPath set to field: //div[@class = 'buttons']/ul/li/a/span
16:21:39,401 INFO  [BrowserSelenium] (initElements) -> ID set to field: 
16:21:39,411 INFO  [BrowserSelenium] (initElements) -> Name set to field: 
16:21:39,411 INFO  [BrowserSelenium] (initElements) -> CSS set to field: 
16:21:39,411 INFO  [BrowserSelenium] (initElements) -> XPath set to field: //div[@class = 'buttons']/ul/li/a/span
16:21:39,411 INFO  [BrowserSelenium] (initElements) -> ID set to field: 
16:21:39,411 INFO  [BrowserSelenium] (initElements) -> Name set to field: 
16:21:39,411 INFO  [BrowserSelenium] (initElements) -> CSS set to field: 
16:21:39,411 INFO  [BrowserSelenium] (initElements) -> XPath set to field: //div[@class = 'msg-box info']
16:21:39,411 INFO  [BrowserSelenium] (initElements) -> ID set to field: 
16:21:39,411 INFO  [BrowserSelenium] (initElements) -> Name set to field: 
16:21:39,411 INFO  [BrowserSelenium] (initElements) -> CSS set to field: 
16:21:39,411 INFO  [BrowserSelenium] (initElements) -> XPath set to field: //table[@class = 'dataTable']/tbody/tr[3]/td[2]
16:21:39,411 INFO  [BrowserSelenium] (initElements) -> ID set to field: 
16:21:39,411 INFO  [BrowserSelenium] (initElements) -> Name set to field: 
16:21:39,411 INFO  [BrowserSelenium] (initElements) -> CSS set to field: 
16:21:39,411 INFO  [BrowserSelenium] (initElements) -> XPath set to field: //div[@class='row']/a[contains(@href,'downloadPdf')]
16:21:39,411 INFO  [BrowserSelenium] (initElements) -> ID set to field: 
16:21:39,411 INFO  [BrowserSelenium] (initElements) -> Name set to field: 
16:21:39,411 INFO  [BrowserSelenium] (initElements) -> CSS set to field: 
16:21:39,411 INFO  [BrowserSelenium] (initElements) -> XPath set to field: //select[@id='paymentMethod_0.paymentMethodTypeId']
16:21:39,411 INFO  [BrowserSelenium] (initElements) -> ID set to field: 
16:21:39,411 INFO  [BrowserSelenium] (initElements) -> Name set to field: 
16:21:39,411 INFO  [BrowserSelenium] (initElements) -> CSS set to field: 
16:21:39,411 INFO  [BrowserSelenium] (initElements) -> XPath set to field: //input[@id='payment_amountAsDecimal']
16:21:39,411 INFO  [BrowserSelenium] EXIT --> (initElements)
16:21:39,411 INFO  [BrowserSelenium] ENTER --> (_waitForElement) --> Waiting for element: null
16:21:39,411 INFO  [BrowserSelenium] ENTER --> (waitForElement)
16:21:39,421 INFO  [BrowserSelenium] ENTER --> (_getByLocator)
16:21:39,421 INFO  [BrowserSelenium] (_getByLocator) -> Getting locator for null
16:21:39,421 INFO  [BrowserSelenium] (_getByLocator) -> Locator info found for XPATH attribute as: //div[@id = 'payment-method-fields-0']/div/div/input
16:21:39,421 INFO  [BrowserSelenium] ENTER --> (_parseElementOnXpath)
16:21:39,421 INFO  [BrowserSelenium] (_parseElementOnXpath) -> //div[@id = 'payment-method-fields-0']/div/div/input is used
16:21:39,421 INFO  [BrowserSelenium] EXIT --> (_parseElementOnXpath)
16:21:39,421 INFO  [BrowserSelenium] EXIT --> (_getByLocator)
16:21:39,431 INFO  [BrowserSelenium] ENTER --> (_getByLocator)
16:21:39,431 INFO  [BrowserSelenium] (_getByLocator) -> Getting locator for null
16:21:39,431 INFO  [BrowserSelenium] (_getByLocator) -> Locator info found for XPATH attribute as: //div[@id = 'payment-method-fields-0']/div/div/input
16:21:39,431 INFO  [BrowserSelenium] ENTER --> (_parseElementOnXpath)
16:21:39,431 INFO  [BrowserSelenium] (_parseElementOnXpath) -> //div[@id = 'payment-method-fields-0']/div/div/input is used
16:21:39,431 INFO  [BrowserSelenium] EXIT --> (_parseElementOnXpath)
16:21:39,431 INFO  [BrowserSelenium] EXIT --> (_getByLocator)
16:21:39,481 INFO  [BrowserSelenium] (waitForElement) -> element wait eligibility found: true
16:21:39,481 INFO  [BrowserSelenium] ENTER --> (_waitForJStoLoad)
16:21:39,531 INFO  [BrowserSelenium] EXIT --> (_waitForJStoLoad) --> DOM load wait done: true
16:21:39,531 INFO  [BrowserSelenium] (waitForElement) -> element wait eligibility set: true
16:21:39,531 INFO  [BrowserSelenium] EXIT --> (waitForElement)
16:21:39,531 INFO  [BrowserSelenium] EXIT --> (_waitForElement)
16:21:39,531 INFO  [BrowserSelenium] ENTER --> (_waitForElement) --> Waiting for element: null
16:21:39,531 INFO  [BrowserSelenium] ENTER --> (waitForElement)
16:21:39,541 INFO  [BrowserSelenium] ENTER --> (_getByLocator)
16:21:39,541 INFO  [BrowserSelenium] (_getByLocator) -> Getting locator for null
16:21:39,541 INFO  [BrowserSelenium] (_getByLocator) -> Locator info found for XPATH attribute as: //div[@id = 'payment-method-fields-0']/div/div/input
16:21:39,541 INFO  [BrowserSelenium] ENTER --> (_parseElementOnXpath)
16:21:39,541 INFO  [BrowserSelenium] (_parseElementOnXpath) -> //div[@id = 'payment-method-fields-0']/div/div/input is used
16:21:39,541 INFO  [BrowserSelenium] EXIT --> (_parseElementOnXpath)
16:21:39,541 INFO  [BrowserSelenium] EXIT --> (_getByLocator)
16:21:39,561 INFO  [BrowserSelenium] ENTER --> (_getByLocator)
16:21:39,561 INFO  [BrowserSelenium] (_getByLocator) -> Getting locator for null
16:21:39,561 INFO  [BrowserSelenium] (_getByLocator) -> Locator info found for XPATH attribute as: //div[@id = 'payment-method-fields-0']/div/div/input
16:21:39,561 INFO  [BrowserSelenium] ENTER --> (_parseElementOnXpath)
16:21:39,561 INFO  [BrowserSelenium] (_parseElementOnXpath) -> //div[@id = 'payment-method-fields-0']/div/div/input is used
16:21:39,561 INFO  [BrowserSelenium] EXIT --> (_parseElementOnXpath)
16:21:39,561 INFO  [BrowserSelenium] EXIT --> (_getByLocator)
16:21:39,601 INFO  [BrowserSelenium] (waitForElement) -> element wait eligibility found: true
16:21:39,601 INFO  [BrowserSelenium] ENTER --> (_waitForJStoLoad)
16:21:39,641 INFO  [BrowserSelenium] EXIT --> (_waitForJStoLoad) --> DOM load wait done: true
16:21:39,641 INFO  [BrowserSelenium] (waitForElement) -> element wait eligibility set: true
16:21:39,641 INFO  [BrowserSelenium] EXIT --> (waitForElement)
16:21:39,641 INFO  [BrowserSelenium] EXIT --> (_waitForElement)
16:21:39,641 INFO  [BrowserSelenium] ENTER --> (_waitForElement) --> Waiting for element: null
16:21:39,641 INFO  [BrowserSelenium] ENTER --> (waitForElement)
16:21:39,651 INFO  [BrowserSelenium] ENTER --> (_getByLocator)
16:21:39,651 INFO  [BrowserSelenium] (_getByLocator) -> Getting locator for null
16:21:39,651 INFO  [BrowserSelenium] (_getByLocator) -> Locator info found for XPATH attribute as: //div[@id = 'payment-method-fields-0']/div/div/input
16:21:39,651 INFO  [BrowserSelenium] ENTER --> (_parseElementOnXpath)
16:21:39,651 INFO  [BrowserSelenium] (_parseElementOnXpath) -> //div[@id = 'payment-method-fields-0']/div/div/input is used
16:21:39,651 INFO  [BrowserSelenium] EXIT --> (_parseElementOnXpath)
16:21:39,651 INFO  [BrowserSelenium] EXIT --> (_getByLocator)
16:21:39,671 INFO  [BrowserSelenium] ENTER --> (_getByLocator)
16:21:39,671 INFO  [BrowserSelenium] (_getByLocator) -> Getting locator for null
16:21:39,671 INFO  [BrowserSelenium] (_getByLocator) -> Locator info found for XPATH attribute as: //div[@id = 'payment-method-fields-0']/div/div/input
16:21:39,671 INFO  [BrowserSelenium] ENTER --> (_parseElementOnXpath)
16:21:39,671 INFO  [BrowserSelenium] (_parseElementOnXpath) -> //div[@id = 'payment-method-fields-0']/div/div/input is used
16:21:39,671 INFO  [BrowserSelenium] EXIT --> (_parseElementOnXpath)
16:21:39,671 INFO  [BrowserSelenium] EXIT --> (_getByLocator)
16:21:39,711 INFO  [BrowserSelenium] (waitForElement) -> element wait eligibility found: true
16:21:39,711 INFO  [BrowserSelenium] ENTER --> (_waitForJStoLoad)
16:21:39,751 INFO  [BrowserSelenium] EXIT --> (_waitForJStoLoad) --> DOM load wait done: true
16:21:39,751 INFO  [BrowserSelenium] (waitForElement) -> element wait eligibility set: true
16:21:39,751 INFO  [BrowserSelenium] EXIT --> (waitForElement)
16:21:39,751 INFO  [BrowserSelenium] EXIT --> (_waitForElement)
16:21:39,751 INFO  [BrowserSelenium] ENTER --> (_waitForElement) --> Waiting for element: null
16:21:39,751 INFO  [BrowserSelenium] ENTER --> (waitForElement)
16:21:39,761 INFO  [BrowserSelenium] ENTER --> (_getByLocator)
16:21:39,761 INFO  [BrowserSelenium] (_getByLocator) -> Getting locator for null
16:21:39,761 INFO  [BrowserSelenium] (_getByLocator) -> Locator info found for XPATH attribute as: //div[@id = 'payment-method-fields-0']/div/div/input
16:21:39,761 INFO  [BrowserSelenium] ENTER --> (_parseElementOnXpath)
16:21:39,761 INFO  [BrowserSelenium] (_parseElementOnXpath) -> //div[@id = 'payment-method-fields-0']/div/div/input is used
16:21:39,761 INFO  [BrowserSelenium] EXIT --> (_parseElementOnXpath)
16:21:39,761 INFO  [BrowserSelenium] EXIT --> (_getByLocator)
16:21:39,791 INFO  [BrowserSelenium] ENTER --> (_getByLocator)
16:21:39,791 INFO  [BrowserSelenium] (_getByLocator) -> Getting locator for null
16:21:39,791 INFO  [BrowserSelenium] (_getByLocator) -> Locator info found for XPATH attribute as: //div[@id = 'payment-method-fields-0']/div/div/input
16:21:39,791 INFO  [BrowserSelenium] ENTER --> (_parseElementOnXpath)
16:21:39,791 INFO  [BrowserSelenium] (_parseElementOnXpath) -> //div[@id = 'payment-method-fields-0']/div/div/input is used
16:21:39,791 INFO  [BrowserSelenium] EXIT --> (_parseElementOnXpath)
16:21:39,791 INFO  [BrowserSelenium] EXIT --> (_getByLocator)
16:21:39,821 INFO  [BrowserSelenium] (waitForElement) -> element wait eligibility found: true
16:21:39,821 INFO  [BrowserSelenium] ENTER --> (_waitForJStoLoad)
16:21:39,851 INFO  [BrowserSelenium] EXIT --> (_waitForJStoLoad) --> DOM load wait done: true
16:21:39,851 INFO  [BrowserSelenium] (waitForElement) -> element wait eligibility set: true
16:21:39,861 INFO  [BrowserSelenium] EXIT --> (waitForElement)
16:21:39,861 INFO  [BrowserSelenium] EXIT --> (_waitForElement)
16:21:39,871 INFO  [BrowserSelenium] ENTER --> (_getByLocator)
16:21:39,871 INFO  [BrowserSelenium] (_getByLocator) -> Getting locator for null
16:21:39,871 INFO  [BrowserSelenium] (_getByLocator) -> Locator info found for XPATH attribute as: //div[@id = 'payment-method-fields-0']/div/div/input
16:21:39,871 INFO  [BrowserSelenium] ENTER --> (_parseElementOnXpath)
16:21:39,871 INFO  [BrowserSelenium] (_parseElementOnXpath) -> //div[@id = 'payment-method-fields-0']/div/div/input is used
16:21:39,871 INFO  [BrowserSelenium] EXIT --> (_parseElementOnXpath)
16:21:39,871 INFO  [BrowserSelenium] EXIT --> (_getByLocator)
[...]
16:21:49,285 INFO  [BrowserSelenium] (initElements) -> XPath set to field: //div[@id = 'payment-method-fields-0']/div[2]/div/input
16:21:49,285 INFO  [BrowserSelenium] (initElements) -> ID set to field: 
16:21:49,285 INFO  [BrowserSelenium] (initElements) -> Name set to field: 
16:21:49,285 INFO  [BrowserSelenium] (initElements) -> CSS set to field: 
16:21:49,285 INFO  [BrowserSelenium] (initElements) -> XPath set to field: //div[@id = 'payment-method-fields-0']/div[3]/div/input
16:21:49,285 INFO  [BrowserSelenium] (initElements) -> ID set to field: 
16:21:49,285 INFO  [BrowserSelenium] (initElements) -> Name set to field: 
16:21:49,285 INFO  [BrowserSelenium] (initElements) -> CSS set to field: 
16:21:49,285 INFO  [BrowserSelenium] (initElements) -> XPath set to field: //strong[contains(text(), '17')]
16:21:49,285 INFO  [BrowserSelenium] (initElements) -> ID set to field: 
16:21:49,285 INFO  [BrowserSelenium] (initElements) -> Name set to field: 
16:21:49,285 INFO  [BrowserSelenium] (initElements) -> CSS set to field: 
16:21:49,285 INFO  [BrowserSelenium] (initElements) -> XPath set to field: //input[@id = 'paymentMethod_0.processingOrder']
16:21:49,285 INFO  [BrowserSelenium] (initElements) -> ID set to field: 
16:21:49,285 INFO  [BrowserSelenium] (initElements) -> Name set to field: 
16:21:49,285 INFO  [BrowserSelenium] (initElements) -> CSS set to field: 
16:21:49,285 INFO  [BrowserSelenium] (initElements) -> XPath set to field: //div[@class = 'buttons']/ul/li/a/span
16:21:49,295 INFO  [BrowserSelenium] (initElements) -> ID set to field: 
16:21:49,295 INFO  [BrowserSelenium] (initElements) -> Name set to field: 
16:21:49,295 INFO  [BrowserSelenium] (initElements) -> CSS set to field: 
16:21:49,295 INFO  [BrowserSelenium] (initElements) -> XPath set to field: //div[@class = 'buttons']/ul/li/a/span
16:21:49,295 INFO  [BrowserSelenium] (initElements) -> ID set to field: 
16:21:49,295 INFO  [BrowserSelenium] (initElements) -> Name set to field: 
16:21:49,295 INFO  [BrowserSelenium] (initElements) -> CSS set to field: 
16:21:49,295 INFO  [BrowserSelenium] (initElements) -> XPath set to field: //div[@class = 'msg-box info']
16:21:49,295 INFO  [BrowserSelenium] (initElements) -> ID set to field: 
16:21:49,295 INFO  [BrowserSelenium] (initElements) -> Name set to field: 
16:21:49,295 INFO  [BrowserSelenium] (initElements) -> CSS set to field: 
16:21:49,295 INFO  [BrowserSelenium] (initElements) -> XPath set to field: //table[@class = 'dataTable']/tbody/tr[3]/td[2]
16:21:49,295 INFO  [BrowserSelenium] (initElements) -> ID set to field: 
16:21:49,295 INFO  [BrowserSelenium] (initElements) -> Name set to field: 
16:21:49,295 INFO  [BrowserSelenium] (initElements) -> CSS set to field: 
16:21:49,295 INFO  [BrowserSelenium] (initElements) -> XPath set to field: //div[@class='row']/a[contains(@href,'downloadPdf')]
16:21:49,295 INFO  [BrowserSelenium] (initElements) -> ID set to field: 
16:21:49,295 INFO  [BrowserSelenium] (initElements) -> Name set to field: 
16:21:49,295 INFO  [BrowserSelenium] (initElements) -> CSS set to field: 
16:21:49,295 INFO  [BrowserSelenium] (initElements) -> XPath set to field: //select[@id='paymentMethod_0.paymentMethodTypeId']
16:21:49,295 INFO  [BrowserSelenium] (initElements) -> ID set to field: 
16:21:49,295 INFO  [BrowserSelenium] (initElements) -> Name set to field: 
16:21:49,295 INFO  [BrowserSelenium] (initElements) -> CSS set to field: 
16:21:49,295 INFO  [BrowserSelenium] (initElements) -> XPath set to field: //input[@id='payment_amountAsDecimal']
16:21:49,295 INFO  [BrowserSelenium] EXIT --> (initElements)
16:21:49,295 INFO  [BrowserSelenium] ENTER --> (_waitForElement) --> Waiting for element: null
16:21:49,295 INFO  [BrowserSelenium] ENTER --> (waitForElement)
16:21:49,315 INFO  [BrowserSelenium] ENTER --> (_getByLocator)
16:21:49,315 INFO  [BrowserSelenium] (_getByLocator) -> Getting locator for null
16:21:49,315 INFO  [BrowserSelenium] (_getByLocator) -> Locator info found for XPATH attribute as: //div[@class = 'msg-box info']
16:21:49,315 INFO  [BrowserSelenium] ENTER --> (_parseElementOnXpath)
16:21:49,315 INFO  [BrowserSelenium] (_parseElementOnXpath) -> //div[@class = 'msg-box info'] is used
16:21:49,315 INFO  [BrowserSelenium] EXIT --> (_parseElementOnXpath)
16:21:49,315 INFO  [BrowserSelenium] EXIT --> (_getByLocator)
16:21:49,345 INFO  [BrowserSelenium] ENTER --> (_getByLocator)
16:21:49,355 INFO  [BrowserSelenium] (_getByLocator) -> Getting locator for null
16:21:49,355 INFO  [BrowserSelenium] (_getByLocator) -> Locator info found for XPATH attribute as: //div[@class = 'msg-box info']
16:21:49,355 INFO  [BrowserSelenium] ENTER --> (_parseElementOnXpath)
16:21:49,355 INFO  [BrowserSelenium] (_parseElementOnXpath) -> //div[@class = 'msg-box info'] is used
16:21:49,355 INFO  [BrowserSelenium] EXIT --> (_parseElementOnXpath)
16:21:49,355 INFO  [BrowserSelenium] EXIT --> (_getByLocator)
16:21:49,415 INFO  [BrowserSelenium] (waitForElement) -> element wait eligibility found: true
16:21:49,415 INFO  [BrowserSelenium] ENTER --> (_waitForJStoLoad)
16:21:49,475 INFO  [BrowserSelenium] EXIT --> (_waitForJStoLoad) --> DOM load wait done: true
16:21:49,475 INFO  [BrowserSelenium] (waitForElement) -> element wait eligibility set: true
16:21:49,485 INFO  [BrowserSelenium] EXIT --> (waitForElement)
16:21:49,485 INFO  [BrowserSelenium] EXIT --> (_waitForElement)
16:21:49,485 INFO  [BrowserSelenium] ENTER --> (initElements)
16:21:49,485 INFO  [BrowserSelenium] (initElements) -> ID set to field: 
16:21:49,485 INFO  [BrowserSelenium] (initElements) -> Name set to field: 
16:21:49,485 INFO  [BrowserSelenium] (initElements) -> CSS set to field: 
16:21:49,485 INFO  [BrowserSelenium] (initElements) -> XPath set to field: //div[@class='btn-box']/a/span
16:21:49,485 INFO  [BrowserSelenium] (initElements) -> ID set to field: 
16:21:49,485 INFO  [BrowserSelenium] (initElements) -> Name set to field: 
16:21:49,485 INFO  [BrowserSelenium] (initElements) -> CSS set to field: 
16:21:49,485 INFO  [BrowserSelenium] (initElements) -> XPath set to field: //span[text()='Add Sub-Account']
16:21:49,485 INFO  [BrowserSelenium] (initElements) -> ID set to field: 
16:21:49,485 INFO  [BrowserSelenium] (initElements) -> Name set to field: 
16:21:49,485 INFO  [BrowserSelenium] (initElements) -> CSS set to field: 
16:21:49,485 INFO  [BrowserSelenium] (initElements) -> XPath set to field: //span[text()='Yes']
16:21:49,485 INFO  [BrowserSelenium] (initElements) -> ID set to field: 
16:21:49,485 INFO  [BrowserSelenium] (initElements) -> Name set to field: 
16:21:49,485 INFO  [BrowserSelenium] (initElements) -> CSS set to field: 
16:21:49,485 INFO  [BrowserSelenium] (initElements) -> XPath set to field: //table[@id='invoices']/tbody/tr/td[2]/a/strong
16:21:49,485 INFO  [BrowserSelenium] (initElements) -> ID set to field: 
16:21:49,485 INFO  [BrowserSelenium] (initElements) -> Name set to field: 
16:21:49,485 INFO  [BrowserSelenium] (initElements) -> CSS set to field: 
16:21:49,485 INFO  [BrowserSelenium] (initElements) -> XPath set to field: //div[@class = 'btn-box']/div/a/span
16:21:49,485 INFO  [BrowserSelenium] (initElements) -> ID set to field: 
16:21:49,485 INFO  [BrowserSelenium] (initElements) -> Name set to field: 
16:21:49,485 INFO  [BrowserSelenium] (initElements) -> CSS set to field: 
16:21:49,485 INFO  [BrowserSelenium] (initElements) -> XPath set to field: //div[@id='payments']/div[2]/table/tbody//input[@class='paymentRadio']
16:21:49,485 INFO  [BrowserSelenium] (initElements) -> ID set to field: 
16:21:49,485 INFO  [BrowserSelenium] (initElements) -> Name set to field: 
16:21:49,485 INFO  [BrowserSelenium] (initElements) -> CSS set to field: 
16:21:49,485 INFO  [BrowserSelenium] (initElements) -> XPath set to field: //input[@id = 'payment_amountAsDecimal']
16:21:49,485 INFO  [BrowserSelenium] (initElements) -> ID set to field: 
16:21:49,485 INFO  [BrowserSelenium] (initElements) -> Name set to field: 
16:21:49,485 INFO  [BrowserSelenium] (initElements) -> CSS set to field: 
16:21:49,485 INFO  [BrowserSelenium] (initElements) -> XPath set to field: //div[@id = 'payment-method-fields-0']/div/div/input
16:21:49,485 INFO  [BrowserSelenium] (initElements) -> ID set to field: 
16:21:49,485 INFO  [BrowserSelenium] (initElements) -> Name set to field: 
16:21:49,485 INFO  [BrowserSelenium] (initElements) -> CSS set to field: 
16:21:49,485 INFO  [BrowserSelenium] (initElements) -> XPath set to field: //div[@id = 'payment-method-fields-0']/div[2]/div/input
16:21:49,485 INFO  [BrowserSelenium] (initElements) -> ID set to field: 
16:21:49,485 INFO  [BrowserSelenium] (initElements) -> Name set to field: 
16:21:49,485 INFO  [BrowserSelenium] (initElements) -> CSS set to field: 
16:21:49,485 INFO  [BrowserSelenium] (initElements) -> XPath set to field: //div[@id = 'payment-method-fields-0']/div[3]/div/input
16:21:49,485 INFO  [BrowserSelenium] (initElements) -> ID set to field: 
16:21:49,485 INFO  [BrowserSelenium] (initElements) -> Name set to field: 
16:21:49,485 INFO  [BrowserSelenium] (initElements) -> CSS set to field: 
16:21:49,485 INFO  [BrowserSelenium] (initElements) -> XPath set to field: //strong[contains(text(), '17')]
16:21:49,485 INFO  [BrowserSelenium] (initElements) -> ID set to field: 
16:21:49,485 INFO  [BrowserSelenium] (initElements) -> Name set to field: 
16:21:49,485 INFO  [BrowserSelenium] (initElements) -> CSS set to field: 
16:21:49,485 INFO  [BrowserSelenium] (initElements) -> XPath set to field: //input[@id = 'paymentMethod_0.processingOrder']
16:21:49,485 INFO  [BrowserSelenium] (initElements) -> ID set to field: 
16:21:49,485 INFO  [BrowserSelenium] (initElements) -> Name set to field: 
16:21:49,485 INFO  [BrowserSelenium] (initElements) -> CSS set to field: 
16:21:49,485 INFO  [BrowserSelenium] (initElements) -> XPath set to field: //div[@class = 'buttons']/ul/li/a/span
16:21:49,485 INFO  [BrowserSelenium] (initElements) -> ID set to field: 
16:21:49,485 INFO  [BrowserSelenium] (initElements) -> Name set to field: 
16:21:49,485 INFO  [BrowserSelenium] (initElements) -> CSS set to field: 
16:21:49,485 INFO  [BrowserSelenium] (initElements) -> XPath set to field: //div[@class = 'buttons']/ul/li/a/span
16:21:49,485 INFO  [BrowserSelenium] (initElements) -> ID set to field: 
16:21:49,485 INFO  [BrowserSelenium] (initElements) -> Name set to field: 
16:21:49,485 INFO  [BrowserSelenium] (initElements) -> CSS set to field: 
16:21:49,485 INFO  [BrowserSelenium] (initElements) -> XPath set to field: //div[@class = 'msg-box info']
16:21:49,485 INFO  [BrowserSelenium] (initElements) -> ID set to field: 
16:21:49,485 INFO  [BrowserSelenium] (initElements) -> Name set to field: 
16:21:49,485 INFO  [BrowserSelenium] (initElements) -> CSS set to field: 
16:21:49,485 INFO  [BrowserSelenium] (initElements) -> XPath set to field: //table[@class = 'dataTable']/tbody/tr[3]/td[2]
16:21:49,485 INFO  [BrowserSelenium] (initElements) -> ID set to field: 
16:21:49,485 INFO  [BrowserSelenium] (initElements) -> Name set to field: 
16:21:49,485 INFO  [BrowserSelenium] (initElements) -> CSS set to field: 
16:21:49,485 INFO  [BrowserSelenium] (initElements) -> XPath set to field: //div[@class='row']/a[contains(@href,'downloadPdf')]
16:21:49,485 INFO  [BrowserSelenium] (initElements) -> ID set to field: 
16:21:49,485 INFO  [BrowserSelenium] (initElements) -> Name set to field: 
16:21:49,485 INFO  [BrowserSelenium] (initElements) -> CSS set to field: 
16:21:49,485 INFO  [BrowserSelenium] (initElements) -> XPath set to field: //select[@id='paymentMethod_0.paymentMethodTypeId']
16:21:49,485 INFO  [BrowserSelenium] (initElements) -> ID set to field: 
16:21:49,485 INFO  [BrowserSelenium] (initElements) -> Name set to field: 
16:21:49,485 INFO  [BrowserSelenium] (initElements) -> CSS set to field: 
16:21:49,495 INFO  [BrowserSelenium] (initElements) -> XPath set to field: //input[@id='payment_amountAsDecimal']
16:21:49,495 INFO  [BrowserSelenium] EXIT --> (initElements)
16:21:49,495 INFO  [InvoicePage] EXIT --> (payInvoice)
16:21:49,495 INFO  [BrowserSelenium] ENTER --> (initElements)
16:21:49,495 INFO  [BrowserSelenium] (initElements) -> ID set to field: 
16:21:49,495 INFO  [BrowserSelenium] (initElements) -> Name set to field: 
16:21:49,495 INFO  [BrowserSelenium] (initElements) -> CSS set to field: 
16:21:49,495 INFO  [BrowserSelenium] (initElements) -> XPath set to field: //div[@class='btn-box']/a/span
16:21:49,495 INFO  [BrowserSelenium] (initElements) -> ID set to field: 
16:21:49,495 INFO  [BrowserSelenium] (initElements) -> Name set to field: 
16:21:49,495 INFO  [BrowserSelenium] (initElements) -> CSS set to field: 
16:21:49,495 INFO  [BrowserSelenium] (initElements) -> XPath set to field: //span[text()='Add Sub-Account']
16:21:49,495 INFO  [BrowserSelenium] (initElements) -> ID set to field: 
16:21:49,495 INFO  [BrowserSelenium] (initElements) -> Name set to field: 
16:21:49,495 INFO  [BrowserSelenium] (initElements) -> CSS set to field: 
16:21:49,495 INFO  [BrowserSelenium] (initElements) -> XPath set to field: //span[text()='Yes']
16:21:49,495 INFO  [BrowserSelenium] (initElements) -> ID set to field: 
16:21:49,495 INFO  [BrowserSelenium] (initElements) -> Name set to field: 
16:21:49,495 INFO  [BrowserSelenium] (initElements) -> CSS set to field: 
16:21:49,495 INFO  [BrowserSelenium] (initElements) -> XPath set to field: //table[@id='invoices']/tbody/tr/td[2]/a/strong
16:21:49,495 INFO  [BrowserSelenium] (initElements) -> ID set to field: 
16:21:49,495 INFO  [BrowserSelenium] (initElements) -> Name set to field: 
16:21:49,495 INFO  [BrowserSelenium] (initElements) -> CSS set to field: 
16:21:49,495 INFO  [BrowserSelenium] (initElements) -> XPath set to field: //div[@class = 'btn-box']/div/a/span
16:21:49,495 INFO  [BrowserSelenium] (initElements) -> ID set to field: 
16:21:49,495 INFO  [BrowserSelenium] (initElements) -> Name set to field: 
16:21:49,495 INFO  [BrowserSelenium] (initElements) -> CSS set to field: 
16:21:49,495 INFO  [BrowserSelenium] (initElements) -> XPath set to field: //div[@id='payments']/div[2]/table/tbody//input[@class='paymentRadio']
16:21:49,495 INFO  [BrowserSelenium] (initElements) -> ID set to field: 
16:21:49,495 INFO  [BrowserSelenium] (initElements) -> Name set to field: 
16:21:49,495 INFO  [BrowserSelenium] (initElements) -> CSS set to field: 
16:21:49,495 INFO  [BrowserSelenium] (initElements) -> XPath set to field: //input[@id = 'payment_amountAsDecimal']
16:21:49,495 INFO  [BrowserSelenium] (initElements) -> ID set to field: 
16:21:49,495 INFO  [BrowserSelenium] (initElements) -> Name set to field: 
16:21:49,495 INFO  [BrowserSelenium] (initElements) -> CSS set to field: 
16:21:49,495 INFO  [BrowserSelenium] (initElements) -> XPath set to field: //div[@id = 'payment-method-fields-0']/div/div/input
16:21:49,495 INFO  [BrowserSelenium] (initElements) -> ID set to field: 
16:21:49,495 INFO  [BrowserSelenium] (initElements) -> Name set to field: 
16:21:49,495 INFO  [BrowserSelenium] (initElements) -> CSS set to field: 
16:21:49,495 INFO  [BrowserSelenium] (initElements) -> XPath set to field: //div[@id = 'payment-method-fields-0']/div[2]/div/input
16:21:49,495 INFO  [BrowserSelenium] (initElements) -> ID set to field: 
16:21:49,495 INFO  [BrowserSelenium] (initElements) -> Name set to field: 
16:21:49,495 INFO  [BrowserSelenium] (initElements) -> CSS set to field: 
16:21:49,495 INFO  [BrowserSelenium] (initElements) -> XPath set to field: //div[@id = 'payment-method-fields-0']/div[3]/div/input
16:21:49,495 INFO  [BrowserSelenium] (initElements) -> ID set to field: 
16:21:49,495 INFO  [BrowserSelenium] (initElements) -> Name set to field: 
16:21:49,495 INFO  [BrowserSelenium] (initElements) -> CSS set to field: 
16:21:49,495 INFO  [BrowserSelenium] (initElements) -> XPath set to field: //strong[contains(text(), '17')]
16:21:49,495 INFO  [BrowserSelenium] (initElements) -> ID set to field: 
16:21:49,495 INFO  [BrowserSelenium] (initElements) -> Name set to field: 
16:21:49,495 INFO  [BrowserSelenium] (initElements) -> CSS set to field: 
16:21:49,495 INFO  [BrowserSelenium] (initElements) -> XPath set to field: //input[@id = 'paymentMethod_0.processingOrder']
16:21:49,495 INFO  [BrowserSelenium] (initElements) -> ID set to field: 
16:21:49,495 INFO  [BrowserSelenium] (initElements) -> Name set to field: 
16:21:49,495 INFO  [BrowserSelenium] (initElements) -> CSS set to field: 
16:21:49,495 INFO  [BrowserSelenium] (initElements) -> XPath set to field: //div[@class = 'buttons']/ul/li/a/span
16:21:49,505 INFO  [BrowserSelenium] (initElements) -> ID set to field: 
16:21:49,505 INFO  [BrowserSelenium] (initElements) -> Name set to field: 
16:21:49,505 INFO  [BrowserSelenium] (initElements) -> CSS set to field: 
16:21:49,505 INFO  [BrowserSelenium] (initElements) -> XPath set to field: //div[@class = 'buttons']/ul/li/a/span
16:21:49,505 INFO  [BrowserSelenium] (initElements) -> ID set to field: 
16:21:49,505 INFO  [BrowserSelenium] (initElements) -> Name set to field: 
16:21:49,505 INFO  [BrowserSelenium] (initElements) -> CSS set to field: 
16:21:49,505 INFO  [BrowserSelenium] (initElements) -> XPath set to field: //div[@class = 'msg-box info']
16:21:49,505 INFO  [BrowserSelenium] (initElements) -> ID set to field: 
16:21:49,505 INFO  [BrowserSelenium] (initElements) -> Name set to field: 
16:21:49,505 INFO  [BrowserSelenium] (initElements) -> CSS set to field: 
16:21:49,505 INFO  [BrowserSelenium] (initElements) -> XPath set to field: //table[@class = 'dataTable']/tbody/tr[3]/td[2]
16:21:49,505 INFO  [BrowserSelenium] (initElements) -> ID set to field: 
16:21:49,505 INFO  [BrowserSelenium] (initElements) -> Name set to field: 
16:21:49,505 INFO  [BrowserSelenium] (initElements) -> CSS set to field: 
16:21:49,505 INFO  [BrowserSelenium] (initElements) -> XPath set to field: //div[@class='row']/a[contains(@href,'downloadPdf')]
16:21:49,505 INFO  [BrowserSelenium] (initElements) -> ID set to field: 
16:21:49,505 INFO  [BrowserSelenium] (initElements) -> Name set to field: 
16:21:49,505 INFO  [BrowserSelenium] (initElements) -> CSS set to field: 
16:21:49,505 INFO  [BrowserSelenium] (initElements) -> XPath set to field: //select[@id='paymentMethod_0.paymentMethodTypeId']
16:21:49,505 INFO  [BrowserSelenium] (initElements) -> ID set to field: 
16:21:49,505 INFO  [BrowserSelenium] (initElements) -> Name set to field: 
16:21:49,505 INFO  [BrowserSelenium] (initElements) -> CSS set to field: 
16:21:49,505 INFO  [BrowserSelenium] (initElements) -> XPath set to field: //input[@id='payment_amountAsDecimal']
16:21:49,505 INFO  [BrowserSelenium] EXIT --> (initElements)
16:21:49,505 INFO  [BrowserSelenium] ENTER --> (_waitForElement) --> Waiting for element: null
16:21:49,505 INFO  [BrowserSelenium] ENTER --> (waitForElement)
16:21:49,515 INFO  [BrowserSelenium] ENTER --> (_getByLocator)
16:21:49,515 INFO  [BrowserSelenium] (_getByLocator) -> Getting locator for null
16:21:49,515 INFO  [BrowserSelenium] (_getByLocator) -> Locator info found for XPATH attribute as: //div[@id='breadcrumbs']
16:21:49,515 INFO  [BrowserSelenium] ENTER --> (_parseElementOnXpath)
16:21:49,515 INFO  [BrowserSelenium] (_parseElementOnXpath) -> //div[@id='breadcrumbs'] is used
16:21:49,515 INFO  [BrowserSelenium] EXIT --> (_parseElementOnXpath)
16:21:49,515 INFO  [BrowserSelenium] EXIT --> (_getByLocator)
16:21:49,570 INFO  [BrowserSelenium] ENTER --> (_getByLocator)
16:21:49,571 INFO  [BrowserSelenium] (_getByLocator) -> Getting locator for null
16:21:49,571 INFO  [BrowserSelenium] (_getByLocator) -> Locator info found for XPATH attribute as: //div[@id='breadcrumbs']
16:21:49,571 INFO  [BrowserSelenium] ENTER --> (_parseElementOnXpath)
16:21:49,571 INFO  [BrowserSelenium] (_parseElementOnXpath) -> //div[@id='breadcrumbs'] is used
16:21:49,571 INFO  [BrowserSelenium] EXIT --> (_parseElementOnXpath)
16:21:49,571 INFO  [BrowserSelenium] EXIT --> (_getByLocator)
]]></system-out>
  <system-err><![CDATA[]]></system-err>
</testsuite>
