<?xml version="1.0" encoding="UTF-8"?>
<testsuite name="com.jbilling.test.VerifyUserAbleGetMandatoryFieldMessageForAccountType" tests="1" skipped="0" failures="0" errors="0" timestamp="2016-08-04T08:04:40" hostname="Shashank-PC" time="15.646">
  <properties/>
  <testcase name="TC11_2_VerifyMandatoryFieldMessageForAccountType" classname="com.jbilling.test.VerifyUserAbleGetMandatoryFieldMessageForAccountType" time="15.646"/>
  <system-out><![CDATA[13:34:40,854 INFO  [VerifyUserAbleGetMandatoryFieldMessageForAccountType] ENTER --> (TC11_2_VerifyMandatoryFieldMessageForAccountType)
13:34:40,854 INFO  [BrowserSelenium] ENTER --> (clickLinkText)
13:34:40,854 INFO  [BrowserSelenium] ENTER --> (_waitForElement) --> Waiting for element: null
13:34:40,864 INFO  [BrowserSelenium] ENTER --> (waitForElement)
13:34:46,753 INFO  [BrowserSelenium] ENTER --> (_getByLocator)
13:34:46,753 INFO  [BrowserSelenium] (_getByLocator) -> Getting locator for null
13:34:46,753 INFO  [BrowserSelenium] (_getByLocator) -> Locator info found for XPATH attribute as: //a[@href='/jbilling/config/index']
13:34:46,753 INFO  [BrowserSelenium] ENTER --> (_parseElementOnXpath)
13:34:46,753 INFO  [BrowserSelenium] (_parseElementOnXpath) -> //a[@href='/jbilling/config/index'] is used
13:34:46,753 INFO  [BrowserSelenium] EXIT --> (_parseElementOnXpath)
13:34:46,753 INFO  [BrowserSelenium] EXIT --> (_getByLocator)
13:34:46,783 INFO  [BrowserSelenium] ENTER --> (_getByLocator)
13:34:46,783 INFO  [BrowserSelenium] (_getByLocator) -> Getting locator for null
13:34:46,783 INFO  [BrowserSelenium] (_getByLocator) -> Locator info found for XPATH attribute as: //a[@href='/jbilling/config/index']
13:34:46,783 INFO  [BrowserSelenium] ENTER --> (_parseElementOnXpath)
13:34:46,783 INFO  [BrowserSelenium] (_parseElementOnXpath) -> //a[@href='/jbilling/config/index'] is used
13:34:46,783 INFO  [BrowserSelenium] EXIT --> (_parseElementOnXpath)
13:34:46,783 INFO  [BrowserSelenium] EXIT --> (_getByLocator)
13:34:46,843 INFO  [BrowserSelenium] (waitForElement) -> element wait eligibility found: true
13:34:46,853 INFO  [BrowserSelenium] ENTER --> (_waitForJStoLoad)
13:34:46,913 INFO  [BrowserSelenium] EXIT --> (_waitForJStoLoad) --> DOM load wait done: true
13:34:46,913 INFO  [BrowserSelenium] (waitForElement) -> element wait eligibility set: true
13:34:46,913 INFO  [BrowserSelenium] EXIT --> (waitForElement)
13:34:46,913 INFO  [BrowserSelenium] EXIT --> (_waitForElement)
13:34:46,923 INFO  [BrowserSelenium] ENTER --> (_getByLocator)
13:34:46,923 INFO  [BrowserSelenium] (_getByLocator) -> Getting locator for null
13:34:46,923 INFO  [BrowserSelenium] (_getByLocator) -> Locator info found for XPATH attribute as: //a[@href='/jbilling/config/index']
13:34:46,923 INFO  [BrowserSelenium] ENTER --> (_parseElementOnXpath)
13:34:46,923 INFO  [BrowserSelenium] (_parseElementOnXpath) -> //a[@href='/jbilling/config/index'] is used
13:34:46,923 INFO  [BrowserSelenium] EXIT --> (_parseElementOnXpath)
13:34:46,923 INFO  [BrowserSelenium] EXIT --> (_getByLocator)
13:34:46,943 INFO  [BrowserSelenium] ENTER --> (_clickUsingJavaScript)
13:34:46,983 INFO  [BrowserSelenium] EXIT --> (_clickUsingJavaScript)
13:34:46,983 INFO  [BrowserSelenium] EXIT --> (clickLinkText)
13:34:46,983 INFO  [BrowserSelenium] ENTER --> (initElements)
13:34:46,983 INFO  [BrowserSelenium] (initElements) -> ID set to field: 
13:34:46,983 INFO  [BrowserSelenium] (initElements) -> Name set to field: 
13:34:46,983 INFO  [BrowserSelenium] (initElements) -> CSS set to field: 
13:34:46,983 INFO  [BrowserSelenium] (initElements) -> XPath set to field: //div[@class='menu-items']/ul/li
13:34:46,983 INFO  [BrowserSelenium] (initElements) -> ID set to field: 
13:34:46,983 INFO  [BrowserSelenium] (initElements) -> Name set to field: 
13:34:46,983 INFO  [BrowserSelenium] (initElements) -> CSS set to field: 
13:34:46,983 INFO  [BrowserSelenium] (initElements) -> XPath set to field: //div[@id='column1']/div[@class='table-box']/table/tbody//td/a/strong
13:34:46,983 INFO  [BrowserSelenium] (initElements) -> ID set to field: 
13:34:46,983 INFO  [BrowserSelenium] (initElements) -> Name set to field: 
13:34:46,983 INFO  [BrowserSelenium] (initElements) -> CSS set to field: 
13:34:46,983 INFO  [BrowserSelenium] (initElements) -> XPath set to field: //span[text()='Add New']
13:34:46,983 INFO  [BrowserSelenium] (initElements) -> ID set to field: 
13:34:46,983 INFO  [BrowserSelenium] (initElements) -> Name set to field: 
13:34:46,983 INFO  [BrowserSelenium] (initElements) -> CSS set to field: 
13:34:46,983 INFO  [BrowserSelenium] (initElements) -> XPath set to field: //span[text()='Save Changes']
13:34:46,983 INFO  [BrowserSelenium] (initElements) -> ID set to field: 
13:34:46,983 INFO  [BrowserSelenium] (initElements) -> Name set to field: 
13:34:46,983 INFO  [BrowserSelenium] (initElements) -> CSS set to field: 
13:34:46,983 INFO  [BrowserSelenium] (initElements) -> XPath set to field: //span[text()='Cancel']
13:34:46,983 INFO  [BrowserSelenium] (initElements) -> ID set to field: 
13:34:46,983 INFO  [BrowserSelenium] (initElements) -> Name set to field: 
13:34:46,983 INFO  [BrowserSelenium] (initElements) -> CSS set to field: 
13:34:46,983 INFO  [BrowserSelenium] (initElements) -> XPath set to field: //span[text()='Upload File']
13:34:46,983 INFO  [BrowserSelenium] (initElements) -> ID set to field: 
13:34:46,983 INFO  [BrowserSelenium] (initElements) -> Name set to field: 
13:34:46,993 INFO  [BrowserSelenium] (initElements) -> CSS set to field: 
13:34:46,993 INFO  [BrowserSelenium] (initElements) -> XPath set to field: //input[@type='file']
13:34:46,993 INFO  [BrowserSelenium] (initElements) -> ID set to field: 
13:34:46,993 INFO  [BrowserSelenium] (initElements) -> Name set to field: 
13:34:46,993 INFO  [BrowserSelenium] (initElements) -> CSS set to field: 
13:34:46,993 INFO  [BrowserSelenium] (initElements) -> XPath set to field: //span[contains(text(),'Edit')]
13:34:46,993 INFO  [BrowserSelenium] (initElements) -> ID set to field: 
13:34:46,993 INFO  [BrowserSelenium] (initElements) -> Name set to field: 
13:34:46,993 INFO  [BrowserSelenium] (initElements) -> CSS set to field: 
13:34:46,993 INFO  [BrowserSelenium] (initElements) -> XPath set to field: //a[@class='submit save']
13:34:46,993 INFO  [BrowserSelenium] (initElements) -> ID set to field: 
13:34:46,993 INFO  [BrowserSelenium] (initElements) -> Name set to field: 
13:34:46,993 INFO  [BrowserSelenium] (initElements) -> CSS set to field: 
13:34:46,993 INFO  [BrowserSelenium] (initElements) -> XPath set to field: //select[@id='typeId']
13:34:46,993 INFO  [BrowserSelenium] (initElements) -> ID set to field: 
13:34:46,993 INFO  [BrowserSelenium] (initElements) -> Name set to field: 
13:34:46,993 INFO  [BrowserSelenium] (initElements) -> CSS set to field: 
13:34:46,993 INFO  [BrowserSelenium] (initElements) -> XPath set to field: //input[@id='processingOrder']
13:34:46,993 INFO  [BrowserSelenium] (initElements) -> ID set to field: 
13:34:46,993 INFO  [BrowserSelenium] (initElements) -> Name set to field: 
13:34:46,993 INFO  [BrowserSelenium] (initElements) -> CSS set to field: 
13:34:46,993 INFO  [BrowserSelenium] (initElements) -> XPath set to field: //input[@id='name']
13:34:46,993 INFO  [BrowserSelenium] (initElements) -> ID set to field: 
13:34:46,993 INFO  [BrowserSelenium] (initElements) -> Name set to field: 
13:34:46,993 INFO  [BrowserSelenium] (initElements) -> CSS set to field: 
13:34:46,993 INFO  [BrowserSelenium] (initElements) -> XPath set to field: //input[@id='plgDynamic.1.name']
13:34:46,993 INFO  [BrowserSelenium] (initElements) -> ID set to field: 
13:34:46,993 INFO  [BrowserSelenium] (initElements) -> Name set to field: 
13:34:46,993 INFO  [BrowserSelenium] (initElements) -> CSS set to field: 
13:34:46,993 INFO  [BrowserSelenium] (initElements) -> XPath set to field: //input[@id='plgDynamic.1.value']
13:34:46,993 INFO  [BrowserSelenium] (initElements) -> ID set to field: 
13:34:46,993 INFO  [BrowserSelenium] (initElements) -> Name set to field: 
13:34:46,993 INFO  [BrowserSelenium] (initElements) -> CSS set to field: 
13:34:46,993 INFO  [BrowserSelenium] (initElements) -> XPath set to field: //img[@alt='add']
13:34:46,993 INFO  [BrowserSelenium] (initElements) -> ID set to field: 
13:34:46,993 INFO  [BrowserSelenium] (initElements) -> Name set to field: 
13:34:46,993 INFO  [BrowserSelenium] (initElements) -> CSS set to field: 
13:34:46,993 INFO  [BrowserSelenium] (initElements) -> XPath set to field: //img[@alt='remove']
13:34:46,993 INFO  [BrowserSelenium] (initElements) -> ID set to field: 
13:34:46,993 INFO  [BrowserSelenium] (initElements) -> Name set to field: 
13:34:46,993 INFO  [BrowserSelenium] (initElements) -> CSS set to field: 
13:34:46,993 INFO  [BrowserSelenium] (initElements) -> XPath set to field: //span[text()='Save Plug-in']
13:34:46,993 INFO  [BrowserSelenium] (initElements) -> ID set to field: 
13:34:46,993 INFO  [BrowserSelenium] (initElements) -> Name set to field: 
13:34:46,993 INFO  [BrowserSelenium] (initElements) -> CSS set to field: 
13:34:46,993 INFO  [BrowserSelenium] (initElements) -> XPath set to field: //input[@id='nextRunDate']
13:34:46,993 INFO  [BrowserSelenium] (initElements) -> ID set to field: 
13:34:46,993 INFO  [BrowserSelenium] (initElements) -> Name set to field: 
13:34:46,993 INFO  [BrowserSelenium] (initElements) -> CSS set to field: 
13:34:46,993 INFO  [BrowserSelenium] (initElements) -> XPath set to field: //input[@id='generateReport']
13:34:46,993 INFO  [BrowserSelenium] (initElements) -> ID set to field: 
13:34:46,993 INFO  [BrowserSelenium] (initElements) -> Name set to field: 
13:34:46,993 INFO  [BrowserSelenium] (initElements) -> CSS set to field: 
13:34:46,993 INFO  [BrowserSelenium] (initElements) -> XPath set to field: //select[@id='periodUnitId']
13:34:46,993 INFO  [BrowserSelenium] (initElements) -> ID set to field: 
13:34:46,993 INFO  [BrowserSelenium] (initElements) -> Name set to field: 
13:34:46,993 INFO  [BrowserSelenium] (initElements) -> CSS set to field: 
13:34:47,003 INFO  [BrowserSelenium] (initElements) -> XPath set to field: //select[@id='usagePool.consumptionActions.1.type']
13:34:47,003 INFO  [BrowserSelenium] (initElements) -> ID set to field: 
13:34:47,003 INFO  [BrowserSelenium] (initElements) -> Name set to field: 
13:34:47,003 INFO  [BrowserSelenium] (initElements) -> CSS set to field: 
13:34:47,003 INFO  [BrowserSelenium] (initElements) -> XPath set to field: //select[@id='usagePool.consumptionActions.1.notificationId']
13:34:47,003 INFO  [BrowserSelenium] (initElements) -> ID set to field: 
13:34:47,003 INFO  [BrowserSelenium] (initElements) -> Name set to field: 
13:34:47,003 INFO  [BrowserSelenium] (initElements) -> CSS set to field: 
13:34:47,003 INFO  [BrowserSelenium] (initElements) -> XPath set to field: //select[@id='usagePool.consumptionActions.1.mediumType']
13:34:47,003 INFO  [BrowserSelenium] (initElements) -> ID set to field: 
13:34:47,003 INFO  [BrowserSelenium] (initElements) -> Name set to field: 
13:34:47,003 INFO  [BrowserSelenium] (initElements) -> CSS set to field: 
13:34:47,003 INFO  [BrowserSelenium] (initElements) -> XPath set to field: //select[@id='usagePool.consumptionActions.2.type']
13:34:47,003 INFO  [BrowserSelenium] (initElements) -> ID set to field: 
13:34:47,003 INFO  [BrowserSelenium] (initElements) -> Name set to field: 
13:34:47,003 INFO  [BrowserSelenium] (initElements) -> CSS set to field: 
13:34:47,003 INFO  [BrowserSelenium] (initElements) -> XPath set to field: //select[@id = 'usagePool.itemTypes']
13:34:47,003 INFO  [BrowserSelenium] (initElements) -> ID set to field: 
13:34:47,003 INFO  [BrowserSelenium] (initElements) -> Name set to field: 
13:34:47,003 INFO  [BrowserSelenium] (initElements) -> CSS set to field: 
13:34:47,003 INFO  [BrowserSelenium] (initElements) -> XPath set to field: //select[@id = 'usagePool.items']
13:34:47,003 INFO  [BrowserSelenium] (initElements) -> ID set to field: 
13:34:47,003 INFO  [BrowserSelenium] (initElements) -> Name set to field: 
13:34:47,003 INFO  [BrowserSelenium] (initElements) -> CSS set to field: 
13:34:47,003 INFO  [BrowserSelenium] (initElements) -> XPath set to field: //input[@id='maximumPeriods']
13:34:47,003 INFO  [BrowserSelenium] (initElements) -> ID set to field: 
13:34:47,003 INFO  [BrowserSelenium] (initElements) -> Name set to field: 
13:34:47,003 INFO  [BrowserSelenium] (initElements) -> CSS set to field: 
13:34:47,003 INFO  [BrowserSelenium] (initElements) -> XPath set to field: //input[@id='billing.proratingType.neverProrating']
13:34:47,003 INFO  [BrowserSelenium] (initElements) -> ID set to field: 
13:34:47,003 INFO  [BrowserSelenium] (initElements) -> Name set to field: 
13:34:47,003 INFO  [BrowserSelenium] (initElements) -> CSS set to field: 
13:34:47,003 INFO  [BrowserSelenium] (initElements) -> XPath set to field: //span[text()='Run Commission Process']
13:34:47,003 INFO  [BrowserSelenium] (initElements) -> ID set to field: 
13:34:47,003 INFO  [BrowserSelenium] (initElements) -> Name set to field: 
13:34:47,003 INFO  [BrowserSelenium] (initElements) -> CSS set to field: 
13:34:47,003 INFO  [BrowserSelenium] (initElements) -> XPath set to field: //span[text()='Run Billing']
13:34:47,003 INFO  [BrowserSelenium] (initElements) -> ID set to field: 
13:34:47,003 INFO  [BrowserSelenium] (initElements) -> Name set to field: 
13:34:47,003 INFO  [BrowserSelenium] (initElements) -> CSS set to field: 
13:34:47,003 INFO  [BrowserSelenium] (initElements) -> XPath set to field: //input[@id='obj[0].statusStr']
13:34:47,003 INFO  [BrowserSelenium] (initElements) -> ID set to field: 
13:34:47,003 INFO  [BrowserSelenium] (initElements) -> Name set to field: 
13:34:47,003 INFO  [BrowserSelenium] (initElements) -> CSS set to field: 
13:34:47,003 INFO  [BrowserSelenium] (initElements) -> XPath set to field: //input[@id='obj[0].days']
13:34:47,003 INFO  [BrowserSelenium] (initElements) -> ID set to field: 
13:34:47,003 INFO  [BrowserSelenium] (initElements) -> Name set to field: 
13:34:47,003 INFO  [BrowserSelenium] (initElements) -> CSS set to field: 
13:34:47,003 INFO  [BrowserSelenium] (initElements) -> XPath set to field: //input[@id='obj[0].sendNotification']
13:34:47,003 INFO  [BrowserSelenium] (initElements) -> ID set to field: 
13:34:47,003 INFO  [BrowserSelenium] (initElements) -> Name set to field: 
13:34:47,003 INFO  [BrowserSelenium] (initElements) -> CSS set to field: 
13:34:47,003 INFO  [BrowserSelenium] (initElements) -> XPath set to field: //input[@id='obj[0].paymentRetry']
13:34:47,013 INFO  [BrowserSelenium] (initElements) -> ID set to field: 
13:34:47,013 INFO  [BrowserSelenium] (initElements) -> Name set to field: 
13:34:47,013 INFO  [BrowserSelenium] (initElements) -> CSS set to field: 
13:34:47,013 INFO  [BrowserSelenium] (initElements) -> XPath set to field: //input[@id='obj[0].suspended']
13:34:47,013 INFO  [BrowserSelenium] (initElements) -> ID set to field: 
13:34:47,013 INFO  [BrowserSelenium] (initElements) -> Name set to field: 
13:34:47,013 INFO  [BrowserSelenium] (initElements) -> CSS set to field: 
13:34:47,013 INFO  [BrowserSelenium] (initElements) -> XPath set to field: //table[@id='ageingStepTable']/tbody/tr[2]/td[1]/strong
13:34:47,013 INFO  [BrowserSelenium] (initElements) -> ID set to field: 
13:34:47,013 INFO  [BrowserSelenium] (initElements) -> Name set to field: 
13:34:47,013 INFO  [BrowserSelenium] (initElements) -> CSS set to field: 
13:34:47,013 INFO  [BrowserSelenium] (initElements) -> XPath set to field: //input[@id='obj[1].statusStr']
13:34:47,013 INFO  [BrowserSelenium] (initElements) -> ID set to field: 
13:34:47,013 INFO  [BrowserSelenium] (initElements) -> Name set to field: 
13:34:47,013 INFO  [BrowserSelenium] (initElements) -> CSS set to field: 
13:34:47,013 INFO  [BrowserSelenium] (initElements) -> XPath set to field: //input[@id='obj[1].days']
13:34:47,013 INFO  [BrowserSelenium] (initElements) -> ID set to field: 
13:34:47,013 INFO  [BrowserSelenium] (initElements) -> Name set to field: 
13:34:47,013 INFO  [BrowserSelenium] (initElements) -> CSS set to field: 
13:34:47,013 INFO  [BrowserSelenium] (initElements) -> XPath set to field: //input[@id='obj[1].sendNotification']
13:34:47,013 INFO  [BrowserSelenium] (initElements) -> ID set to field: 
13:34:47,013 INFO  [BrowserSelenium] (initElements) -> Name set to field: 
13:34:47,013 INFO  [BrowserSelenium] (initElements) -> CSS set to field: 
13:34:47,013 INFO  [BrowserSelenium] (initElements) -> XPath set to field: //input[@id='obj[1].paymentRetry']
13:34:47,013 INFO  [BrowserSelenium] (initElements) -> ID set to field: 
13:34:47,013 INFO  [BrowserSelenium] (initElements) -> Name set to field: 
13:34:47,013 INFO  [BrowserSelenium] (initElements) -> CSS set to field: 
13:34:47,013 INFO  [BrowserSelenium] (initElements) -> XPath set to field: //input[@id='obj[1].suspended']
13:34:47,013 INFO  [BrowserSelenium] (initElements) -> ID set to field: 
13:34:47,013 INFO  [BrowserSelenium] (initElements) -> Name set to field: 
13:34:47,013 INFO  [BrowserSelenium] (initElements) -> CSS set to field: 
13:34:47,013 INFO  [BrowserSelenium] (initElements) -> XPath set to field: //input[@id='obj[2].statusStr']
13:34:47,013 INFO  [BrowserSelenium] (initElements) -> ID set to field: 
13:34:47,013 INFO  [BrowserSelenium] (initElements) -> Name set to field: 
13:34:47,013 INFO  [BrowserSelenium] (initElements) -> CSS set to field: 
13:34:47,013 INFO  [BrowserSelenium] (initElements) -> XPath set to field: //input[@id='obj[2].days']
13:34:47,013 INFO  [BrowserSelenium] (initElements) -> ID set to field: 
13:34:47,013 INFO  [BrowserSelenium] (initElements) -> Name set to field: 
13:34:47,013 INFO  [BrowserSelenium] (initElements) -> CSS set to field: 
13:34:47,013 INFO  [BrowserSelenium] (initElements) -> XPath set to field: //input[@id='obj[2].sendNotification']
13:34:47,013 INFO  [BrowserSelenium] (initElements) -> ID set to field: 
13:34:47,013 INFO  [BrowserSelenium] (initElements) -> Name set to field: 
13:34:47,013 INFO  [BrowserSelenium] (initElements) -> CSS set to field: 
13:34:47,013 INFO  [BrowserSelenium] (initElements) -> XPath set to field: //input[@id='obj[2].sendNotification']
13:34:47,013 INFO  [BrowserSelenium] (initElements) -> ID set to field: 
13:34:47,013 INFO  [BrowserSelenium] (initElements) -> Name set to field: 
13:34:47,013 INFO  [BrowserSelenium] (initElements) -> CSS set to field: 
13:34:47,013 INFO  [BrowserSelenium] (initElements) -> XPath set to field: //input[@id='obj[2].suspended']
13:34:47,013 INFO  [BrowserSelenium] (initElements) -> ID set to field: 
13:34:47,013 INFO  [BrowserSelenium] (initElements) -> Name set to field: 
13:34:47,013 INFO  [BrowserSelenium] (initElements) -> CSS set to field: 
13:34:47,013 INFO  [BrowserSelenium] (initElements) -> XPath set to field: //input[@id='obj[3].statusStr']
13:34:47,013 INFO  [BrowserSelenium] (initElements) -> ID set to field: 
13:34:47,013 INFO  [BrowserSelenium] (initElements) -> Name set to field: 
13:34:47,023 INFO  [BrowserSelenium] (initElements) -> CSS set to field: 
13:34:47,023 INFO  [BrowserSelenium] (initElements) -> XPath set to field: //input[@id='obj[3].days']
13:34:47,023 INFO  [BrowserSelenium] (initElements) -> ID set to field: 
13:34:47,023 INFO  [BrowserSelenium] (initElements) -> Name set to field: 
13:34:47,023 INFO  [BrowserSelenium] (initElements) -> CSS set to field: 
13:34:47,023 INFO  [BrowserSelenium] (initElements) -> XPath set to field: //input[@id='obj[3].sendNotification']
13:34:47,023 INFO  [BrowserSelenium] (initElements) -> ID set to field: 
13:34:47,023 INFO  [BrowserSelenium] (initElements) -> Name set to field: 
13:34:47,023 INFO  [BrowserSelenium] (initElements) -> CSS set to field: 
13:34:47,023 INFO  [BrowserSelenium] (initElements) -> XPath set to field: //input[@id='obj[3].paymentRetry']
13:34:47,023 INFO  [BrowserSelenium] (initElements) -> ID set to field: 
13:34:47,023 INFO  [BrowserSelenium] (initElements) -> Name set to field: 
13:34:47,023 INFO  [BrowserSelenium] (initElements) -> CSS set to field: 
13:34:47,023 INFO  [BrowserSelenium] (initElements) -> XPath set to field: //input[@name='obj[1].description_1']
13:34:47,023 INFO  [BrowserSelenium] (initElements) -> ID set to field: 
13:34:47,023 INFO  [BrowserSelenium] (initElements) -> Name set to field: 
13:34:47,023 INFO  [BrowserSelenium] (initElements) -> CSS set to field: 
13:34:47,023 INFO  [BrowserSelenium] (initElements) -> XPath set to field: //input[@name='obj[2].description_1']
13:34:47,023 INFO  [BrowserSelenium] (initElements) -> ID set to field: 
13:34:47,023 INFO  [BrowserSelenium] (initElements) -> Name set to field: 
13:34:47,023 INFO  [BrowserSelenium] (initElements) -> CSS set to field: 
13:34:47,023 INFO  [BrowserSelenium] (initElements) -> XPath set to field: //input[@name='obj[3].description_1']
13:34:47,023 INFO  [BrowserSelenium] (initElements) -> ID set to field: 
13:34:47,023 INFO  [BrowserSelenium] (initElements) -> Name set to field: 
13:34:47,023 INFO  [BrowserSelenium] (initElements) -> CSS set to field: 
13:34:47,023 INFO  [BrowserSelenium] (initElements) -> XPath set to field: //input[@id='obj[3].suspended']
13:34:47,023 INFO  [BrowserSelenium] (initElements) -> ID set to field: 
13:34:47,023 INFO  [BrowserSelenium] (initElements) -> Name set to field: 
13:34:47,023 INFO  [BrowserSelenium] (initElements) -> CSS set to field: 
13:34:47,023 INFO  [BrowserSelenium] (initElements) -> XPath set to field: //input[@id='collectionsRunDate']
13:34:47,023 INFO  [BrowserSelenium] (initElements) -> ID set to field: 
13:34:47,023 INFO  [BrowserSelenium] (initElements) -> Name set to field: 
13:34:47,023 INFO  [BrowserSelenium] (initElements) -> CSS set to field: 
13:34:47,023 INFO  [BrowserSelenium] (initElements) -> XPath set to field: //input[@id='run' and @value='Run Collections']
13:34:47,023 INFO  [BrowserSelenium] (initElements) -> ID set to field: 
13:34:47,023 INFO  [BrowserSelenium] (initElements) -> Name set to field: 
13:34:47,023 INFO  [BrowserSelenium] (initElements) -> CSS set to field: 
13:34:47,023 INFO  [BrowserSelenium] (initElements) -> XPath set to field: //span[text()='Run Collections']
13:34:47,023 INFO  [BrowserSelenium] (initElements) -> ID set to field: 
13:34:47,023 INFO  [BrowserSelenium] (initElements) -> Name set to field: 
13:34:47,023 INFO  [BrowserSelenium] (initElements) -> CSS set to field: 
13:34:47,023 INFO  [BrowserSelenium] (initElements) -> XPath set to field: //img[@alt='add']
13:34:47,023 INFO  [BrowserSelenium] (initElements) -> ID set to field: 
13:34:47,023 INFO  [BrowserSelenium] (initElements) -> Name set to field: 
13:34:47,023 INFO  [BrowserSelenium] (initElements) -> CSS set to field: 
13:34:47,023 INFO  [BrowserSelenium] (initElements) -> XPath set to field: //table[@id='users']/tbody//td/a/strong
13:34:47,023 INFO  [BrowserSelenium] (initElements) -> ID set to field: 
13:34:47,023 INFO  [BrowserSelenium] (initElements) -> Name set to field: 
13:34:47,023 INFO  [BrowserSelenium] (initElements) -> CSS set to field: 
13:34:47,023 INFO  [BrowserSelenium] (initElements) -> XPath set to field: //table[@id='usagePools']/tbody//td/a/strong
13:34:47,023 INFO  [BrowserSelenium] (initElements) -> ID set to field: 
13:34:47,023 INFO  [BrowserSelenium] (initElements) -> Name set to field: 
13:34:47,033 INFO  [BrowserSelenium] (initElements) -> CSS set to field: 
13:34:47,033 INFO  [BrowserSelenium] (initElements) -> XPath set to field: //table[@id='data_grid_column1']/tbody//td/div
13:34:47,033 INFO  [BrowserSelenium] (initElements) -> ID set to field: 
13:34:47,033 INFO  [BrowserSelenium] (initElements) -> Name set to field: 
13:34:47,033 INFO  [BrowserSelenium] (initElements) -> CSS set to field: 
13:34:47,033 INFO  [BrowserSelenium] (initElements) -> XPath set to field: //table[@id='users']
13:34:47,033 INFO  [BrowserSelenium] (initElements) -> ID set to field: 
13:34:47,033 INFO  [BrowserSelenium] (initElements) -> Name set to field: 
13:34:47,033 INFO  [BrowserSelenium] (initElements) -> CSS set to field: 
13:34:47,033 INFO  [BrowserSelenium] (initElements) -> XPath set to field: //table[@id='users']/tbody//td/a/strong
13:34:47,033 INFO  [BrowserSelenium] (initElements) -> ID set to field: 
13:34:47,033 INFO  [BrowserSelenium] (initElements) -> Name set to field: 
13:34:47,033 INFO  [BrowserSelenium] (initElements) -> CSS set to field: 
13:34:47,033 INFO  [BrowserSelenium] (initElements) -> XPath set to field: //span[text()='Permissions']
13:34:47,033 INFO  [BrowserSelenium] (initElements) -> ID set to field: 
13:34:47,033 INFO  [BrowserSelenium] (initElements) -> Name set to field: 
13:34:47,033 INFO  [BrowserSelenium] (initElements) -> CSS set to field: 
13:34:47,033 INFO  [BrowserSelenium] (initElements) -> XPath set to field: //label[contains(text(),'Edit plug-in')]/preceding-sibling::input[@type='box']
13:34:47,033 INFO  [BrowserSelenium] (initElements) -> ID set to field: 
13:34:47,033 INFO  [BrowserSelenium] (initElements) -> Name set to field: 
13:34:47,033 INFO  [BrowserSelenium] (initElements) -> CSS set to field: 
13:34:47,033 INFO  [BrowserSelenium] (initElements) -> XPath set to field: //input[@id = 'permission.1902']
13:34:47,033 INFO  [BrowserSelenium] (initElements) -> ID set to field: 
13:34:47,033 INFO  [BrowserSelenium] (initElements) -> Name set to field: 
13:34:47,033 INFO  [BrowserSelenium] (initElements) -> CSS set to field: 
13:34:47,033 INFO  [BrowserSelenium] (initElements) -> XPath set to field: //label[contains(text(),'Edit payment')]/preceding-sibling::input[@type='checkbox']
13:34:47,033 INFO  [BrowserSelenium] (initElements) -> ID set to field: 
13:34:47,033 INFO  [BrowserSelenium] (initElements) -> Name set to field: 
13:34:47,033 INFO  [BrowserSelenium] (initElements) -> CSS set to field: 
13:34:47,033 INFO  [BrowserSelenium] (initElements) -> XPath set to field: //label[contains(text(),'Delete payment')]/preceding-sibling::input[@type='checkbox']
13:34:47,033 INFO  [BrowserSelenium] (initElements) -> ID set to field: 
13:34:47,033 INFO  [BrowserSelenium] (initElements) -> Name set to field: 
13:34:47,033 INFO  [BrowserSelenium] (initElements) -> CSS set to field: 
13:34:47,033 INFO  [BrowserSelenium] (initElements) -> XPath set to field: //span[contains(text(),'Copy Company')]
13:34:47,033 INFO  [BrowserSelenium] (initElements) -> ID set to field: 
13:34:47,033 INFO  [BrowserSelenium] (initElements) -> Name set to field: 
13:34:47,033 INFO  [BrowserSelenium] (initElements) -> CSS set to field: 
13:34:47,033 INFO  [BrowserSelenium] (initElements) -> XPath set to field: //input[@id='isCompanyChild']
13:34:47,033 INFO  [BrowserSelenium] (initElements) -> ID set to field: 
13:34:47,033 INFO  [BrowserSelenium] (initElements) -> Name set to field: 
13:34:47,033 INFO  [BrowserSelenium] (initElements) -> CSS set to field: 
13:34:47,033 INFO  [BrowserSelenium] (initElements) -> XPath set to field: //input[@id='childCompany']
13:34:47,033 INFO  [BrowserSelenium] (initElements) -> ID set to field: 
13:34:47,033 INFO  [BrowserSelenium] (initElements) -> Name set to field: 
13:34:47,033 INFO  [BrowserSelenium] (initElements) -> CSS set to field: 
13:34:47,033 INFO  [BrowserSelenium] (initElements) -> XPath set to field: //button/span[text()='Yes']
13:34:47,033 INFO  [BrowserSelenium] (initElements) -> ID set to field: 
13:34:47,033 INFO  [BrowserSelenium] (initElements) -> Name set to field: 
13:34:47,033 INFO  [BrowserSelenium] (initElements) -> CSS set to field: 
13:34:47,033 INFO  [BrowserSelenium] (initElements) -> XPath set to field: //button/span[text()='No']
13:34:47,033 INFO  [BrowserSelenium] (initElements) -> ID set to field: 
13:34:47,033 INFO  [BrowserSelenium] (initElements) -> Name set to field: 
13:34:47,033 INFO  [BrowserSelenium] (initElements) -> CSS set to field: 
13:34:47,033 INFO  [BrowserSelenium] (initElements) -> XPath set to field: //strong[text()='Done']/../p
13:34:47,033 INFO  [BrowserSelenium] (initElements) -> ID set to field: 
13:34:47,033 INFO  [BrowserSelenium] (initElements) -> Name set to field: 
13:34:47,033 INFO  [BrowserSelenium] (initElements) -> CSS set to field: 
13:34:47,033 INFO  [BrowserSelenium] (initElements) -> XPath set to field: //input[@id='name']
13:34:47,033 INFO  [BrowserSelenium] (initElements) -> ID set to field: 
13:34:47,033 INFO  [BrowserSelenium] (initElements) -> Name set to field: 
13:34:47,033 INFO  [BrowserSelenium] (initElements) -> CSS set to field: 
13:34:47,043 INFO  [BrowserSelenium] (initElements) -> XPath set to field: //input[@id='orderValue']
13:34:47,043 INFO  [BrowserSelenium] (initElements) -> ID set to field: 
13:34:47,043 INFO  [BrowserSelenium] (initElements) -> Name set to field: 
13:34:47,043 INFO  [BrowserSelenium] (initElements) -> CSS set to field: 
13:34:47,043 INFO  [BrowserSelenium] (initElements) -> XPath set to field: //select[@id='mediationJobLauncher']
13:34:47,043 INFO  [BrowserSelenium] (initElements) -> ID set to field: 
13:34:47,043 INFO  [BrowserSelenium] (initElements) -> Name set to field: 
13:34:47,043 INFO  [BrowserSelenium] (initElements) -> CSS set to field: 
13:34:47,043 INFO  [BrowserSelenium] (initElements) -> XPath set to field: //input[@id='global']
13:34:47,043 INFO  [BrowserSelenium] (initElements) -> ID set to field: 
13:34:47,043 INFO  [BrowserSelenium] (initElements) -> Name set to field: 
13:34:47,043 INFO  [BrowserSelenium] (initElements) -> CSS set to field: 
13:34:47,043 INFO  [BrowserSelenium] (initElements) -> XPath set to field: //span[text()='Run Mediation']
13:34:47,043 INFO  [BrowserSelenium] (initElements) -> ID set to field: 
13:34:47,043 INFO  [BrowserSelenium] (initElements) -> Name set to field: 
13:34:47,043 INFO  [BrowserSelenium] (initElements) -> CSS set to field: 
13:34:47,043 INFO  [BrowserSelenium] (initElements) -> XPath set to field: //input[@id='description']
13:34:47,043 INFO  [BrowserSelenium] (initElements) -> ID set to field: 
13:34:47,043 INFO  [BrowserSelenium] (initElements) -> Name set to field: 
13:34:47,043 INFO  [BrowserSelenium] (initElements) -> CSS set to field: 
13:34:47,043 INFO  [BrowserSelenium] (initElements) -> XPath set to field: //select[@id='periodUnitId']
13:34:47,043 INFO  [BrowserSelenium] (initElements) -> ID set to field: 
13:34:47,043 INFO  [BrowserSelenium] (initElements) -> Name set to field: 
13:34:47,043 INFO  [BrowserSelenium] (initElements) -> CSS set to field: 
13:34:47,043 INFO  [BrowserSelenium] (initElements) -> XPath set to field: //input[@id='value']
13:34:47,043 INFO  [BrowserSelenium] (initElements) -> ID set to field: 
13:34:47,043 INFO  [BrowserSelenium] (initElements) -> Name set to field: 
13:34:47,043 INFO  [BrowserSelenium] (initElements) -> CSS set to field: 
13:34:47,043 INFO  [BrowserSelenium] (initElements) -> XPath set to field: //strong[text()='Should use JQGrid for tables']/parent::a
13:34:47,043 INFO  [BrowserSelenium] (initElements) -> ID set to field: 
13:34:47,043 INFO  [BrowserSelenium] (initElements) -> Name set to field: 
13:34:47,043 INFO  [BrowserSelenium] (initElements) -> CSS set to field: 
13:34:47,043 INFO  [BrowserSelenium] (initElements) -> XPath set to field: //div[text()='Should use JQGrid for tables']/parent::td
13:34:47,043 INFO  [BrowserSelenium] (initElements) -> ID set to field: 
13:34:47,043 INFO  [BrowserSelenium] (initElements) -> Name set to field: 
13:34:47,043 INFO  [BrowserSelenium] (initElements) -> CSS set to field: 
13:34:47,043 INFO  [BrowserSelenium] (initElements) -> XPath set to field: //strong[text()='ITG invoice notification']/parent::a
13:34:47,043 INFO  [BrowserSelenium] (initElements) -> ID set to field: 
13:34:47,043 INFO  [BrowserSelenium] (initElements) -> Name set to field: 
13:34:47,043 INFO  [BrowserSelenium] (initElements) -> CSS set to field: 
13:34:47,043 INFO  [BrowserSelenium] (initElements) -> XPath set to field: //input[@id='preference.value']
13:34:47,043 INFO  [BrowserSelenium] (initElements) -> ID set to field: 
13:34:47,043 INFO  [BrowserSelenium] (initElements) -> Name set to field: 
13:34:47,043 INFO  [BrowserSelenium] (initElements) -> CSS set to field: 
13:34:47,043 INFO  [BrowserSelenium] (initElements) -> XPath set to field: //input[@id='description']
13:34:47,043 INFO  [BrowserSelenium] (initElements) -> ID set to field: 
13:34:47,043 INFO  [BrowserSelenium] (initElements) -> Name set to field: 
13:34:47,043 INFO  [BrowserSelenium] (initElements) -> CSS set to field: 
13:34:47,043 INFO  [BrowserSelenium] (initElements) -> XPath set to field: //input[@id='mainSubscription.nextInvoiceDayOfPeriod']
13:34:47,043 INFO  [BrowserSelenium] (initElements) -> ID set to field: 
13:34:47,043 INFO  [BrowserSelenium] (initElements) -> Name set to field: 
13:34:47,053 INFO  [BrowserSelenium] (initElements) -> CSS set to field: 
13:34:47,053 INFO  [BrowserSelenium] (initElements) -> XPath set to field: //input[@id='invoiceDesign']
13:34:47,053 INFO  [BrowserSelenium] (initElements) -> ID set to field: 
13:34:47,053 INFO  [BrowserSelenium] (initElements) -> Name set to field: 
13:34:47,053 INFO  [BrowserSelenium] (initElements) -> CSS set to field: 
13:34:47,053 INFO  [BrowserSelenium] (initElements) -> XPath set to field: //table[@id='periods']
13:34:47,053 INFO  [BrowserSelenium] (initElements) -> ID set to field: 
13:34:47,053 INFO  [BrowserSelenium] (initElements) -> Name set to field: 
13:34:47,053 INFO  [BrowserSelenium] (initElements) -> CSS set to field: 
13:34:47,053 INFO  [BrowserSelenium] (initElements) -> XPath set to field: //input[@class='cb checkbox']
13:34:47,053 INFO  [BrowserSelenium] (initElements) -> ID set to field: 
13:34:47,053 INFO  [BrowserSelenium] (initElements) -> Name set to field: 
13:34:47,053 INFO  [BrowserSelenium] (initElements) -> CSS set to field: 
13:34:47,053 INFO  [BrowserSelenium] (initElements) -> XPath set to field: //table[@id='periods']/tbody//td/a/strong
13:34:47,053 INFO  [BrowserSelenium] (initElements) -> ID set to field: 
13:34:47,053 INFO  [BrowserSelenium] (initElements) -> Name set to field: 
13:34:47,053 INFO  [BrowserSelenium] (initElements) -> CSS set to field: 
13:34:47,053 INFO  [BrowserSelenium] (initElements) -> XPath set to field: //table[@id='categories']
13:34:47,053 INFO  [BrowserSelenium] (initElements) -> ID set to field: 
13:34:47,053 INFO  [BrowserSelenium] (initElements) -> Name set to field: 
13:34:47,053 INFO  [BrowserSelenium] (initElements) -> CSS set to field: 
13:34:47,053 INFO  [BrowserSelenium] (initElements) -> XPath set to field: //table[@id='periods']/tbody/tr[1]/td/a[1]/strong
13:34:47,053 INFO  [BrowserSelenium] (initElements) -> ID set to field: 
13:34:47,053 INFO  [BrowserSelenium] (initElements) -> Name set to field: 
13:34:47,053 INFO  [BrowserSelenium] (initElements) -> CSS set to field: 
13:34:47,053 INFO  [BrowserSelenium] (initElements) -> XPath set to field: //span[text()='Add Information Type']
13:34:47,053 INFO  [BrowserSelenium] (initElements) -> ID set to field: 
13:34:47,053 INFO  [BrowserSelenium] (initElements) -> Name set to field: 
13:34:47,053 INFO  [BrowserSelenium] (initElements) -> CSS set to field: 
13:34:47,053 INFO  [BrowserSelenium] (initElements) -> XPath set to field: //input[@id='name']
13:34:47,053 INFO  [BrowserSelenium] (initElements) -> ID set to field: 
13:34:47,053 INFO  [BrowserSelenium] (initElements) -> Name set to field: 
13:34:47,053 INFO  [BrowserSelenium] (initElements) -> CSS set to field: 
13:34:47,053 INFO  [BrowserSelenium] (initElements) -> XPath set to field: //span[text()='Add New Metafield']
13:34:47,053 INFO  [BrowserSelenium] (initElements) -> ID set to field: 
13:34:47,053 INFO  [BrowserSelenium] (initElements) -> Name set to field: 
13:34:47,053 INFO  [BrowserSelenium] (initElements) -> CSS set to field: 
13:34:47,053 INFO  [BrowserSelenium] (initElements) -> XPath set to field: //span[text()='-']/parent::li
13:34:47,053 INFO  [BrowserSelenium] (initElements) -> ID set to field: 
13:34:47,053 INFO  [BrowserSelenium] (initElements) -> Name set to field: 
13:34:47,053 INFO  [BrowserSelenium] (initElements) -> CSS set to field: 
13:34:47,053 INFO  [BrowserSelenium] (initElements) -> XPath set to field: //span[text()='-']
13:34:47,053 INFO  [BrowserSelenium] (initElements) -> ID set to field: 
13:34:47,053 INFO  [BrowserSelenium] (initElements) -> Name set to field: 
13:34:47,053 INFO  [BrowserSelenium] (initElements) -> CSS set to field: 
13:34:47,053 INFO  [BrowserSelenium] (initElements) -> XPath set to field: //input[@id='metaField0.name']
13:34:47,053 INFO  [BrowserSelenium] (initElements) -> ID set to field: 
13:34:47,053 INFO  [BrowserSelenium] (initElements) -> Name set to field: 
13:34:47,053 INFO  [BrowserSelenium] (initElements) -> CSS set to field: 
13:34:47,053 INFO  [BrowserSelenium] (initElements) -> XPath set to field: //select[@id='fieldType0']
13:34:47,053 INFO  [BrowserSelenium] (initElements) -> ID set to field: 
13:34:47,053 INFO  [BrowserSelenium] (initElements) -> Name set to field: 
13:34:47,053 INFO  [BrowserSelenium] (initElements) -> CSS set to field: 
13:34:47,053 INFO  [BrowserSelenium] (initElements) -> XPath set to field: //li[contains(@class,'active')]/following::li//a/span[contains(text(),'Update')]
13:34:47,053 INFO  [BrowserSelenium] (initElements) -> ID set to field: 
13:34:47,053 INFO  [BrowserSelenium] (initElements) -> Name set to field: 
13:34:47,063 INFO  [BrowserSelenium] (initElements) -> CSS set to field: 
13:34:47,063 INFO  [BrowserSelenium] (initElements) -> XPath set to field: //li[contains(@class,'active')]/following::li//a/span[contains(text(),'Remove')]
13:34:47,063 INFO  [BrowserSelenium] (initElements) -> ID set to field: 
13:34:47,063 INFO  [BrowserSelenium] (initElements) -> Name set to field: 
13:34:47,063 INFO  [BrowserSelenium] (initElements) -> CSS set to field: 
13:34:47,063 INFO  [BrowserSelenium] (initElements) -> XPath set to field: //div[@id='review-box']//span[text()='Save Changes']
13:34:47,063 INFO  [BrowserSelenium] (initElements) -> ID set to field: 
13:34:47,063 INFO  [BrowserSelenium] (initElements) -> Name set to field: 
13:34:47,063 INFO  [BrowserSelenium] (initElements) -> CSS set to field: 
13:34:47,063 INFO  [BrowserSelenium] (initElements) -> XPath set to field: //span[text()='Prices']
13:34:47,063 INFO  [BrowserSelenium] (initElements) -> ID set to field: 
13:34:47,063 INFO  [BrowserSelenium] (initElements) -> Name set to field: 
13:34:47,063 INFO  [BrowserSelenium] (initElements) -> CSS set to field: 
13:34:47,063 INFO  [BrowserSelenium] (initElements) -> XPath set to field: //select[@id='typeId']
13:34:47,063 INFO  [BrowserSelenium] (initElements) -> ID set to field: 
13:34:47,063 INFO  [BrowserSelenium] (initElements) -> Name set to field: 
13:34:47,063 INFO  [BrowserSelenium] (initElements) -> CSS set to field: 
13:34:47,063 INFO  [BrowserSelenium] (initElements) -> XPath set to field: //table[@id='products']
13:34:47,063 INFO  [BrowserSelenium] (initElements) -> ID set to field: 
13:34:47,063 INFO  [BrowserSelenium] (initElements) -> Name set to field: 
13:34:47,063 INFO  [BrowserSelenium] (initElements) -> CSS set to field: 
13:34:47,063 INFO  [BrowserSelenium] (initElements) -> XPath set to field: //table[@id='products']/tbody//td/a/strong
13:34:47,063 INFO  [BrowserSelenium] (initElements) -> ID set to field: 
13:34:47,063 INFO  [BrowserSelenium] (initElements) -> Name set to field: 
13:34:47,063 INFO  [BrowserSelenium] (initElements) -> CSS set to field: 
13:34:47,063 INFO  [BrowserSelenium] (initElements) -> XPath set to field: //span[text()='Add price']
13:34:47,063 INFO  [BrowserSelenium] (initElements) -> ID set to field: 
13:34:47,063 INFO  [BrowserSelenium] (initElements) -> Name set to field: 
13:34:47,063 INFO  [BrowserSelenium] (initElements) -> CSS set to field: 
13:34:47,063 INFO  [BrowserSelenium] (initElements) -> XPath set to field: //input[@id = 'model.0.rateAsDecimal']
13:34:47,063 INFO  [BrowserSelenium] (initElements) -> ID set to field: 
13:34:47,063 INFO  [BrowserSelenium] (initElements) -> Name set to field: 
13:34:47,063 INFO  [BrowserSelenium] (initElements) -> CSS set to field: 
13:34:47,063 INFO  [BrowserSelenium] (initElements) -> XPath set to field: //img[@alt='edit']
13:34:47,063 INFO  [BrowserSelenium] (initElements) -> ID set to field: 
13:34:47,063 INFO  [BrowserSelenium] (initElements) -> Name set to field: 
13:34:47,063 INFO  [BrowserSelenium] (initElements) -> CSS set to field: 
13:34:47,063 INFO  [BrowserSelenium] (initElements) -> XPath set to field: //select[@id='templateId']
13:34:47,063 INFO  [BrowserSelenium] (initElements) -> ID set to field: 
13:34:47,063 INFO  [BrowserSelenium] (initElements) -> Name set to field: 
13:34:47,063 INFO  [BrowserSelenium] (initElements) -> CSS set to field: 
13:34:47,063 INFO  [BrowserSelenium] (initElements) -> XPath set to field: //option[text()='Payment Card']
13:34:47,063 INFO  [BrowserSelenium] (initElements) -> ID set to field: methodName
13:34:47,073 INFO  [BrowserSelenium] (initElements) -> Name set to field: 
13:34:47,073 INFO  [BrowserSelenium] (initElements) -> CSS set to field: 
13:34:47,073 INFO  [BrowserSelenium] (initElements) -> XPath set to field: 
13:34:47,073 INFO  [BrowserSelenium] (initElements) -> ID set to field: isRecurring
13:34:47,073 INFO  [BrowserSelenium] (initElements) -> Name set to field: 
13:34:47,073 INFO  [BrowserSelenium] (initElements) -> CSS set to field: 
13:34:47,073 INFO  [BrowserSelenium] (initElements) -> XPath set to field: 
13:34:47,073 INFO  [BrowserSelenium] (initElements) -> ID set to field: allAccount
13:34:47,073 INFO  [BrowserSelenium] (initElements) -> Name set to field: 
13:34:47,073 INFO  [BrowserSelenium] (initElements) -> CSS set to field: 
13:34:47,073 INFO  [BrowserSelenium] (initElements) -> XPath set to field: 
13:34:47,073 INFO  [BrowserSelenium] (initElements) -> ID set to field: 
13:34:47,073 INFO  [BrowserSelenium] (initElements) -> Name set to field: 
13:34:47,073 INFO  [BrowserSelenium] (initElements) -> CSS set to field: 
13:34:47,073 INFO  [BrowserSelenium] (initElements) -> XPath set to field: //select[@id='accountTypes']
13:34:47,073 INFO  [BrowserSelenium] (initElements) -> ID set to field: 
13:34:47,073 INFO  [BrowserSelenium] (initElements) -> Name set to field: 
13:34:47,073 INFO  [BrowserSelenium] (initElements) -> CSS set to field: 
13:34:47,073 INFO  [BrowserSelenium] (initElements) -> XPath set to field: //span[text()='cc.number']/parent::li
13:34:47,073 INFO  [BrowserSelenium] (initElements) -> ID set to field: 
13:34:47,073 INFO  [BrowserSelenium] (initElements) -> Name set to field: 
13:34:47,073 INFO  [BrowserSelenium] (initElements) -> CSS set to field: 
13:34:47,073 INFO  [BrowserSelenium] (initElements) -> XPath set to field: //span[text() = 'cc.number']
13:34:47,073 INFO  [BrowserSelenium] (initElements) -> ID set to field: 
13:34:47,073 INFO  [BrowserSelenium] (initElements) -> Name set to field: 
13:34:47,073 INFO  [BrowserSelenium] (initElements) -> CSS set to field: 
13:34:47,073 INFO  [BrowserSelenium] (initElements) -> XPath set to field: //span[text()='cc.number']/parent::li/following::li[contains(@id,'editor')]//select[contains(@id,'newDescriptionLanguage')]
13:34:47,073 INFO  [BrowserSelenium] (initElements) -> ID set to field: 
13:34:47,073 INFO  [BrowserSelenium] (initElements) -> Name set to field: 
13:34:47,073 INFO  [BrowserSelenium] (initElements) -> CSS set to field: 
13:34:47,073 INFO  [BrowserSelenium] (initElements) -> XPath set to field: //span[text()='cc.number']/parent::li/following::li[contains(@id,'editor')]//a[contains(@onclick,'addNewDescription')]/img
13:34:47,073 INFO  [BrowserSelenium] (initElements) -> ID set to field: 
13:34:47,073 INFO  [BrowserSelenium] (initElements) -> Name set to field: 
13:34:47,073 INFO  [BrowserSelenium] (initElements) -> CSS set to field: 
13:34:47,073 INFO  [BrowserSelenium] (initElements) -> XPath set to field: //span[text()='cc.number']/../..//label[text()='English Error message']/../div/input[1]
13:34:47,073 INFO  [BrowserSelenium] (initElements) -> ID set to field: 
13:34:47,073 INFO  [BrowserSelenium] (initElements) -> Name set to field: 
13:34:47,073 INFO  [BrowserSelenium] (initElements) -> CSS set to field: 
13:34:47,073 INFO  [BrowserSelenium] (initElements) -> XPath set to field: //span[text()='cc.number']/parent::li/following::li//div[contains(@id,'descriptions')]//a/img[contains(@src,'cross.png')]
13:34:47,073 INFO  [BrowserSelenium] (initElements) -> ID set to field: 
13:34:47,073 INFO  [BrowserSelenium] (initElements) -> Name set to field: 
13:34:47,073 INFO  [BrowserSelenium] (initElements) -> CSS set to field: 
13:34:47,073 INFO  [BrowserSelenium] (initElements) -> XPath set to field: //span[text()='cc.number']/parent::li/following::li[contains(@id,'editor')]//a//span[text()='Update']
13:34:47,083 INFO  [BrowserSelenium] (initElements) -> ID set to field: 
13:34:47,083 INFO  [BrowserSelenium] (initElements) -> Name set to field: 
13:34:47,083 INFO  [BrowserSelenium] (initElements) -> CSS set to field: 
13:34:47,083 INFO  [BrowserSelenium] (initElements) -> XPath set to field: //span[text()='cc.expiry.date']/parent::li
13:34:47,083 INFO  [BrowserSelenium] (initElements) -> ID set to field: 
13:34:47,083 INFO  [BrowserSelenium] (initElements) -> Name set to field: 
13:34:47,083 INFO  [BrowserSelenium] (initElements) -> CSS set to field: 
13:34:47,083 INFO  [BrowserSelenium] (initElements) -> XPath set to field: //span[text()='cc.expiry.date']/../..
13:34:47,083 INFO  [BrowserSelenium] (initElements) -> ID set to field: 
13:34:47,083 INFO  [BrowserSelenium] (initElements) -> Name set to field: 
13:34:47,083 INFO  [BrowserSelenium] (initElements) -> CSS set to field: 
13:34:47,083 INFO  [BrowserSelenium] (initElements) -> XPath set to field: //span[text()='cc.expiry.date']/parent::li/following::li[contains(@id,'editor')]//select[contains(@id,'newDescriptionLanguage')]
13:34:47,083 INFO  [BrowserSelenium] (initElements) -> ID set to field: 
13:34:47,083 INFO  [BrowserSelenium] (initElements) -> Name set to field: 
13:34:47,083 INFO  [BrowserSelenium] (initElements) -> CSS set to field: 
13:34:47,083 INFO  [BrowserSelenium] (initElements) -> XPath set to field: //span[text()='cc.expiry.date']/parent::li/following::li[contains(@id,'editor')]//a[contains(@onclick,'addNewDescription')]/img
13:34:47,083 INFO  [BrowserSelenium] (initElements) -> ID set to field: 
13:34:47,083 INFO  [BrowserSelenium] (initElements) -> Name set to field: 
13:34:47,083 INFO  [BrowserSelenium] (initElements) -> CSS set to field: 
13:34:47,083 INFO  [BrowserSelenium] (initElements) -> XPath set to field: //span[text()='cc.expiry.date']/../..//label[text()='English Error message']/../div/input[1]
13:34:47,083 INFO  [BrowserSelenium] (initElements) -> ID set to field: 
13:34:47,083 INFO  [BrowserSelenium] (initElements) -> Name set to field: 
13:34:47,083 INFO  [BrowserSelenium] (initElements) -> CSS set to field: 
13:34:47,083 INFO  [BrowserSelenium] (initElements) -> XPath set to field: //span[text()='cc.expiry.date']/parent::li/following::li//div[contains(@id,'descriptions')]//a/img[contains(@src,'cross.png')]
13:34:47,083 INFO  [BrowserSelenium] (initElements) -> ID set to field: 
13:34:47,083 INFO  [BrowserSelenium] (initElements) -> Name set to field: 
13:34:47,083 INFO  [BrowserSelenium] (initElements) -> CSS set to field: 
13:34:47,083 INFO  [BrowserSelenium] (initElements) -> XPath set to field: //span[text()='cc.expiry.date']/parent::li/following::li[contains(@id,'editor')]//a//span[text()='Update']
13:34:47,083 INFO  [BrowserSelenium] (initElements) -> ID set to field: 
13:34:47,083 INFO  [BrowserSelenium] (initElements) -> Name set to field: 
13:34:47,083 INFO  [BrowserSelenium] (initElements) -> CSS set to field: 
13:34:47,083 INFO  [BrowserSelenium] (initElements) -> XPath set to field: //div[@class = 'buttons']//a[contains(@onclick,'submit')]
13:34:47,083 INFO  [BrowserSelenium] (initElements) -> ID set to field: 
13:34:47,083 INFO  [BrowserSelenium] (initElements) -> Name set to field: 
13:34:47,083 INFO  [BrowserSelenium] (initElements) -> CSS set to field: 
13:34:47,083 INFO  [BrowserSelenium] (initElements) -> XPath set to field: //div[@id='breadcrumbs']
13:34:47,083 INFO  [BrowserSelenium] (initElements) -> ID set to field: description
13:34:47,083 INFO  [BrowserSelenium] (initElements) -> Name set to field: 
13:34:47,083 INFO  [BrowserSelenium] (initElements) -> CSS set to field: 
13:34:47,083 INFO  [BrowserSelenium] (initElements) -> XPath set to field: 
13:34:47,083 INFO  [BrowserSelenium] (initElements) -> ID set to field: address1
13:34:47,083 INFO  [BrowserSelenium] (initElements) -> Name set to field: 
13:34:47,083 INFO  [BrowserSelenium] (initElements) -> CSS set to field: 
13:34:47,083 INFO  [BrowserSelenium] (initElements) -> XPath set to field: 
13:34:47,083 INFO  [BrowserSelenium] (initElements) -> ID set to field: city
13:34:47,083 INFO  [BrowserSelenium] (initElements) -> Name set to field: 
13:34:47,093 INFO  [BrowserSelenium] (initElements) -> CSS set to field: 
13:34:47,093 INFO  [BrowserSelenium] (initElements) -> XPath set to field: 
13:34:47,093 INFO  [BrowserSelenium] (initElements) -> ID set to field: stateProvince
13:34:47,093 INFO  [BrowserSelenium] (initElements) -> Name set to field: 
13:34:47,093 INFO  [BrowserSelenium] (initElements) -> CSS set to field: 
13:34:47,093 INFO  [BrowserSelenium] (initElements) -> XPath set to field: 
13:34:47,093 INFO  [BrowserSelenium] (initElements) -> ID set to field: 
13:34:47,093 INFO  [BrowserSelenium] (initElements) -> Name set to field: 
13:34:47,093 INFO  [BrowserSelenium] (initElements) -> CSS set to field: 
13:34:47,093 INFO  [BrowserSelenium] (initElements) -> XPath set to field: //label[contains(text(),'View plugin-in')]/../input[2]
13:34:47,093 INFO  [BrowserSelenium] (initElements) -> ID set to field: 
13:34:47,093 INFO  [BrowserSelenium] (initElements) -> Name set to field: 
13:34:47,093 INFO  [BrowserSelenium] (initElements) -> CSS set to field: 
13:34:47,093 INFO  [BrowserSelenium] (initElements) -> XPath set to field: //label[contains(text(),'Edit plug-in')]/../input[2]
13:34:47,093 INFO  [BrowserSelenium] (initElements) -> ID set to field: 
13:34:47,093 INFO  [BrowserSelenium] (initElements) -> Name set to field: 
13:34:47,093 INFO  [BrowserSelenium] (initElements) -> CSS set to field: 
13:34:47,093 INFO  [BrowserSelenium] (initElements) -> XPath set to field: //label[contains(text(),'Edit role')]/../input[2]
13:34:47,093 INFO  [BrowserSelenium] (initElements) -> ID set to field: 
13:34:47,093 INFO  [BrowserSelenium] (initElements) -> Name set to field: 
13:34:47,093 INFO  [BrowserSelenium] (initElements) -> CSS set to field: 
13:34:47,093 INFO  [BrowserSelenium] (initElements) -> XPath set to field: //div[@id='error-messages']/following-sibling::div//p
13:34:47,093 INFO  [BrowserSelenium] (initElements) -> ID set to field: roles
13:34:47,093 INFO  [BrowserSelenium] (initElements) -> Name set to field: 
13:34:47,093 INFO  [BrowserSelenium] (initElements) -> CSS set to field: 
13:34:47,093 INFO  [BrowserSelenium] (initElements) -> XPath set to field: 
13:34:47,093 INFO  [BrowserSelenium] (initElements) -> ID set to field: 
13:34:47,093 INFO  [BrowserSelenium] (initElements) -> Name set to field: 
13:34:47,093 INFO  [BrowserSelenium] (initElements) -> CSS set to field: 
13:34:47,093 INFO  [BrowserSelenium] (initElements) -> XPath set to field: //label[text()='Show agent menu']/../input[2]
13:34:47,093 INFO  [BrowserSelenium] (initElements) -> ID set to field: 
13:34:47,093 INFO  [BrowserSelenium] (initElements) -> Name set to field: 
13:34:47,093 INFO  [BrowserSelenium] (initElements) -> CSS set to field: 
13:34:47,093 INFO  [BrowserSelenium] (initElements) -> XPath set to field: //label[text()='Edit agent']/../input[2]
13:34:47,093 INFO  [BrowserSelenium] (initElements) -> ID set to field: 
13:34:47,093 INFO  [BrowserSelenium] (initElements) -> Name set to field: 
13:34:47,093 INFO  [BrowserSelenium] (initElements) -> CSS set to field: 
13:34:47,093 INFO  [BrowserSelenium] (initElements) -> XPath set to field: //label[text()='View agent details']/../input[2]
13:34:47,093 INFO  [BrowserSelenium] (initElements) -> ID set to field: 
13:34:47,093 INFO  [BrowserSelenium] (initElements) -> Name set to field: 
13:34:47,093 INFO  [BrowserSelenium] (initElements) -> CSS set to field: 
13:34:47,093 INFO  [BrowserSelenium] (initElements) -> XPath set to field: //a[@class='submit delete']
13:34:47,093 INFO  [BrowserSelenium] (initElements) -> ID set to field: creditLimitAsDecimal
13:34:47,093 INFO  [BrowserSelenium] (initElements) -> Name set to field: 
13:34:47,093 INFO  [BrowserSelenium] (initElements) -> CSS set to field: 
13:34:47,093 INFO  [BrowserSelenium] (initElements) -> XPath set to field: 
13:34:47,093 INFO  [BrowserSelenium] (initElements) -> ID set to field: creditNotificationLimit1AsDecimal
13:34:47,093 INFO  [BrowserSelenium] (initElements) -> Name set to field: 
13:34:47,093 INFO  [BrowserSelenium] (initElements) -> CSS set to field: 
13:34:47,093 INFO  [BrowserSelenium] (initElements) -> XPath set to field: 
13:34:47,093 INFO  [BrowserSelenium] (initElements) -> ID set to field: creditNotificationLimit2AsDecimal
13:34:47,093 INFO  [BrowserSelenium] (initElements) -> Name set to field: 
13:34:47,093 INFO  [BrowserSelenium] (initElements) -> CSS set to field: 
13:34:47,093 INFO  [BrowserSelenium] (initElements) -> XPath set to field: 
13:34:47,103 INFO  [BrowserSelenium] (initElements) -> ID set to field: 
13:34:47,103 INFO  [BrowserSelenium] (initElements) -> Name set to field: 
13:34:47,103 INFO  [BrowserSelenium] (initElements) -> CSS set to field: 
13:34:47,103 INFO  [BrowserSelenium] (initElements) -> XPath set to field: //div[@id='messages']//ul/li
13:34:47,103 INFO  [BrowserSelenium] (initElements) -> ID set to field: payment-method-select
13:34:47,103 INFO  [BrowserSelenium] (initElements) -> Name set to field: 
13:34:47,103 INFO  [BrowserSelenium] (initElements) -> CSS set to field: 
13:34:47,103 INFO  [BrowserSelenium] (initElements) -> XPath set to field: 
13:34:47,103 INFO  [BrowserSelenium] (initElements) -> ID set to field: gs_typeId
13:34:47,103 INFO  [BrowserSelenium] (initElements) -> Name set to field: 
13:34:47,103 INFO  [BrowserSelenium] (initElements) -> CSS set to field: 
13:34:47,103 INFO  [BrowserSelenium] (initElements) -> XPath set to field: 
13:34:47,103 INFO  [BrowserSelenium] (initElements) -> ID set to field: 
13:34:47,103 INFO  [BrowserSelenium] (initElements) -> Name set to field: 
13:34:47,103 INFO  [BrowserSelenium] (initElements) -> CSS set to field: 
13:34:47,103 INFO  [BrowserSelenium] (initElements) -> XPath set to field: //option[text()='
13:34:47,103 INFO  [BrowserSelenium] (initElements) -> ID set to field: 
13:34:47,103 INFO  [BrowserSelenium] (initElements) -> Name set to field: 
13:34:47,103 INFO  [BrowserSelenium] (initElements) -> CSS set to field: 
13:34:47,103 INFO  [BrowserSelenium] (initElements) -> XPath set to field: //strong[contains(text(),'Payment gateway integration')]
13:34:47,103 INFO  [BrowserSelenium] (initElements) -> ID set to field: plg-parm-PaypalUserId
13:34:47,103 INFO  [BrowserSelenium] (initElements) -> Name set to field: 
13:34:47,103 INFO  [BrowserSelenium] (initElements) -> CSS set to field: 
13:34:47,103 INFO  [BrowserSelenium] (initElements) -> XPath set to field: 
13:34:47,103 INFO  [BrowserSelenium] (initElements) -> ID set to field: plg-parm-PaypalPassword
13:34:47,103 INFO  [BrowserSelenium] (initElements) -> Name set to field: 
13:34:47,103 INFO  [BrowserSelenium] (initElements) -> CSS set to field: 
13:34:47,103 INFO  [BrowserSelenium] (initElements) -> XPath set to field: 
13:34:47,103 INFO  [BrowserSelenium] (initElements) -> ID set to field: plg-parm-PaypalSignature
13:34:47,103 INFO  [BrowserSelenium] (initElements) -> Name set to field: 
13:34:47,103 INFO  [BrowserSelenium] (initElements) -> CSS set to field: 
13:34:47,103 INFO  [BrowserSelenium] (initElements) -> XPath set to field: 
13:34:47,103 INFO  [BrowserSelenium] (initElements) -> ID set to field: 
13:34:47,103 INFO  [BrowserSelenium] (initElements) -> Name set to field: 
13:34:47,103 INFO  [BrowserSelenium] (initElements) -> CSS set to field: 
13:34:47,103 INFO  [BrowserSelenium] (initElements) -> XPath set to field: //a[contains(text(),'Company')]
13:34:47,103 INFO  [BrowserSelenium] (initElements) -> ID set to field: 
13:34:47,103 INFO  [BrowserSelenium] (initElements) -> Name set to field: 
13:34:47,103 INFO  [BrowserSelenium] (initElements) -> CSS set to field: 
13:34:47,103 INFO  [BrowserSelenium] (initElements) -> XPath set to field: //div[@class='table-box']//tr//td//a
13:34:47,103 INFO  [BrowserSelenium] (initElements) -> ID set to field: metaField.name
13:34:47,103 INFO  [BrowserSelenium] (initElements) -> Name set to field: 
13:34:47,103 INFO  [BrowserSelenium] (initElements) -> CSS set to field: 
13:34:47,103 INFO  [BrowserSelenium] (initElements) -> XPath set to field: 
13:34:47,103 INFO  [BrowserSelenium] (initElements) -> ID set to field: metaField.dataType
13:34:47,103 INFO  [BrowserSelenium] (initElements) -> Name set to field: 
13:34:47,103 INFO  [BrowserSelenium] (initElements) -> CSS set to field: 
13:34:47,113 INFO  [BrowserSelenium] (initElements) -> XPath set to field: 
13:34:47,113 INFO  [BrowserSelenium] (initElements) -> ID set to field: mandatoryCheck
13:34:47,113 INFO  [BrowserSelenium] (initElements) -> Name set to field: 
13:34:47,113 INFO  [BrowserSelenium] (initElements) -> CSS set to field: 
13:34:47,113 INFO  [BrowserSelenium] (initElements) -> XPath set to field: 
13:34:47,113 INFO  [BrowserSelenium] (initElements) -> ID set to field: disableCheck
13:34:47,113 INFO  [BrowserSelenium] (initElements) -> Name set to field: 
13:34:47,113 INFO  [BrowserSelenium] (initElements) -> CSS set to field: 
13:34:47,113 INFO  [BrowserSelenium] (initElements) -> XPath set to field: 
13:34:47,113 INFO  [BrowserSelenium] (initElements) -> ID set to field: defaultValue
13:34:47,113 INFO  [BrowserSelenium] (initElements) -> Name set to field: 
13:34:47,113 INFO  [BrowserSelenium] (initElements) -> CSS set to field: 
13:34:47,113 INFO  [BrowserSelenium] (initElements) -> XPath set to field: 
13:34:47,113 INFO  [BrowserSelenium] (initElements) -> ID set to field: metaField.validationRule.ruleType
13:34:47,113 INFO  [BrowserSelenium] (initElements) -> Name set to field: 
13:34:47,113 INFO  [BrowserSelenium] (initElements) -> CSS set to field: 
13:34:47,113 INFO  [BrowserSelenium] (initElements) -> XPath set to field: 
13:34:47,113 INFO  [BrowserSelenium] (initElements) -> ID set to field: 
13:34:47,113 INFO  [BrowserSelenium] (initElements) -> Name set to field: 
13:34:47,113 INFO  [BrowserSelenium] (initElements) -> CSS set to field: 
13:34:47,113 INFO  [BrowserSelenium] (initElements) -> XPath set to field: //a[@class='submit save']/span
13:34:47,113 INFO  [BrowserSelenium] (initElements) -> ID set to field: 
13:34:47,113 INFO  [BrowserSelenium] (initElements) -> Name set to field: 
13:34:47,113 INFO  [BrowserSelenium] (initElements) -> CSS set to field: 
13:34:47,113 INFO  [BrowserSelenium] (initElements) -> XPath set to field: //a[@class='submit cancel']/span
13:34:47,113 INFO  [BrowserSelenium] (initElements) -> ID set to field: 
13:34:47,113 INFO  [BrowserSelenium] (initElements) -> Name set to field: 
13:34:47,113 INFO  [BrowserSelenium] (initElements) -> CSS set to field: 
13:34:47,113 INFO  [BrowserSelenium] (initElements) -> XPath set to field: //input[@id='helpCheck'] 
13:34:47,113 INFO  [BrowserSelenium] (initElements) -> ID set to field: 
13:34:47,113 INFO  [BrowserSelenium] (initElements) -> Name set to field: 
13:34:47,113 INFO  [BrowserSelenium] (initElements) -> CSS set to field: 
13:34:47,113 INFO  [BrowserSelenium] (initElements) -> XPath set to field: //table[@id='roles']//tbody//tr
13:34:47,113 INFO  [BrowserSelenium] (initElements) -> ID set to field: 
13:34:47,113 INFO  [BrowserSelenium] (initElements) -> Name set to field: 
13:34:47,113 INFO  [BrowserSelenium] (initElements) -> CSS set to field: 
13:34:47,113 INFO  [BrowserSelenium] (initElements) -> XPath set to field: //select[@id='vis-cols-multi-sel-group-left']//option
13:34:47,113 INFO  [BrowserSelenium] (initElements) -> ID set to field: 
13:34:47,113 INFO  [BrowserSelenium] (initElements) -> Name set to field: 
13:34:47,113 INFO  [BrowserSelenium] (initElements) -> CSS set to field: 
13:34:47,113 INFO  [BrowserSelenium] (initElements) -> XPath set to field: //a[@id='vis-cols-multi-sel-to-right']/span
13:34:47,113 INFO  [BrowserSelenium] (initElements) -> ID set to field: 
13:34:47,113 INFO  [BrowserSelenium] (initElements) -> Name set to field: 
13:34:47,113 INFO  [BrowserSelenium] (initElements) -> CSS set to field: 
13:34:47,113 INFO  [BrowserSelenium] (initElements) -> XPath set to field: //input[@id='name']
13:34:47,113 INFO  [BrowserSelenium] (initElements) -> ID set to field: 
13:34:47,113 INFO  [BrowserSelenium] (initElements) -> Name set to field: 
13:34:47,113 INFO  [BrowserSelenium] (initElements) -> CSS set to field: 
13:34:47,113 INFO  [BrowserSelenium] (initElements) -> XPath set to field: //table[@id='payments']
13:34:47,113 INFO  [BrowserSelenium] (initElements) -> ID set to field: 
13:34:47,113 INFO  [BrowserSelenium] (initElements) -> Name set to field: 
13:34:47,113 INFO  [BrowserSelenium] (initElements) -> CSS set to field: 
13:34:47,113 INFO  [BrowserSelenium] (initElements) -> XPath set to field: //div[text()='Should use JQGrid for tables']/..
13:34:47,113 INFO  [BrowserSelenium] (initElements) -> ID set to field: 
13:34:47,123 INFO  [BrowserSelenium] (initElements) -> Name set to field: 
13:34:47,123 INFO  [BrowserSelenium] (initElements) -> CSS set to field: 
13:34:47,123 INFO  [BrowserSelenium] (initElements) -> XPath set to field: //table[@class='jqTable ui-jqgrid-btable']//tbody//tr/td/div
13:34:47,123 INFO  [BrowserSelenium] (initElements) -> ID set to field: 
13:34:47,123 INFO  [BrowserSelenium] (initElements) -> Name set to field: 
13:34:47,123 INFO  [BrowserSelenium] (initElements) -> CSS set to field: 
13:34:47,123 INFO  [BrowserSelenium] (initElements) -> XPath set to field: //select[contains(@id,'paymentMethodTypeId')]
13:34:47,123 INFO  [BrowserSelenium] (initElements) -> ID set to field: disableCheck
13:34:47,123 INFO  [BrowserSelenium] (initElements) -> Name set to field: 
13:34:47,123 INFO  [BrowserSelenium] (initElements) -> CSS set to field: 
13:34:47,123 INFO  [BrowserSelenium] (initElements) -> XPath set to field: 
13:34:47,123 INFO  [BrowserSelenium] (initElements) -> ID set to field: 
13:34:47,123 INFO  [BrowserSelenium] (initElements) -> Name set to field: 
13:34:47,123 INFO  [BrowserSelenium] (initElements) -> CSS set to field: 
13:34:47,123 INFO  [BrowserSelenium] (initElements) -> XPath set to field: //select[contains(@id,'dataType')]
13:34:47,123 INFO  [BrowserSelenium] (initElements) -> ID set to field: 
13:34:47,123 INFO  [BrowserSelenium] (initElements) -> Name set to field: 
13:34:47,123 INFO  [BrowserSelenium] (initElements) -> CSS set to field: 
13:34:47,123 INFO  [BrowserSelenium] (initElements) -> XPath set to field: //div[@id='left-column']//li[21]
13:34:47,123 INFO  [BrowserSelenium] (initElements) -> ID set to field: 
13:34:47,123 INFO  [BrowserSelenium] (initElements) -> Name set to field: 
13:34:47,123 INFO  [BrowserSelenium] (initElements) -> CSS set to field: 
13:34:47,123 INFO  [BrowserSelenium] (initElements) -> XPath set to field: //div[@class='lang_description_1']//input[@id='obj_0_description_1']
13:34:47,123 INFO  [BrowserSelenium] (initElements) -> ID set to field: 
13:34:47,123 INFO  [BrowserSelenium] (initElements) -> Name set to field: 
13:34:47,123 INFO  [BrowserSelenium] (initElements) -> CSS set to field: 
13:34:47,123 INFO  [BrowserSelenium] (initElements) -> XPath set to field: //div[@class='lang_description_1']//input[@id='obj_1_description_1']
13:34:47,123 INFO  [BrowserSelenium] (initElements) -> ID set to field: 
13:34:47,123 INFO  [BrowserSelenium] (initElements) -> Name set to field: 
13:34:47,123 INFO  [BrowserSelenium] (initElements) -> CSS set to field: 
13:34:47,123 INFO  [BrowserSelenium] (initElements) -> XPath set to field: //strong[contains(text(),'Order Change Statuses')]
13:34:47,123 INFO  [BrowserSelenium] (initElements) -> ID set to field: 
13:34:47,123 INFO  [BrowserSelenium] (initElements) -> Name set to field: 
13:34:47,123 INFO  [BrowserSelenium] (initElements) -> CSS set to field: 
13:34:47,123 INFO  [BrowserSelenium] (initElements) -> XPath set to field: //*[@id='obj[1].order']
13:34:47,123 INFO  [BrowserSelenium] (initElements) -> ID set to field: 
13:34:47,123 INFO  [BrowserSelenium] (initElements) -> Name set to field: 
13:34:47,123 INFO  [BrowserSelenium] (initElements) -> CSS set to field: 
13:34:47,123 INFO  [BrowserSelenium] (initElements) -> XPath set to field: //*[@id='obj[1].applyToOrder']
13:34:47,123 INFO  [BrowserSelenium] (initElements) -> ID set to field: 
13:34:47,123 INFO  [BrowserSelenium] (initElements) -> Name set to field: 
13:34:47,123 INFO  [BrowserSelenium] (initElements) -> CSS set to field: 
13:34:47,123 INFO  [BrowserSelenium] (initElements) -> XPath set to field: //*[@id='obj[0].applyToOrder']
13:34:47,123 INFO  [BrowserSelenium] (initElements) -> ID set to field: 
13:34:47,123 INFO  [BrowserSelenium] (initElements) -> Name set to field: 
13:34:47,123 INFO  [BrowserSelenium] (initElements) -> CSS set to field: 
13:34:47,123 INFO  [BrowserSelenium] (initElements) -> XPath set to field: //table[@id='invoiceTemplates']
13:34:47,123 INFO  [BrowserSelenium] (initElements) -> ID set to field: 
13:34:47,123 INFO  [BrowserSelenium] (initElements) -> Name set to field: 
13:34:47,123 INFO  [BrowserSelenium] (initElements) -> CSS set to field: 
13:34:47,123 INFO  [BrowserSelenium] (initElements) -> XPath set to field: //*[@id='17']/em
13:34:47,123 INFO  [BrowserSelenium] (initElements) -> ID set to field: 
13:34:47,123 INFO  [BrowserSelenium] (initElements) -> Name set to field: 
13:34:47,123 INFO  [BrowserSelenium] (initElements) -> CSS set to field: 
13:34:47,123 INFO  [BrowserSelenium] (initElements) -> XPath set to field: //*[@id='processingOrder']
13:34:47,133 INFO  [BrowserSelenium] (initElements) -> ID set to field: 
13:34:47,133 INFO  [BrowserSelenium] (initElements) -> Name set to field: 
13:34:47,133 INFO  [BrowserSelenium] (initElements) -> CSS set to field: 
13:34:47,133 INFO  [BrowserSelenium] (initElements) -> XPath set to field: //*[@id='typeId']
13:34:47,133 INFO  [BrowserSelenium] (initElements) -> ID set to field: 
13:34:47,133 INFO  [BrowserSelenium] (initElements) -> Name set to field: 
13:34:47,133 INFO  [BrowserSelenium] (initElements) -> CSS set to field: 
13:34:47,133 INFO  [BrowserSelenium] (initElements) -> XPath set to field: //div[@class='heading']//strong
13:34:47,133 INFO  [BrowserSelenium] (initElements) -> ID set to field: 
13:34:47,133 INFO  [BrowserSelenium] (initElements) -> Name set to field: 
13:34:47,133 INFO  [BrowserSelenium] (initElements) -> CSS set to field: 
13:34:47,133 INFO  [BrowserSelenium] (initElements) -> XPath set to field: //*[@id='orderChangeStatusesTable']/tbody/tr[2]/td[5]/a/img
13:34:47,133 INFO  [BrowserSelenium] (initElements) -> ID set to field: 
13:34:47,133 INFO  [BrowserSelenium] (initElements) -> Name set to field: 
13:34:47,133 INFO  [BrowserSelenium] (initElements) -> CSS set to field: 
13:34:47,133 INFO  [BrowserSelenium] (initElements) -> XPath set to field: //*[@id='orderChangeStatusesTable']/tbody/tr[3]/td[5]/a/img
13:34:47,133 INFO  [BrowserSelenium] (initElements) -> ID set to field: 
13:34:47,133 INFO  [BrowserSelenium] (initElements) -> Name set to field: 
13:34:47,133 INFO  [BrowserSelenium] (initElements) -> CSS set to field: 
13:34:47,133 INFO  [BrowserSelenium] (initElements) -> XPath set to field: //*[@id='column1']/div/table/thead/tr/th[2]
13:34:47,133 INFO  [BrowserSelenium] (initElements) -> ID set to field: 
13:34:47,133 INFO  [BrowserSelenium] (initElements) -> Name set to field: 
13:34:47,133 INFO  [BrowserSelenium] (initElements) -> CSS set to field: 
13:34:47,133 INFO  [BrowserSelenium] (initElements) -> XPath set to field: //*[@id='CUSTOMER']/strong
13:34:47,133 INFO  [BrowserSelenium] (initElements) -> ID set to field: 
13:34:47,133 INFO  [BrowserSelenium] (initElements) -> Name set to field: 
13:34:47,133 INFO  [BrowserSelenium] (initElements) -> CSS set to field: 
13:34:47,133 INFO  [BrowserSelenium] (initElements) -> XPath set to field: //*[@id='column1']/div[1]/table/thead/tr/th
13:34:47,133 INFO  [BrowserSelenium] (initElements) -> ID set to field: 
13:34:47,133 INFO  [BrowserSelenium] (initElements) -> Name set to field: 
13:34:47,133 INFO  [BrowserSelenium] (initElements) -> CSS set to field: 
13:34:47,133 INFO  [BrowserSelenium] (initElements) -> XPath set to field: //*[@id='metaField.name']
13:34:47,133 INFO  [BrowserSelenium] (initElements) -> ID set to field: 
13:34:47,133 INFO  [BrowserSelenium] (initElements) -> Name set to field: 
13:34:47,133 INFO  [BrowserSelenium] (initElements) -> CSS set to field: 
13:34:47,133 INFO  [BrowserSelenium] (initElements) -> XPath set to field: //*[@id='metaField.dataType']
13:34:47,133 INFO  [BrowserSelenium] (initElements) -> ID set to field: 
13:34:47,133 INFO  [BrowserSelenium] (initElements) -> Name set to field: 
13:34:47,133 INFO  [BrowserSelenium] (initElements) -> CSS set to field: 
13:34:47,133 INFO  [BrowserSelenium] (initElements) -> XPath set to field: //*[@id='mandatoryCheck']
13:34:47,133 INFO  [BrowserSelenium] (initElements) -> ID set to field: 
13:34:47,133 INFO  [BrowserSelenium] (initElements) -> Name set to field: 
13:34:47,133 INFO  [BrowserSelenium] (initElements) -> CSS set to field: 
13:34:47,133 INFO  [BrowserSelenium] (initElements) -> XPath set to field: //*[@class='table-box']//strong[contains(text(),'Salary')]
13:34:47,133 INFO  [BrowserSelenium] (initElements) -> ID set to field: 
13:34:47,133 INFO  [BrowserSelenium] (initElements) -> Name set to field: 
13:34:47,133 INFO  [BrowserSelenium] (initElements) -> CSS set to field: 
13:34:47,133 INFO  [BrowserSelenium] (initElements) -> XPath set to field: (//button[@type='button'])[3]
13:34:47,133 INFO  [BrowserSelenium] (initElements) -> ID set to field: 
13:34:47,133 INFO  [BrowserSelenium] (initElements) -> Name set to field: 
13:34:47,133 INFO  [BrowserSelenium] (initElements) -> CSS set to field: 
13:34:47,133 INFO  [BrowserSelenium] (initElements) -> XPath set to field: //a[contains(text(),'Payment Method')]
13:34:47,133 INFO  [BrowserSelenium] (initElements) -> ID set to field: 
13:34:47,133 INFO  [BrowserSelenium] (initElements) -> Name set to field: 
13:34:47,133 INFO  [BrowserSelenium] (initElements) -> CSS set to field: 
13:34:47,133 INFO  [BrowserSelenium] (initElements) -> XPath set to field: //a[contains(text(),'Account Type')]
13:34:47,143 INFO  [BrowserSelenium] (initElements) -> ID set to field: 
13:34:47,143 INFO  [BrowserSelenium] (initElements) -> Name set to field: 
13:34:47,143 INFO  [BrowserSelenium] (initElements) -> CSS set to field: 
13:34:47,143 INFO  [BrowserSelenium] (initElements) -> XPath set to field: //div[@id='left-column']/div/ul//li//a[contains(text(),'Account Type')]
13:34:47,143 INFO  [BrowserSelenium] (initElements) -> ID set to field: 
13:34:47,143 INFO  [BrowserSelenium] (initElements) -> Name set to field: 
13:34:47,143 INFO  [BrowserSelenium] (initElements) -> CSS set to field: 
13:34:47,143 INFO  [BrowserSelenium] (initElements) -> XPath set to field: //div[@id='messages']/div[@class='msg-box error']/strong
13:34:47,143 INFO  [BrowserSelenium] (initElements) -> ID set to field: 
13:34:47,143 INFO  [BrowserSelenium] (initElements) -> Name set to field: 
13:34:47,143 INFO  [BrowserSelenium] (initElements) -> CSS set to field: 
13:34:47,143 INFO  [BrowserSelenium] (initElements) -> XPath set to field: //div[@id='messages']/div[@class='msg-box error']/ul/li
13:34:47,143 INFO  [BrowserSelenium] (initElements) -> ID set to field: 
13:34:47,143 INFO  [BrowserSelenium] (initElements) -> Name set to field: 
13:34:47,143 INFO  [BrowserSelenium] (initElements) -> CSS set to field: 
13:34:47,143 INFO  [BrowserSelenium] (initElements) -> XPath set to field: //a[contains(.,'Order Statuses')]
13:34:47,143 INFO  [BrowserSelenium] (initElements) -> ID set to field: 
13:34:47,143 INFO  [BrowserSelenium] (initElements) -> Name set to field: 
13:34:47,143 INFO  [BrowserSelenium] (initElements) -> CSS set to field: 
13:34:47,143 INFO  [BrowserSelenium] (initElements) -> XPath set to field: //a[contains(.,'INVOICE')]
13:34:47,143 INFO  [BrowserSelenium] (initElements) -> ID set to field: 
13:34:47,143 INFO  [BrowserSelenium] (initElements) -> Name set to field: 
13:34:47,143 INFO  [BrowserSelenium] (initElements) -> CSS set to field: 
13:34:47,143 INFO  [BrowserSelenium] (initElements) -> XPath set to field: //a[contains(.,'FINISHED')]
13:34:47,143 INFO  [BrowserSelenium] (initElements) -> ID set to field: 
13:34:47,143 INFO  [BrowserSelenium] (initElements) -> Name set to field: 
13:34:47,143 INFO  [BrowserSelenium] (initElements) -> CSS set to field: 
13:34:47,143 INFO  [BrowserSelenium] (initElements) -> XPath set to field: //a[contains(.,'NOT_INVOICE')]
13:34:47,143 INFO  [BrowserSelenium] (initElements) -> ID set to field: 
13:34:47,143 INFO  [BrowserSelenium] (initElements) -> Name set to field: 
13:34:47,143 INFO  [BrowserSelenium] (initElements) -> CSS set to field: 
13:34:47,143 INFO  [BrowserSelenium] (initElements) -> XPath set to field: //a[contains(.,'SUSPENDED_AGEING')]
13:34:47,143 INFO  [BrowserSelenium] (initElements) -> ID set to field: 
13:34:47,143 INFO  [BrowserSelenium] (initElements) -> Name set to field: 
13:34:47,143 INFO  [BrowserSelenium] (initElements) -> CSS set to field: 
13:34:47,143 INFO  [BrowserSelenium] (initElements) -> XPath set to field: //a[contains(.,'Active')]
13:34:47,143 INFO  [BrowserSelenium] (initElements) -> ID set to field: 
13:34:47,143 INFO  [BrowserSelenium] (initElements) -> Name set to field: 
13:34:47,143 INFO  [BrowserSelenium] (initElements) -> CSS set to field: 
13:34:47,143 INFO  [BrowserSelenium] (initElements) -> XPath set to field: //a[contains(.,'Finished')]
13:34:47,143 INFO  [BrowserSelenium] (initElements) -> ID set to field: 
13:34:47,143 INFO  [BrowserSelenium] (initElements) -> Name set to field: 
13:34:47,143 INFO  [BrowserSelenium] (initElements) -> CSS set to field: 
13:34:47,143 INFO  [BrowserSelenium] (initElements) -> XPath set to field: //a[contains(.,'Suspended')]
13:34:47,143 INFO  [BrowserSelenium] (initElements) -> ID set to field: 
13:34:47,153 INFO  [BrowserSelenium] (initElements) -> Name set to field: 
13:34:47,153 INFO  [BrowserSelenium] (initElements) -> CSS set to field: 
13:34:47,153 INFO  [BrowserSelenium] (initElements) -> XPath set to field: //a[contains(.,'Suspended ageing(auto)')]
13:34:47,153 INFO  [BrowserSelenium] (initElements) -> ID set to field: 
13:34:47,153 INFO  [BrowserSelenium] (initElements) -> Name set to field: 
13:34:47,153 INFO  [BrowserSelenium] (initElements) -> CSS set to field: 
13:34:47,153 INFO  [BrowserSelenium] (initElements) -> XPath set to field: //input[@id='description']
13:34:47,153 INFO  [BrowserSelenium] (initElements) -> ID set to field: 
13:34:47,153 INFO  [BrowserSelenium] (initElements) -> Name set to field: 
13:34:47,153 INFO  [BrowserSelenium] (initElements) -> CSS set to field: 
13:34:47,153 INFO  [BrowserSelenium] (initElements) -> XPath set to field: //select[contains(@id,'orderStatusFlag')]
13:34:47,153 INFO  [BrowserSelenium] (initElements) -> ID set to field: 
13:34:47,153 INFO  [BrowserSelenium] (initElements) -> Name set to field: 
13:34:47,153 INFO  [BrowserSelenium] (initElements) -> CSS set to field: 
13:34:47,153 INFO  [BrowserSelenium] (initElements) -> XPath set to field: //div[@id='error-messages']/ul/li
13:34:47,153 INFO  [BrowserSelenium] (initElements) -> ID set to field: 
13:34:47,153 INFO  [BrowserSelenium] (initElements) -> Name set to field: 
13:34:47,153 INFO  [BrowserSelenium] (initElements) -> CSS set to field: 
13:34:47,153 INFO  [BrowserSelenium] (initElements) -> XPath set to field: //div[@id='messages']//div[@class='msg-box error'][1]/ul/li
13:34:47,153 INFO  [BrowserSelenium] (initElements) -> ID set to field: 
13:34:47,153 INFO  [BrowserSelenium] (initElements) -> Name set to field: 
13:34:47,153 INFO  [BrowserSelenium] (initElements) -> CSS set to field: 
13:34:47,153 INFO  [BrowserSelenium] (initElements) -> XPath set to field: //div[@id='error-messages']/ul/li[1]
13:34:47,153 INFO  [BrowserSelenium] (initElements) -> ID set to field: 
13:34:47,153 INFO  [BrowserSelenium] (initElements) -> Name set to field: 
13:34:47,153 INFO  [BrowserSelenium] (initElements) -> CSS set to field: 
13:34:47,153 INFO  [BrowserSelenium] (initElements) -> XPath set to field: //div[@id='error-messages']/ul/li[2]
13:34:47,153 INFO  [BrowserSelenium] (initElements) -> ID set to field: name
13:34:47,153 INFO  [BrowserSelenium] (initElements) -> Name set to field: 
13:34:47,153 INFO  [BrowserSelenium] (initElements) -> CSS set to field: 
13:34:47,153 INFO  [BrowserSelenium] (initElements) -> XPath set to field: 
13:34:47,153 INFO  [BrowserSelenium] (initElements) -> ID set to field: usagePool.names[0].content
13:34:47,153 INFO  [BrowserSelenium] (initElements) -> Name set to field: 
13:34:47,153 INFO  [BrowserSelenium] (initElements) -> CSS set to field: 
13:34:47,153 INFO  [BrowserSelenium] (initElements) -> XPath set to field: 
13:34:47,153 INFO  [BrowserSelenium] (initElements) -> ID set to field: usagePool.cyclePeriodValue
13:34:47,153 INFO  [BrowserSelenium] (initElements) -> Name set to field: 
13:34:47,153 INFO  [BrowserSelenium] (initElements) -> CSS set to field: 
13:34:47,153 INFO  [BrowserSelenium] (initElements) -> XPath set to field: 
13:34:47,153 INFO  [BrowserSelenium] (initElements) -> ID set to field: usagePool.quantity
13:34:47,153 INFO  [BrowserSelenium] (initElements) -> Name set to field: 
13:34:47,153 INFO  [BrowserSelenium] (initElements) -> CSS set to field: 
13:34:47,153 INFO  [BrowserSelenium] (initElements) -> XPath set to field: 
13:34:47,153 INFO  [BrowserSelenium] (initElements) -> ID set to field: usagePool.consumptionActions.1.percentage
13:34:47,153 INFO  [BrowserSelenium] (initElements) -> Name set to field: 
13:34:47,153 INFO  [BrowserSelenium] (initElements) -> CSS set to field: 
13:34:47,153 INFO  [BrowserSelenium] (initElements) -> XPath set to field: 
13:34:47,153 INFO  [BrowserSelenium] (initElements) -> ID set to field: usagePool.consumptionActions.2.percentage
13:34:47,153 INFO  [BrowserSelenium] (initElements) -> Name set to field: 
13:34:47,153 INFO  [BrowserSelenium] (initElements) -> CSS set to field: 
13:34:47,153 INFO  [BrowserSelenium] (initElements) -> XPath set to field: 
13:34:47,153 INFO  [BrowserSelenium] (initElements) -> ID set to field: usagePool.consumptionActions.2.productId
13:34:47,153 INFO  [BrowserSelenium] (initElements) -> Name set to field: 
13:34:47,153 INFO  [BrowserSelenium] (initElements) -> CSS set to field: 
13:34:47,153 INFO  [BrowserSelenium] (initElements) -> XPath set to field: 
13:34:47,153 INFO  [BrowserSelenium] (initElements) -> ID set to field: 
13:34:47,153 INFO  [BrowserSelenium] (initElements) -> Name set to field: 
13:34:47,153 INFO  [BrowserSelenium] (initElements) -> CSS set to field: 
13:34:47,163 INFO  [BrowserSelenium] (initElements) -> XPath set to field: //input[contains(@id,'.value')]
13:34:47,163 INFO  [BrowserSelenium] (initElements) -> ID set to field: 
13:34:47,163 INFO  [BrowserSelenium] (initElements) -> Name set to field: 
13:34:47,163 INFO  [BrowserSelenium] (initElements) -> CSS set to field: 
[...]
13:34:56,452 INFO  [BrowserSelenium] (initElements) -> Name set to field: 
13:34:56,452 INFO  [BrowserSelenium] (initElements) -> CSS set to field: 
13:34:56,462 INFO  [BrowserSelenium] (initElements) -> XPath set to field: //div[@id='left-column']//li[21]
13:34:56,462 INFO  [BrowserSelenium] (initElements) -> ID set to field: 
13:34:56,462 INFO  [BrowserSelenium] (initElements) -> Name set to field: 
13:34:56,462 INFO  [BrowserSelenium] (initElements) -> CSS set to field: 
13:34:56,462 INFO  [BrowserSelenium] (initElements) -> XPath set to field: //div[@class='lang_description_1']//input[@id='obj_0_description_1']
13:34:56,462 INFO  [BrowserSelenium] (initElements) -> ID set to field: 
13:34:56,462 INFO  [BrowserSelenium] (initElements) -> Name set to field: 
13:34:56,462 INFO  [BrowserSelenium] (initElements) -> CSS set to field: 
13:34:56,462 INFO  [BrowserSelenium] (initElements) -> XPath set to field: //div[@class='lang_description_1']//input[@id='obj_1_description_1']
13:34:56,462 INFO  [BrowserSelenium] (initElements) -> ID set to field: 
13:34:56,462 INFO  [BrowserSelenium] (initElements) -> Name set to field: 
13:34:56,462 INFO  [BrowserSelenium] (initElements) -> CSS set to field: 
13:34:56,462 INFO  [BrowserSelenium] (initElements) -> XPath set to field: //strong[contains(text(),'Order Change Statuses')]
13:34:56,462 INFO  [BrowserSelenium] (initElements) -> ID set to field: 
13:34:56,462 INFO  [BrowserSelenium] (initElements) -> Name set to field: 
13:34:56,462 INFO  [BrowserSelenium] (initElements) -> CSS set to field: 
13:34:56,462 INFO  [BrowserSelenium] (initElements) -> XPath set to field: //*[@id='obj[1].order']
13:34:56,462 INFO  [BrowserSelenium] (initElements) -> ID set to field: 
13:34:56,462 INFO  [BrowserSelenium] (initElements) -> Name set to field: 
13:34:56,462 INFO  [BrowserSelenium] (initElements) -> CSS set to field: 
13:34:56,462 INFO  [BrowserSelenium] (initElements) -> XPath set to field: //*[@id='obj[1].applyToOrder']
13:34:56,462 INFO  [BrowserSelenium] (initElements) -> ID set to field: 
13:34:56,462 INFO  [BrowserSelenium] (initElements) -> Name set to field: 
13:34:56,462 INFO  [BrowserSelenium] (initElements) -> CSS set to field: 
13:34:56,462 INFO  [BrowserSelenium] (initElements) -> XPath set to field: //*[@id='obj[0].applyToOrder']
13:34:56,462 INFO  [BrowserSelenium] (initElements) -> ID set to field: 
13:34:56,462 INFO  [BrowserSelenium] (initElements) -> Name set to field: 
13:34:56,462 INFO  [BrowserSelenium] (initElements) -> CSS set to field: 
13:34:56,462 INFO  [BrowserSelenium] (initElements) -> XPath set to field: //table[@id='invoiceTemplates']
13:34:56,462 INFO  [BrowserSelenium] (initElements) -> ID set to field: 
13:34:56,462 INFO  [BrowserSelenium] (initElements) -> Name set to field: 
13:34:56,462 INFO  [BrowserSelenium] (initElements) -> CSS set to field: 
13:34:56,462 INFO  [BrowserSelenium] (initElements) -> XPath set to field: //*[@id='17']/em
13:34:56,462 INFO  [BrowserSelenium] (initElements) -> ID set to field: 
13:34:56,462 INFO  [BrowserSelenium] (initElements) -> Name set to field: 
13:34:56,462 INFO  [BrowserSelenium] (initElements) -> CSS set to field: 
13:34:56,462 INFO  [BrowserSelenium] (initElements) -> XPath set to field: //*[@id='processingOrder']
13:34:56,462 INFO  [BrowserSelenium] (initElements) -> ID set to field: 
13:34:56,462 INFO  [BrowserSelenium] (initElements) -> Name set to field: 
13:34:56,462 INFO  [BrowserSelenium] (initElements) -> CSS set to field: 
13:34:56,462 INFO  [BrowserSelenium] (initElements) -> XPath set to field: //*[@id='typeId']
13:34:56,462 INFO  [BrowserSelenium] (initElements) -> ID set to field: 
13:34:56,462 INFO  [BrowserSelenium] (initElements) -> Name set to field: 
13:34:56,462 INFO  [BrowserSelenium] (initElements) -> CSS set to field: 
13:34:56,462 INFO  [BrowserSelenium] (initElements) -> XPath set to field: //div[@class='heading']//strong
13:34:56,462 INFO  [BrowserSelenium] (initElements) -> ID set to field: 
13:34:56,462 INFO  [BrowserSelenium] (initElements) -> Name set to field: 
13:34:56,462 INFO  [BrowserSelenium] (initElements) -> CSS set to field: 
13:34:56,462 INFO  [BrowserSelenium] (initElements) -> XPath set to field: //*[@id='orderChangeStatusesTable']/tbody/tr[2]/td[5]/a/img
13:34:56,462 INFO  [BrowserSelenium] (initElements) -> ID set to field: 
13:34:56,462 INFO  [BrowserSelenium] (initElements) -> Name set to field: 
13:34:56,462 INFO  [BrowserSelenium] (initElements) -> CSS set to field: 
13:34:56,462 INFO  [BrowserSelenium] (initElements) -> XPath set to field: //*[@id='orderChangeStatusesTable']/tbody/tr[3]/td[5]/a/img
13:34:56,462 INFO  [BrowserSelenium] (initElements) -> ID set to field: 
13:34:56,462 INFO  [BrowserSelenium] (initElements) -> Name set to field: 
13:34:56,462 INFO  [BrowserSelenium] (initElements) -> CSS set to field: 
13:34:56,462 INFO  [BrowserSelenium] (initElements) -> XPath set to field: //*[@id='column1']/div/table/thead/tr/th[2]
13:34:56,462 INFO  [BrowserSelenium] (initElements) -> ID set to field: 
13:34:56,462 INFO  [BrowserSelenium] (initElements) -> Name set to field: 
13:34:56,462 INFO  [BrowserSelenium] (initElements) -> CSS set to field: 
13:34:56,462 INFO  [BrowserSelenium] (initElements) -> XPath set to field: //*[@id='CUSTOMER']/strong
13:34:56,462 INFO  [BrowserSelenium] (initElements) -> ID set to field: 
13:34:56,462 INFO  [BrowserSelenium] (initElements) -> Name set to field: 
13:34:56,472 INFO  [BrowserSelenium] (initElements) -> CSS set to field: 
13:34:56,472 INFO  [BrowserSelenium] (initElements) -> XPath set to field: //*[@id='column1']/div[1]/table/thead/tr/th
13:34:56,472 INFO  [BrowserSelenium] (initElements) -> ID set to field: 
13:34:56,472 INFO  [BrowserSelenium] (initElements) -> Name set to field: 
13:34:56,472 INFO  [BrowserSelenium] (initElements) -> CSS set to field: 
13:34:56,472 INFO  [BrowserSelenium] (initElements) -> XPath set to field: //*[@id='metaField.name']
13:34:56,472 INFO  [BrowserSelenium] (initElements) -> ID set to field: 
13:34:56,472 INFO  [BrowserSelenium] (initElements) -> Name set to field: 
13:34:56,472 INFO  [BrowserSelenium] (initElements) -> CSS set to field: 
13:34:56,472 INFO  [BrowserSelenium] (initElements) -> XPath set to field: //*[@id='metaField.dataType']
13:34:56,472 INFO  [BrowserSelenium] (initElements) -> ID set to field: 
13:34:56,472 INFO  [BrowserSelenium] (initElements) -> Name set to field: 
13:34:56,472 INFO  [BrowserSelenium] (initElements) -> CSS set to field: 
13:34:56,472 INFO  [BrowserSelenium] (initElements) -> XPath set to field: //*[@id='mandatoryCheck']
13:34:56,472 INFO  [BrowserSelenium] (initElements) -> ID set to field: 
13:34:56,472 INFO  [BrowserSelenium] (initElements) -> Name set to field: 
13:34:56,472 INFO  [BrowserSelenium] (initElements) -> CSS set to field: 
13:34:56,472 INFO  [BrowserSelenium] (initElements) -> XPath set to field: //*[@class='table-box']//strong[contains(text(),'Salary')]
13:34:56,472 INFO  [BrowserSelenium] (initElements) -> ID set to field: 
13:34:56,472 INFO  [BrowserSelenium] (initElements) -> Name set to field: 
13:34:56,472 INFO  [BrowserSelenium] (initElements) -> CSS set to field: 
13:34:56,472 INFO  [BrowserSelenium] (initElements) -> XPath set to field: (//button[@type='button'])[3]
13:34:56,472 INFO  [BrowserSelenium] (initElements) -> ID set to field: 
13:34:56,472 INFO  [BrowserSelenium] (initElements) -> Name set to field: 
13:34:56,472 INFO  [BrowserSelenium] (initElements) -> CSS set to field: 
13:34:56,472 INFO  [BrowserSelenium] (initElements) -> XPath set to field: //a[contains(text(),'Payment Method')]
13:34:56,472 INFO  [BrowserSelenium] (initElements) -> ID set to field: 
13:34:56,472 INFO  [BrowserSelenium] (initElements) -> Name set to field: 
13:34:56,472 INFO  [BrowserSelenium] (initElements) -> CSS set to field: 
13:34:56,472 INFO  [BrowserSelenium] (initElements) -> XPath set to field: //a[contains(text(),'Account Type')]
13:34:56,472 INFO  [BrowserSelenium] (initElements) -> ID set to field: 
13:34:56,472 INFO  [BrowserSelenium] (initElements) -> Name set to field: 
13:34:56,472 INFO  [BrowserSelenium] (initElements) -> CSS set to field: 
13:34:56,472 INFO  [BrowserSelenium] (initElements) -> XPath set to field: //div[@id='left-column']/div/ul//li//a[contains(text(),'Account Type')]
13:34:56,472 INFO  [BrowserSelenium] (initElements) -> ID set to field: 
13:34:56,472 INFO  [BrowserSelenium] (initElements) -> Name set to field: 
13:34:56,472 INFO  [BrowserSelenium] (initElements) -> CSS set to field: 
13:34:56,472 INFO  [BrowserSelenium] (initElements) -> XPath set to field: //div[@id='messages']/div[@class='msg-box error']/strong
13:34:56,472 INFO  [BrowserSelenium] (initElements) -> ID set to field: 
13:34:56,472 INFO  [BrowserSelenium] (initElements) -> Name set to field: 
13:34:56,472 INFO  [BrowserSelenium] (initElements) -> CSS set to field: 
13:34:56,472 INFO  [BrowserSelenium] (initElements) -> XPath set to field: //div[@id='messages']/div[@class='msg-box error']/ul/li
13:34:56,472 INFO  [BrowserSelenium] (initElements) -> ID set to field: 
13:34:56,472 INFO  [BrowserSelenium] (initElements) -> Name set to field: 
13:34:56,472 INFO  [BrowserSelenium] (initElements) -> CSS set to field: 
13:34:56,472 INFO  [BrowserSelenium] (initElements) -> XPath set to field: //a[contains(.,'Order Statuses')]
13:34:56,472 INFO  [BrowserSelenium] (initElements) -> ID set to field: 
13:34:56,472 INFO  [BrowserSelenium] (initElements) -> Name set to field: 
13:34:56,472 INFO  [BrowserSelenium] (initElements) -> CSS set to field: 
13:34:56,472 INFO  [BrowserSelenium] (initElements) -> XPath set to field: //a[contains(.,'INVOICE')]
13:34:56,472 INFO  [BrowserSelenium] (initElements) -> ID set to field: 
13:34:56,472 INFO  [BrowserSelenium] (initElements) -> Name set to field: 
13:34:56,472 INFO  [BrowserSelenium] (initElements) -> CSS set to field: 
13:34:56,472 INFO  [BrowserSelenium] (initElements) -> XPath set to field: //a[contains(.,'FINISHED')]
13:34:56,472 INFO  [BrowserSelenium] (initElements) -> ID set to field: 
13:34:56,472 INFO  [BrowserSelenium] (initElements) -> Name set to field: 
13:34:56,472 INFO  [BrowserSelenium] (initElements) -> CSS set to field: 
13:34:56,472 INFO  [BrowserSelenium] (initElements) -> XPath set to field: //a[contains(.,'NOT_INVOICE')]
13:34:56,472 INFO  [BrowserSelenium] (initElements) -> ID set to field: 
13:34:56,472 INFO  [BrowserSelenium] (initElements) -> Name set to field: 
13:34:56,472 INFO  [BrowserSelenium] (initElements) -> CSS set to field: 
13:34:56,472 INFO  [BrowserSelenium] (initElements) -> XPath set to field: //a[contains(.,'SUSPENDED_AGEING')]
13:34:56,482 INFO  [BrowserSelenium] (initElements) -> ID set to field: 
13:34:56,482 INFO  [BrowserSelenium] (initElements) -> Name set to field: 
13:34:56,482 INFO  [BrowserSelenium] (initElements) -> CSS set to field: 
13:34:56,482 INFO  [BrowserSelenium] (initElements) -> XPath set to field: //a[contains(.,'Active')]
13:34:56,482 INFO  [BrowserSelenium] (initElements) -> ID set to field: 
13:34:56,483 INFO  [BrowserSelenium] (initElements) -> Name set to field: 
13:34:56,483 INFO  [BrowserSelenium] (initElements) -> CSS set to field: 
13:34:56,483 INFO  [BrowserSelenium] (initElements) -> XPath set to field: //a[contains(.,'Finished')]
13:34:56,483 INFO  [BrowserSelenium] (initElements) -> ID set to field: 
13:34:56,483 INFO  [BrowserSelenium] (initElements) -> Name set to field: 
13:34:56,483 INFO  [BrowserSelenium] (initElements) -> CSS set to field: 
13:34:56,484 INFO  [BrowserSelenium] (initElements) -> XPath set to field: //a[contains(.,'Suspended')]
13:34:56,484 INFO  [BrowserSelenium] (initElements) -> ID set to field: 
13:34:56,484 INFO  [BrowserSelenium] (initElements) -> Name set to field: 
13:34:56,484 INFO  [BrowserSelenium] (initElements) -> CSS set to field: 
13:34:56,484 INFO  [BrowserSelenium] (initElements) -> XPath set to field: //a[contains(.,'Suspended ageing(auto)')]
13:34:56,484 INFO  [BrowserSelenium] (initElements) -> ID set to field: 
13:34:56,485 INFO  [BrowserSelenium] (initElements) -> Name set to field: 
13:34:56,485 INFO  [BrowserSelenium] (initElements) -> CSS set to field: 
13:34:56,485 INFO  [BrowserSelenium] (initElements) -> XPath set to field: //input[@id='description']
13:34:56,485 INFO  [BrowserSelenium] (initElements) -> ID set to field: 
13:34:56,485 INFO  [BrowserSelenium] (initElements) -> Name set to field: 
13:34:56,485 INFO  [BrowserSelenium] (initElements) -> CSS set to field: 
13:34:56,486 INFO  [BrowserSelenium] (initElements) -> XPath set to field: //select[contains(@id,'orderStatusFlag')]
13:34:56,486 INFO  [BrowserSelenium] (initElements) -> ID set to field: 
13:34:56,486 INFO  [BrowserSelenium] (initElements) -> Name set to field: 
13:34:56,486 INFO  [BrowserSelenium] (initElements) -> CSS set to field: 
13:34:56,486 INFO  [BrowserSelenium] (initElements) -> XPath set to field: //div[@id='error-messages']/ul/li
13:34:56,486 INFO  [BrowserSelenium] (initElements) -> ID set to field: 
13:34:56,486 INFO  [BrowserSelenium] (initElements) -> Name set to field: 
13:34:56,487 INFO  [BrowserSelenium] (initElements) -> CSS set to field: 
13:34:56,487 INFO  [BrowserSelenium] (initElements) -> XPath set to field: //div[@id='messages']//div[@class='msg-box error'][1]/ul/li
13:34:56,487 INFO  [BrowserSelenium] (initElements) -> ID set to field: 
13:34:56,487 INFO  [BrowserSelenium] (initElements) -> Name set to field: 
13:34:56,487 INFO  [BrowserSelenium] (initElements) -> CSS set to field: 
13:34:56,487 INFO  [BrowserSelenium] (initElements) -> XPath set to field: //div[@id='error-messages']/ul/li[1]
13:34:56,488 INFO  [BrowserSelenium] (initElements) -> ID set to field: 
13:34:56,488 INFO  [BrowserSelenium] (initElements) -> Name set to field: 
13:34:56,488 INFO  [BrowserSelenium] (initElements) -> CSS set to field: 
13:34:56,488 INFO  [BrowserSelenium] (initElements) -> XPath set to field: //div[@id='error-messages']/ul/li[2]
13:34:56,488 INFO  [BrowserSelenium] (initElements) -> ID set to field: name
13:34:56,488 INFO  [BrowserSelenium] (initElements) -> Name set to field: 
13:34:56,489 INFO  [BrowserSelenium] (initElements) -> CSS set to field: 
13:34:56,489 INFO  [BrowserSelenium] (initElements) -> XPath set to field: 
13:34:56,489 INFO  [BrowserSelenium] (initElements) -> ID set to field: usagePool.names[0].content
13:34:56,489 INFO  [BrowserSelenium] (initElements) -> Name set to field: 
13:34:56,489 INFO  [BrowserSelenium] (initElements) -> CSS set to field: 
13:34:56,489 INFO  [BrowserSelenium] (initElements) -> XPath set to field: 
13:34:56,490 INFO  [BrowserSelenium] (initElements) -> ID set to field: usagePool.cyclePeriodValue
13:34:56,490 INFO  [BrowserSelenium] (initElements) -> Name set to field: 
13:34:56,490 INFO  [BrowserSelenium] (initElements) -> CSS set to field: 
13:34:56,490 INFO  [BrowserSelenium] (initElements) -> XPath set to field: 
13:34:56,490 INFO  [BrowserSelenium] (initElements) -> ID set to field: usagePool.quantity
13:34:56,490 INFO  [BrowserSelenium] (initElements) -> Name set to field: 
13:34:56,491 INFO  [BrowserSelenium] (initElements) -> CSS set to field: 
13:34:56,491 INFO  [BrowserSelenium] (initElements) -> XPath set to field: 
13:34:56,491 INFO  [BrowserSelenium] (initElements) -> ID set to field: usagePool.consumptionActions.1.percentage
13:34:56,491 INFO  [BrowserSelenium] (initElements) -> Name set to field: 
13:34:56,491 INFO  [BrowserSelenium] (initElements) -> CSS set to field: 
13:34:56,491 INFO  [BrowserSelenium] (initElements) -> XPath set to field: 
13:34:56,491 INFO  [BrowserSelenium] (initElements) -> ID set to field: usagePool.consumptionActions.2.percentage
13:34:56,492 INFO  [BrowserSelenium] (initElements) -> Name set to field: 
13:34:56,492 INFO  [BrowserSelenium] (initElements) -> CSS set to field: 
13:34:56,492 INFO  [BrowserSelenium] (initElements) -> XPath set to field: 
13:34:56,492 INFO  [BrowserSelenium] (initElements) -> ID set to field: usagePool.consumptionActions.2.productId
13:34:56,492 INFO  [BrowserSelenium] (initElements) -> Name set to field: 
13:34:56,492 INFO  [BrowserSelenium] (initElements) -> CSS set to field: 
13:34:56,493 INFO  [BrowserSelenium] (initElements) -> XPath set to field: 
13:34:56,493 INFO  [BrowserSelenium] (initElements) -> ID set to field: 
13:34:56,493 INFO  [BrowserSelenium] (initElements) -> Name set to field: 
13:34:56,493 INFO  [BrowserSelenium] (initElements) -> CSS set to field: 
13:34:56,493 INFO  [BrowserSelenium] (initElements) -> XPath set to field: //input[contains(@id,'.value')]
13:34:56,493 INFO  [BrowserSelenium] (initElements) -> ID set to field: 
13:34:56,494 INFO  [BrowserSelenium] (initElements) -> Name set to field: 
13:34:56,494 INFO  [BrowserSelenium] (initElements) -> CSS set to field: 
13:34:56,494 INFO  [BrowserSelenium] (initElements) -> XPath set to field: //label[text()='1']/..//input[contains(@id,'.value')]
13:34:56,494 INFO  [BrowserSelenium] (initElements) -> ID set to field: 
13:34:56,494 INFO  [BrowserSelenium] (initElements) -> Name set to field: 
13:34:56,494 INFO  [BrowserSelenium] (initElements) -> CSS set to field: 
13:34:56,495 INFO  [BrowserSelenium] (initElements) -> XPath set to field: //table[@id='enumerations']/tbody/tr/td//strong
13:34:56,495 INFO  [BrowserSelenium] (initElements) -> ID set to field: 
13:34:56,495 INFO  [BrowserSelenium] (initElements) -> Name set to field: 
13:34:56,495 INFO  [BrowserSelenium] (initElements) -> CSS set to field: 
13:34:56,495 INFO  [BrowserSelenium] (initElements) -> XPath set to field: //img[@alt='Add more values']
13:34:56,495 INFO  [BrowserSelenium] (initElements) -> ID set to field: 
13:34:56,496 INFO  [BrowserSelenium] (initElements) -> Name set to field: 
13:34:56,496 INFO  [BrowserSelenium] (initElements) -> CSS set to field: 
13:34:56,496 INFO  [BrowserSelenium] (initElements) -> XPath set to field: //img[@alt='remove this value']
13:34:56,496 INFO  [BrowserSelenium] (initElements) -> ID set to field: 
13:34:56,496 INFO  [BrowserSelenium] (initElements) -> Name set to field: 
13:34:56,496 INFO  [BrowserSelenium] (initElements) -> CSS set to field: 
13:34:56,497 INFO  [BrowserSelenium] (initElements) -> XPath set to field: //span[@id='mandatory-meta-field']/../following::input[1]
13:34:56,497 INFO  [BrowserSelenium] (initElements) -> ID set to field: 
13:34:56,497 INFO  [BrowserSelenium] (initElements) -> Name set to field: 
13:34:56,497 INFO  [BrowserSelenium] (initElements) -> CSS set to field: 
13:34:56,497 INFO  [BrowserSelenium] (initElements) -> XPath set to field: //label[text()='MetaField Type']/following::select[1]
13:34:56,497 INFO  [BrowserSelenium] (initElements) -> ID set to field: 
13:34:56,498 INFO  [BrowserSelenium] (initElements) -> Name set to field: 
13:34:56,498 INFO  [BrowserSelenium] (initElements) -> CSS set to field: 
13:34:56,498 INFO  [BrowserSelenium] (initElements) -> XPath set to field: //a[contains(text(),'Meta Fields')]
13:34:56,498 INFO  [BrowserSelenium] (initElements) -> ID set to field: 
13:34:56,498 INFO  [BrowserSelenium] (initElements) -> Name set to field: 
13:34:56,498 INFO  [BrowserSelenium] (initElements) -> CSS set to field: 
13:34:56,498 INFO  [BrowserSelenium] (initElements) -> XPath set to field: //div[@class='table-box']/table/tbody/tr/td/a/strong
13:34:56,499 INFO  [BrowserSelenium] (initElements) -> ID set to field: 
13:34:56,499 INFO  [BrowserSelenium] (initElements) -> Name set to field: 
13:34:56,499 INFO  [BrowserSelenium] (initElements) -> CSS set to field: 
13:34:56,499 INFO  [BrowserSelenium] (initElements) -> XPath set to field: //ul[@id='metafield-ait']/form[1]//span[text()='Not Mandatory']
13:34:56,499 INFO  [BrowserSelenium] EXIT --> (initElements)
13:34:56,499 INFO  [VerifyUserAbleGetMandatoryFieldMessageForAccountType] EXIT --> (TC11_2_VerifyMandatoryFieldMessageForAccountType)
]]></system-out>
  <system-err><![CDATA[]]></system-err>
</testsuite>
